184.885 128 31.2 318.563
183.911 128.2 31.2 308.722
182.935 128.4 31.2 275.876
181.957 128.6 31.2 248.216
180.979 128.8 31.2 254.738
180 129 31.2 279.332
179.021 129.2 31.2 274.654
178.043 129.4 31.2 263.474
177.065 129.6 31.2 253.913
176.089 129.8 31.2 256.381
175.115 130 31.2 249.816
192.776 126.4 31.4 316.526
191.817 126.6 31.4 321.695
190.852 126.8 31.4 323.557
189.882 127 31.4 317.883
188.908 127.2 31.4 321.503
187.929 127.4 31.4 329.398
186.946 127.6 31.4 332.418
185.96 127.8 31.4 324.589
184.972 128 31.4 324.941
183.98 128.2 31.4 314.083
182.987 128.4 31.4 284.906
181.992 128.6 31.4 260.777
180.996 128.8 31.4 263.784
180 129 31.4 278.986
179.004 129.2 31.4 277.831
178.008 129.4 31.4 269.214
177.013 129.6 31.4 261.033
176.02 129.8 31.4 259.433
175.028 130 31.4 256.774
174.04 130.2 31.4 263.157
173.054 130.4 31.4 293.47
172.071 130.6 31.4 343.413
171.092 130.8 31.4 406.833
170.118 131 31.4 483.508
169.148 131.2 31.4 542.795
168.183 131.4 31.4 550.488
167.224 131.6 31.4 505.117
197.777 125.4 31.6 317.898
196.837 125.6 31.6 311.319
195.889 125.8 31.6 306.491
194.933 126 31.6 316.295
193.971 126.2 31.6 316.678
193.002 126.4 31.6 321.138
192.027 126.6 31.6 325.933
191.046 126.8 31.6 330.369
190.059 127 31.6 323.37
189.068 127.2 31.6 328.022
188.072 127.4 31.6 334.104
187.072 127.6 31.6 334.891
186.068 127.8 31.6 324.912
185.062 128 31.6 333.099
184.052 128.2 31.6 324.072
183.041 128.4 31.6 293.213
182.028 128.6 31.6 267.317
181.014 128.8 31.6 271.321
180 129 31.6 284.908
178.986 129.2 31.6 283.628
177.972 129.4 31.6 275.82
176.959 129.6 31.6 267.967
175.948 129.8 31.6 266.838
174.938 130 31.6 266.633
173.932 130.2 31.6 273.015
172.928 130.4 31.6 310.836
171.928 130.6 31.6 367.811
170.932 130.8 31.6 431.719
169.941 131 31.6 508.893
168.954 131.2 31.6 554.679
167.973 131.4 31.6 545.992
166.998 131.6 31.6 491.329
166.029 131.8 31.6 397.013
165.067 132 31.6 232.223
200.903 124.8 31.8 348.506
199.974 125 31.8 338.698
199.036 125.2 31.8 331.216
198.089 125.4 31.8 326.527
197.134 125.6 31.8 321.506
196.171 125.8 31.8 310.309
195.2 126 31.8 318.619
194.222 126.2 31.8 320.66
193.236 126.4 31.8 327.664
192.245 126.6 31.8 334.886
167.755 131.4 31.8 540.2
166.764 131.6 31.8 478.495
165.778 131.8 31.8 393.634
164.8 132 31.8 230.799
204.942 124 32 406.731
204.039 124.2 32 389.033
203.126 124.4 32 379.066
202.203 124.6 32 368.137
201.27 124.8 32 351.609
200.327 125 32 340.817
199.375 125.2 32 335.902
198.413 125.4 32 334.428
197.443 125.6 32 330.888
207.171 123.6 32.2 408.514
206.278 123.8 32.2 416.987
205.374 124 32.2 422.751
204.46 124.2 32.2 405.564
203.534 124.4 32.2 392.28
202.598 124.6 32.2 378.434
201.651 124.8 32.2 360.934
210.283 123 32.4 384.153
209.414 123.2 32.4 393.14
208.534 123.4 32.4 402.967
207.642 123.6 32.4 412.447
206.738 123.8 32.4 421.025
205.823 124 32.4 427.347
204.896 124.2 32.4 418.305
212.52 122.6 32.6 338.172
211.668 122.8 32.6 369.118
210.802 123 32.6 387.327
209.924 123.2 32.6 396.857
209.034 123.4 32.6 406.777
208.131 123.6 32.6 415.371
214.759 122.2 32.8 299.227
213.924 122.4 32.8 304.539
213.076 122.6 32.8 320.428
212.215 122.8 32.8 355.548
211.341 123 32.8 380.6
210.453 123.2 32.8 397.4
216.995 121.8 33 325.111
216.18 122 33 329.507
215.351 122.2 33 318.081
214.508 122.4 33 309.941
213.652 122.6 33 314.418
219.221 121.4 33.2 354.126
218.427 121.6 33.2 321.04
217.62 121.8 33.2 323.154
216.798 122 33.2 326.389
215.962 122.2 33.2 325.339
220.663 121.2 33.4 461.313
219.878 121.4 33.4 400.879
219.079 121.6 33.4 353.998
218.266 121.8 33.4 334.836
222.88 120.8 33.6 511.277
222.119 121 33.6 514.182
221.345 121.2 33.6 491.301
220.556 121.4 33.6 438.632
219.752 121.6 33.6 384.317
224.339 120.6 33.8 461.263
223.591 120.8 33.8 487.748
222.828 121 33.8 497.96
222.05 121.2 33.8 496.608
226.533 120.2 34 321.225
225.811 120.4 34 374.231
225.075 120.6 34 428.83
224.324 120.8 34 467.65
228.001 120 34.2 300.997
227.293 120.2 34.2 304.662
226.571 120.4 34.2 340.952
225.834 120.6 34.2 385.838
229.478 119.8 34.4 313.657
228.785 120 34.4 312.612
228.077 120.2 34.4 310.417
227.354 120.4 34.4 326.289
231.625 119.4 34.6 303.215
230.962 119.6 34.6 311.051
230.284 119.8 34.6 321.657
229.591 120 34.6 324.853
233.098 119.2 34.8 303.376
232.45 119.4 34.8 307.48
231.789 119.6 34.8 312.33
231.113 119.8 34.8 322.023
234.573 119 35 312.607
233.942 119.2 35 316.199
233.298 119.4 35 316.303
232.639 119.6 35 318.044
236.049 118.8 35.2 321.048
235.436 119 35.2 324.516
234.81 119.2 35.2 328.411
234.169 119.4 35.2 327.14
237.525 118.6 35.4 324.72
236.931 118.8 35.4 328.595
236.323 119 35.4 333.375
235.701 119.2 35.4 337.907
238.999 118.4 35.6 325.718
238.424 118.6 35.6 330.628
237.835 118.8 35.6 335.55
237.233 119 35.6 341.548
240.47 118.2 35.8 321.258
239.914 118.4 35.8 328.806
239.345 118.6 35.8 336.411
238.763 118.8 35.8 345.325
241.936 118 36 321.563
241.4 118.2 36 326.776
240.851 118.4 36 334.082
240.289 118.6 36 341.138
242.879 118 36.2 330.409
242.351 118.2 36.2 338.671
241.81 118.4 36.2 344.633
244.351 117.8 36.4 324.19
243.844 118 36.4 333.16
243.324 118.2 36.4 343.849
245.814 117.6 36.6 321.042
245.328 117.8 36.6 330.106
244.83 118 36.6 338.049
247.267 117.4 36.8 336.958
246.802 117.6 36.8 338.723
246.325 117.8 36.8 347.185
248.264 117.4 37 353.114
247.809 117.6 37 338.31
247.343 117.8 37 332.95
249.713 117.2 37.2 489.659
249.28 117.4 37.2 454.957
248.837 117.6 37.2 449.093
251.148 117 37.4 543.869
250.737 117.2 37.4 514.693
250.316 117.4 37.4 491.881
252.178 117 37.6 513.176
251.779 117.2 37.6 506.428
251.371 117.4 37.6 508.503
253.602 116.8 37.8 518.816
253.226 117 37.8 544.978
252.84 117.2 37.8 563.696
255.009 116.6 38 468.086
254.655 116.8 38 494.177
254.291 117 38 529.253
253.919 117.2 38 549.139
256.064 116.6 38.2 419.199
255.723 116.8 38.2 437.328
255.374 117 38.2 457.014
257.454 116.4 38.4 366.633
257.135 116.6 38.4 379.538
256.808 116.8 38.4 393.491
256.474 117 38.4 408.387
258.526 116.4 38.6 341.246
258.221 116.6 38.6 352.609
257.909 116.8 38.6 363.411
259.612 116.4 38.8 337.087
259.322 116.6 38.8 343.211
259.025 116.8 38.8 346.97
260.979 116.2 39 354.979
260.711 116.4 39 351.027
260.437 116.6 39 352.53
262.076 116.2 39.2 339.443
261.824 116.4 39.2 347.825
261.566 116.6 39.2 357.603
263.417 116 39.4 306.991
263.186 116.2 39.4 321.186
262.949 116.4 39.4 335.681
264.522 116 39.6 303.508
264.307 116.2 39.6 315.177
264.087 116.4 39.6 331.335
265.638 116 39.8 326.237
265.439 116.2 39.8 338.206
265.236 116.4 39.8 347.956
266.942 115.8 40 317.173
266.763 116 40 335.875
266.581 116.2 40 354.207
268.06 115.8 40.2 284.698
267.898 116 40.2 287.691
267.733 116.2 40.2 301.198
269.186 115.8 40.4 311.45
269.041 116 40.4 315.123
268.893 116.2 40.4 322.256
270.32 115.8 40.6 342.361
270.191 116 40.6 348.872
270.061 116.2 40.6 352.57
271.46 115.8 40.8 320.473
271.349 116 40.8 324.302
271.236 116.2 40.8 331.331
272.698 115.6 41 300.946
272.605 115.8 41 306.489
272.512 116 41 313.052
273.832 115.6 41.2 313.471
273.756 115.8 41.2 324.002
273.68 116 41.2 331.984
274.969 115.6 41.4 319.423
274.911 115.8 41.4 324.943
274.852 116 41.4 328.94
276.11 115.6 41.6 322.653
276.068 115.8 41.6 323.826
276.028 116 41.6 323.665
277.253 115.6 41.8 328.043
277.228 115.8 41.8 331.723
277.206 116 41.8 335.065
278.397 115.6 42 345.723
278.39 115.8 42 352.456
278.384 116 42 359.438
279.541 115.6 42.2 362.538
279.551 115.8 42.2 368.624
279.564 116 42.2 371.68
280.686 115.6 42.4 341.491
280.712 115.8 42.4 345.806
280.742 116 42.4 348.055
281.828 115.6 42.6 307.236
281.872 115.8 42.6 310.599
281.919 116 42.6 312.468
282.969 115.6 42.8 286.323
283.029 115.8 42.8 285.7
283.093 116 42.8 284.196
284.107 115.6 43 305.167
284.183 115.8 43 308.841
284.264 116 43 311.361
285.241 115.6 43.2 318.089
285.333 115.8 43.2 323.955
285.43 116 43.2 328.983
285.532 116.2 43.2 333.195
286.478 115.8 43.4 321.35
286.591 116 43.4 325.219
286.709 116.2 43.4 328.333
287.616 115.8 43.6 317.633
287.745 116 43.6 319.996
287.88 116.2 43.6 321.659
288.748 115.8 43.8 329.739
288.892 116 43.8 332.794
289.043 116.2 43.8 333.371
289.873 115.8 44 348.901
290.032 116 44 357.367
290.197 116.2 44 354.708
291.162 116 44.2 331.486
291.343 116.2 44.2 334.338
291.53 116.4 44.2 342.841
292.284 116 44.4 346.987
292.478 116.2 44.4 349.8
292.68 116.4 44.4 354.371
293.395 116 44.6 366.64
293.603 116.2 44.6 366.739
293.819 116.4 44.6 365.517
294.716 116.2 44.8 353.587
294.946 116.4 44.8 351.98
295.184 116.6 44.8 351.173
295.818 116.2 45 331.85
296.06 116.4 45 333.657
296.311 116.6 45 331.207
296.906 116.2 45.2 332.25
297.161 116.4 45.2 329.546
297.424 116.6 45.2 330.682
297.697 116.8 45.2 331.737
298.248 116.4 45.4 318.572
298.523 116.6 45.4 318.537
298.808 116.8 45.4 319.026
299.321 116.4 45.6 307.282
299.607 116.6 45.6 306.502
299.903 116.8 45.6 306.615
300.209 117 45.6 308.629
300.676 116.6 45.8 305.666
300.982 116.8 45.8 307.068
301.299 117 45.8 311.882
302.046 116.8 46 307.845
302.372 117 46 311.836
302.708 117.2 46 314.093
303.092 116.8 46.2 299.078
303.428 117 46.2 299.389
303.773 117.2 46.2 302.453
304.13 117.4 46.2 307.912
304.466 117 46.4 300.659
304.82 117.2 46.4 302.811
305.185 117.4 46.4 308.138
305.562 117.6 46.4 314.611
305.848 117.2 46.6 307.902
306.221 117.4 46.6 313.127
306.606 117.6 46.6 320.625
306.858 117.2 46.8 313.993
307.238 117.4 46.8 320.487
307.629 117.6 46.8 326.833
308.032 117.8 46.8 332.824
308.236 117.4 47 335.145
308.633 117.6 47 343.974
309.042 117.8 47 352.024
309.462 118 47 363.452
309.617 117.6 47.2 361.569
310.031 117.8 47.2 370.598
310.457 118 47.2 379.594
310.895 118.2 47.2 389.867
311 117.8 47.4 385.967
311.431 118 47.4 392.567
311.873 118.2 47.4 399.079
312.327 118.4 47.4 402.873
312.383 118 47.6 400.47
312.829 118.2 47.6 403.473
313.286 118.4 47.6 404.575
313.756 118.6 47.6 404.805
313.763 118.2 47.8 402.271
314.224 118.4 47.8 399.444
314.696 118.6 47.8 396.316
315.18 118.8 47.8 393.295
315.139 118.4 48 388.098
315.614 118.6 48 382.406
316.1 118.8 48 378.193
316.597 119 48 375.96
316.509 118.6 48.2 368.643
316.996 118.8 48.2 364.535
317.495 119 48.2 362.859
318.006 119.2 48.2 362.025
318.528 119.4 48.2 362.262
318.37 119 48.4 354.643
318.88 119.2 48.4 355.755
319.403 119.4 48.4 356.385
319.937 119.6 48.4 356.539
319.732 119.2 48.6 350.761
320.254 119.4 48.6 350.563
320.787 119.6 48.6 349.983
321.332 119.8 48.6 347.158
321.889 120 48.6 345.753
321.082 119.4 48.8 341.361
321.613 119.6 48.8 339.568
322.156 119.8 48.8 336.452
322.71 120 48.8 336.122
323.276 120.2 48.8 336.415
322.957 119.8 49 327.045
323.508 120 49 329.211
324.071 120.2 49 333.81
324.645 120.4 49 341.903
325.231 120.6 49 351.761
324.284 120 49.2 332.638
324.843 120.2 49.2 339.675
325.412 120.4 49.2 347.872
325.994 120.6 49.2 359.589
326.586 120.8 49.2 371.716
327.189 121 49.2 388.985
326.157 120.4 49.4 352.529
326.733 120.6 49.4 367.253
327.32 120.8 49.4 384.845
327.918 121 49.4 405.366
328.526 121.2 49.4 428.153
329.146 121.4 49.4 443.605
328.032 120.8 49.6 400.269
328.623 121 49.6 420.888
329.225 121.2 49.6 439.132
329.838 121.4 49.6 445.016
330.461 121.6 49.6 444.595
331.095 121.8 49.6 435.934
329.902 121.2 49.8 442.294
330.507 121.4 49.8 437.439
331.123 121.6 49.8 428.305
331.748 121.8 49.8 420.291
332.384 122 49.8 411.799
333.029 122.2 49.8 406.553
331.763 121.6 50 414.303
332.38 121.8 50 410.453
333.007 122 50 406.828
333.643 122.2 50 399.631
334.289 122.4 50 388.607
334.945 122.6 50 377.495
335.61 122.8 50 364.694
334.236 122.2 50.2 383.936
334.872 122.4 50.2 373.267
335.518 122.6 50.2 362.019
336.172 122.8 50.2 352.823
336.835 123 50.2 351.957
337.508 123.2 50.2 347.585
338.189 123.4 50.2 342.613
336.715 122.8 50.4 346.042
337.367 123 50.4 343.643
338.027 123.2 50.4 337.373
338.696 123.4 50.4 331.495
339.373 123.6 50.4 326.6
340.059 123.8 50.4 322.958
340.752 124 50.4 320.042
341.453 124.2 50.4 317.036
339.186 123.4 50.6 320.551
339.851 123.6 50.6 316.456
340.523 123.8 50.6 312.866
341.203 124 50.6 309.234
341.89 124.2 50.6 305.962
342.585 124.4 50.6 300.479
343.286 124.6 50.6 296.127
343.995 124.8 50.6 296.022
344.71 125 50.6 294.679
341.638 124 50.8 299.24
342.311 124.2 50.8 295.152
342.992 124.4 50.8 290.374
343.679 124.6 50.8 287.762
344.373 124.8 50.8 290.189
345.073 125 50.8 288.755
345.779 125.2 50.8 290.031
346.491 125.4 50.8 293.729
347.209 125.6 50.8 298.84
347.932 125.8 50.8 303.587
348.66 126 50.8 311.458
349.393 126.2 50.8 313.582
10.6069 131.8 50.8 568.981
11.34 132 50.8 495.15
344.738 124.8 51 282.254
345.423 125 51 281.73
346.114 125.2 51 282.487
346.811 125.4 51 286.647
347.513 125.6 51 291.744
348.22 125.8 51 296.993
348.932 126 51 303.24
349.648 126.2 51 305.299
350.369 126.4 51 303.306
351.093 126.6 51 300.742
351.822 126.8 51 303.029
352.554 127 51 298.911
353.289 127.2 51 294.082
354.028 127.4 51 294.287
354.768 127.6 51 295.913
355.511 127.8 51 296.343
356.256 128 51 292.551
357.003 128.2 51 283.791
357.751 128.4 51 273.429
358.5 128.6 51 265.312
359.25 128.8 51 262.504
0 129 51 266.936
0.750035 129.2 51 271.91
1.49974 129.4 51 266.853
2.24877 129.6 51 256.238
2.9968 129.8 51 244.93
3.74351 130 51 241.874
4.48857 130.2 51 240.504
5.23165 130.4 51 252.178
5.97243 130.6 51 279.726
6.71061 130.8 51 324.557
7.44589 131 51 373.982
8.17795 131.2 51 424.634
8.90651 131.4 51 481.853
9.63129 131.6 51 528.414
10.352 131.8 51 554.648
11.0684 132 51 482.163
