184.727 127.6 25.8 189.127
184.053 127.8 25.8 197.082
183.379 128 25.8 192.948
182.704 128.2 25.8 192.531
182.028 128.4 25.8 198.533
181.353 128.6 25.8 201.209
180.676 128.8 25.8 189.999
180 129 25.8 179.672
179.324 129.2 25.8 171.575
178.647 129.4 25.8 158.294
177.972 129.6 25.8 145.815
177.296 129.8 25.8 140.201
176.621 130 25.8 142.586
175.947 130.2 25.8 139.667
175.273 130.4 25.8 130.155
190.843 125.8 26 205.227
190.176 126 26 198.215
189.507 126.2 26 178.557
188.837 126.4 26 187.264
188.164 126.6 26 205.375
187.49 126.8 26 216.557
186.814 127 26 212.678
186.137 127.2 26 204.297
185.458 127.4 26 197.415
184.778 127.6 26 195.049
184.098 127.8 26 201.952
183.416 128 26 196.51
182.734 128.2 26 193.079
182.051 128.4 26 199.116
181.367 128.6 26 202.567
180.684 128.8 26 190.835
180 129 26 180.584
179.316 129.2 26 175.889
178.633 129.4 26 162.885
177.949 129.6 26 149.658
177.266 129.8 26 142.367
176.584 130 26 146.683
175.902 130.2 26 144.337
175.222 130.4 26 132.362
174.542 130.6 26 119.009
173.863 130.8 26 113.337
173.186 131 26 114.316
172.51 131.2 26 104.864
171.836 131.4 26 114.318
171.163 131.6 26 138.669
170.493 131.8 26 177.538
169.824 132 26 246.469
194.952 124.6 26.2 195.215
194.294 124.8 26.2 213.485
193.633 125 26.2 222.344
192.969 125.2 26.2 224.695
192.302 125.4 26.2 225.908
191.633 125.6 26.2 222.627
190.962 125.8 26.2 211.898
190.288 126 26.2 203.734
189.612 126.2 26.2 182.869
188.934 126.4 26.2 190.044
188.254 126.6 26.2 207.25
187.573 126.8 26.2 218.795
186.89 127 26.2 217.218
186.205 127.2 26.2 208.846
185.519 127.4 26.2 204.595
184.832 127.6 26.2 203.744
184.143 127.8 26.2 206.397
183.454 128 26.2 202.024
182.764 128.2 26.2 196.433
182.074 128.4 26.2 199.511
181.383 128.6 26.2 201.334
180.691 128.8 26.2 192.254
180 129 26.2 182.327
179.309 129.2 26.2 178.937
178.617 129.4 26.2 166.741
177.926 129.6 26.2 153.846
177.236 129.8 26.2 146.559
176.546 130 26.2 152.623
175.857 130.2 26.2 149.782
175.168 130.4 26.2 134.467
174.481 130.6 26.2 118.159
173.795 130.8 26.2 111.488
173.11 131 26.2 111.891
172.427 131.2 26.2 107.823
171.746 131.4 26.2 117.083
171.066 131.6 26.2 140.996
170.388 131.8 26.2 181.404
169.712 132 26.2 263.821
197.742 123.8 26.4 195.564
197.09 124 26.4 181.12
196.435 124.2 26.4 181.147
195.777 124.4 26.4 184.882
195.115 124.6 26.4 194.48
194.45 124.8 26.4 211.981
193.782 125 26.4 222.455
193.112 125.2 26.4 227.159
192.438 125.4 26.4 229.55
191.762 125.6 26.4 227.066
191.084 125.8 26.4 217.322
190.403 126 26.4 206.276
169.597 132 26.4 270.7
200.531 123 26.6 212.546
199.888 123.2 26.6 229.322
199.241 123.4 26.6 221.983
198.59 123.6 26.6 207.323
197.936 123.8 26.6 200.526
197.277 124 26.6 182.881
196.616 124.2 26.6 184.377
195.951 124.4 26.6 184.777
195.282 124.6 26.6 191.649
194.611 124.8 26.6 212.493
202.677 122.4 26.8 235.839
202.04 122.6 26.8 217.148
201.399 122.8 26.8 219.458
200.754 123 26.8 211.904
200.105 123.2 26.8 233.007
199.452 123.4 26.8 226.629
198.795 123.6 26.8 212.541
198.134 123.8 26.8 207.851
204.822 121.8 27 277.546
204.193 122 27 241.968
203.56 122.2 27 256.772
202.922 122.4 27 241.934
202.28 122.6 27 223.981
201.633 122.8 27 227.524
200.982 123 27 211.881
206.964 121.2 27.2 238.151
206.344 121.4 27.2 248.244
205.72 121.6 27.2 255.563
205.09 121.8 27.2 280.08
204.456 122 27.2 256.438
203.817 122.2 27.2 263.641
203.174 122.4 27.2 248.715
209.097 120.6 27.4 193.833
208.487 120.8 27.4 205.547
207.873 121 27.4 214.398
207.254 121.2 27.4 235.754
206.629 121.4 27.4 246.66
205.999 121.6 27.4 256.329
205.365 121.8 27.4 274.202
210.619 120.2 27.6 183.398
210.016 120.4 27.6 188.588
209.407 120.6 27.6 195.504
208.794 120.8 27.6 207.107
208.175 121 27.6 215.731
207.55 121.2 27.6 237.854
212.144 119.8 27.8 175.924
211.548 120 27.8 181.761
210.946 120.2 27.8 186.915
210.338 120.4 27.8 191.866
209.725 120.6 27.8 198.659
213.67 119.4 28 172.432
213.081 119.6 28 174.937
212.486 119.8 28 177.109
211.886 120 28 182.153
211.28 120.2 28 188.326
215.195 119 28.2 171.8
214.614 119.2 28.2 172.612
214.028 119.4 28.2 174.622
213.435 119.6 28.2 177.735
212.836 119.8 28.2 181.35
216.719 118.6 28.4 194.592
216.146 118.8 28.4 190.227
215.568 119 28.4 179.625
214.984 119.2 28.4 176.412
214.393 119.4 28.4 177.348
218.238 118.2 28.6 101.003
217.675 118.4 28.6 144.186
217.106 118.6 28.6 191.034
216.53 118.8 28.6 198.072
215.949 119 28.6 184.838
219.752 117.8 28.8 226.463
219.199 118 28.8 119.64
218.639 118.2 28.8 82.0554
218.073 118.4 28.8 114.858
217.501 118.6 28.8 169.645
221.26 117.4 29 479.851
220.716 117.6 29 428.469
220.167 117.8 29 324.401
219.611 118 29 194.868
219.049 118.2 29 97.8091
222.226 117.2 29.2 420.374
221.687 117.4 29.2 476.597
221.142 117.6 29.2 484.5
220.59 117.8 29.2 410.207
223.727 116.8 29.4 137.788
223.199 117 29.4 193.994
222.664 117.2 29.4 308.199
222.124 117.4 29.4 412.07
221.576 117.6 29.4 481.084
224.701 116.6 29.6 137.22
224.177 116.8 29.6 122.495
223.648 117 29.6 126.094
223.112 117.2 29.6 198.528
226.191 116.2 29.8 137.598
225.679 116.4 29.8 139.964
225.161 116.6 29.8 144.338
224.637 116.8 29.8 148.52
227.168 116 30 147.692
226.662 116.2 30 142.677
226.15 116.4 30 142.42
225.631 116.6 30 145.281
228.644 115.6 30.2 152.179
228.15 115.8 30.2 152.421
227.65 116 30.2 149.741
227.143 116.2 30.2 146.637
229.623 115.4 30.4 153.744
229.135 115.6 30.4 154.981
228.641 115.8 30.4 155.277
228.141 116 30.4 153.128
230.605 115.2 30.6 155.332
230.124 115.4 30.6 156.658
229.636 115.6 30.6 158.454
229.142 115.8 30.6 159.756
231.59 115 30.8 161.424
231.116 115.2 30.8 160.263
230.635 115.4 30.8 160.82
233.039 114.6 31 157.293
232.577 114.8 31 162.776
232.11 115 31 164.916
231.635 115.2 31 164.41
234.021 114.4 31.2 157.654
233.566 114.6 31.2 159.374
233.106 114.8 31.2 164.479
232.639 115 31.2 167.308
235.004 114.2 31.4 163.341
234.557 114.4 31.4 162.862
234.103 114.6 31.4 163.303
233.644 114.8 31.4 165.746
235.988 114 31.6 172.041
235.548 114.2 31.6 171.397
235.102 114.4 31.6 170.182
234.65 114.6 31.6 169.014
236.972 113.8 31.8 179.751
236.54 114 31.8 181.189
236.102 114.2 31.8 180.921
235.658 114.4 31.8 179.465
237.957 113.6 32 184.519
237.532 113.8 32 183.585
237.102 114 32 187.614
238.941 113.4 32.2 197.944
238.524 113.6 32.2 195.926
238.102 113.8 32.2 191.175
239.924 113.2 32.4 200.589
239.516 113.4 32.4 202.557
239.101 113.6 32.4 203.911
240.906 113 32.6 192.343
240.506 113.2 32.6 196.669
240.1 113.4 32.6 202.374
241.886 112.8 32.8 186.164
241.494 113 32.8 189.65
241.097 113.2 32.8 191.753
242.864 112.6 33 175.292
242.481 112.8 33 183.48
242.092 113 33 190.111
241.698 113.2 33 191.59
243.84 112.4 33.2 168.77
243.465 112.6 33.2 172.801
243.085 112.8 33.2 177.74
242.699 113 33.2 184.19
244.812 112.2 33.4 163.162
244.447 112.4 33.4 167.876
244.075 112.6 33.4 172.308
243.699 112.8 33.4 176.228
245.425 112.2 33.6 161.275
245.063 112.4 33.6 166.765
244.695 112.6 33.6 172.16
246.4 112 33.8 155.098
246.047 112.2 33.8 159.093
245.688 112.4 33.8 163.953
247.371 111.8 34 150.304
247.027 112 34 152.619
246.677 112.2 34 156.704
248.338 111.6 34.2 147.006
248.003 111.8 34.2 148.977
247.662 112 34.2 150.974
249.3 111.4 34.4 137.63
248.974 111.6 34.4 146.674
248.643 111.8 34.4 150.506
248.307 112 34.4 153.174
249.941 111.4 34.6 126.845
249.619 111.6 34.6 143.279
249.292 111.8 34.6 148.788
250.902 111.2 34.8 122.045
250.589 111.4 34.8 118.712
250.272 111.6 34.8 124.567
251.858 111 35 286.647
251.554 111.2 35 214.73
251.246 111.4 35 168.755
252.513 111 35.2 456.361
252.215 111.2 35.2 368.071
251.912 111.4 35.2 290.863
253.466 110.8 35.4 590.734
253.177 111 35.4 579.536
252.883 111.2 35.4 530.05
254.413 110.6 35.6 450.194
254.133 110.8 35.6 542.739
253.849 111 35.6 599.368
255.082 110.6 35.8 236.396
254.807 110.8 35.8 304.432
254.529 111 35.8 421.268
256.024 110.4 36 177.78
255.759 110.6 36 169.226
255.489 110.8 36 148.309
256.703 110.4 36.2 169.607
256.443 110.6 36.2 185.131
256.179 110.8 36.2 205.121
257.639 110.2 36.4 147.179
257.389 110.4 36.4 157.154
257.135 110.6 36.4 171.035
258.568 110 36.6 134.087
258.327 110.2 36.6 139.766
258.082 110.4 36.6 144.587
259.257 110 36.8 129.375
259.021 110.2 36.8 134.641
258.783 110.4 36.8 139.188
260.178 109.8 37 126.966
259.952 110 37 128.067
259.723 110.2 37 130.857
260.874 109.8 37.2 129.221
260.654 110 37.2 128.917
260.431 110.2 37.2 131.238
261.787 109.6 37.4 135.394
261.576 109.8 37.4 133.964
261.363 110 37.4 132.628
262.49 109.6 37.6 143.381
262.285 109.8 37.6 141.621
262.078 110 37.6 139.214
263.394 109.4 37.8 154.768
263.198 109.6 37.8 152.152
263 109.8 37.8 152.436
262.799 110 37.8 151.069
264.102 109.4 38 164.482
263.913 109.6 38 162.948
263.721 109.8 38 164.489
264.816 109.4 38.2 170.424
264.633 109.6 38.2 170.485
264.448 109.8 38.2 172.443
265.709 109.2 38.4 172.203
265.535 109.4 38.4 175.079
265.359 109.6 38.4 177.383
266.427 109.2 38.6 174.373
266.26 109.4 38.6 178.565
266.09 109.6 38.6 182.302
267.15 109.2 38.8 176.983
266.989 109.4 38.8 180.06
268.029 109 39 165.83
267.878 109.2 39 171.423
267.724 109.4 39 175.778
268.755 109 39.2 168.137
268.611 109.2 39.2 170.513
268.464 109.4 39.2 173.104
269.486 109 39.4 169.086
269.348 109.2 39.4 171.165
270.35 108.8 39.6 173.208
270.221 109 39.6 174.513
270.09 109.2 39.6 175.998
271.082 108.8 39.8 189.178
270.96 109 39.8 188.556
270.836 109.2 39.8 188.357
271.818 108.8 40 203.905
271.703 109 40 197.49
271.587 109.2 40 195.606
272.665 108.6 40.2 248.982
272.558 108.8 40.2 238.898
272.45 109 40.2 233.177
273.401 108.6 40.4 264.484
273.301 108.8 40.4 261.169
273.2 109 40.4 258.698
274.14 108.6 40.6 255.719
274.047 108.8 40.6 254.939
273.954 109 40.6 256.281
274.883 108.6 40.8 213.866
274.797 108.8 40.8 203.472
274.711 109 40.8 199.759
275.628 108.6 41 234.084
275.55 108.8 41 231.178
275.471 109 41 234.417
276.447 108.4 41.2 235.152
276.376 108.6 41.2 234.174
276.305 108.8 41.2 229.499
277.19 108.4 41.4 241.674
277.126 108.6 41.4 240.455
277.062 108.8 41.4 236.832
277.935 108.4 41.6 250.987
277.879 108.6 41.6 251.148
277.822 108.8 41.6 248.829
278.682 108.4 41.8 257.181
278.633 108.6 41.8 262.208
278.584 108.8 41.8 263.802
279.431 108.4 42 250.925
279.389 108.6 42 253.296
279.347 108.8 42 252.901
280.182 108.4 42.2 249.095
280.147 108.6 42.2 248.998
280.112 108.8 42.2 246.355
280.933 108.4 42.4 249.941
280.905 108.6 42.4 250.48
280.878 108.8 42.4 249.233
281.686 108.4 42.6 249.96
281.665 108.6 42.6 252.588
281.646 108.8 42.6 252.802
282.439 108.4 42.8 245.868
282.426 108.6 42.8 248.881
282.413 108.8 42.8 250.057
283.2 108.2 43 239.271
283.193 108.4 43 239.469
283.187 108.6 43 242.631
283.182 108.8 43 242.52
283.948 108.2 43.2 222.29
283.947 108.4 43.2 223.289
283.948 108.6 43.2 224.344
283.95 108.8 43.2 223.68
284.695 108.2 43.4 205.984
284.701 108.4 43.4 207.451
284.709 108.6 43.4 208.116
284.718 108.8 43.4 208.167
285.455 108.4 43.6 197.047
285.47 108.6 43.6 197.986
285.486 108.8 43.6 199.261
286.208 108.4 43.8 194.941
286.23 108.6 43.8 197.808
286.254 108.8 43.8 200.85
286.961 108.4 44 193.153
286.99 108.6 44 196.304
287.02 108.8 44 200.033
287.713 108.4 44.2 193.805
287.748 108.6 44.2 196.29
287.786 108.8 44.2 199.289
288.463 108.4 44.4 194.054
288.506 108.6 44.4 196.558
288.55 108.8 44.4 199.877
289.213 108.4 44.6 196.004
289.261 108.6 44.6 198.518
289.312 108.8 44.6 202.661
289.96 108.4 44.8 201.66
290.015 108.6 44.8 204.75
290.073 108.8 44.8 207.788
290.706 108.4 45 203.163
290.767 108.6 45 206.098
290.831 108.8 45 208.219
291.449 108.4 45.2 199.826
291.517 108.6 45.2 201.464
291.588 108.8 45.2 202.948
291.661 109 45.2 205.072
292.265 108.6 45.4 202.052
292.341 108.8 45.4 204.515
292.421 109 45.4 207.529
293.009 108.6 45.6 207.652
293.092 108.8 45.6 211.318
293.178 109 45.6 215.226
293.751 108.6 45.8 218.743
293.84 108.8 45.8 222.674
293.932 109 45.8 226.223
294.49 108.6 46 223.771
294.585 108.8 46 226.978
294.683 109 46 228.836
294.784 109.2 46 231.956
295.225 108.6 46.2 222.014
295.326 108.8 46.2 223.667
295.43 109 46.2 224.316
295.537 109.2 46.2 226.991
296.064 108.8 46.4 227.263
296.173 109 46.4 228.698
296.286 109.2 46.4 230.558
296.798 108.8 46.6 229.793
296.913 109 46.6 231.659
297.031 109.2 46.6 232.476
297.527 108.8 46.8 222.794
297.648 109 46.8 223.558
297.772 109.2 46.8 223.669
297.899 109.4 46.8 223.846
298.379 109 47 211.792
298.508 109.2 47 212.339
298.641 109.4 47 212.928
299.105 109 47.2 201.436
299.239 109.2 47.2 202.343
299.378 109.4 47.2 203.007
299.519 109.6 47.2 203.348
299.966 109.2 47.4 193.933
300.109 109.4 47.4 194.746
300.256 109.6 47.4 195.369
300.688 109.2 47.6 187.873
300.836 109.4 47.6 189.058
300.987 109.6 47.6 190.039
301.404 109.2 47.8 184.721
301.557 109.4 47.8 186.658
301.713 109.6 47.8 188.579
301.873 109.8 47.8 191.178
302.272 109.4 48 186.804
302.433 109.6 48 189.32
302.598 109.8 48 192.153
302.982 109.4 48.2 188.239
303.147 109.6 48.2 190.718
303.317 109.8 48.2 193.09
303.49 110 48.2 195.241
303.856 109.6 48.4 191.781
304.029 109.8 48.4 194.019
304.207 110 48.4 196.1
304.389 110.2 48.4 198.032
304.736 109.8 48.6 194.447
304.918 110 48.6 196.422
305.103 110.2 48.6 198.133
305.436 109.8 48.8 193.833
305.621 110 48.8 195.598
305.811 110.2 48.8 197.306
306.005 110.4 48.8 199.094
306.318 110 49 194.103
306.512 110.2 49 195.968
306.71 110.4 49 198.791
307.009 110 49.2 195.818
307.206 110.2 49.2 198.488
307.407 110.4 49.2 201.735
307.613 110.6 49.2 205.169
307.893 110.2 49.4 203.113
308.097 110.4 49.4 207.336
308.306 110.6 49.4 211.766
308.52 110.8 49.4 216.39
308.78 110.4 49.6 215.814
308.992 110.6 49.6 221.192
309.209 110.8 49.6 226.867
309.43 111 49.6 233.175
309.456 110.4 49.8 227.43
309.671 110.6 49.8 233.34
309.89 110.8 49.8 239.906
310.114 111 49.8 246.879
310.342 110.6 50 249.977
310.564 110.8 50 258.442
310.79 111 50 266.27
311.021 111.2 50 273.905
311.23 110.8 50.2 276.106
311.459 111 50.2 283.292
311.692 111.2 50.2 290.132
311.93 111.4 50.2 295.428
312.119 111 50.4 293.352
312.355 111.2 50.4 297.416
312.595 111.4 50.4 300.055
312.84 111.6 50.4 302.253
313.009 111.2 50.6 296.742
313.251 111.4 50.6 296.024
313.498 111.6 50.6 294.683
313.75 111.8 50.6 292.155
313.899 111.4 50.8 284.664
314.148 111.6 50.8 280.363
314.401 111.8 50.8 275.784
314.659 112 50.8 270.861
314.789 111.6 51 263.324
315.044 111.8 51 258.781
315.303 112 51 254.456
315.567 112.2 51 250.884
