184.727 127.6 25.8 0.0274651
184.053 127.8 25.8 0.0254174
183.379 128 25.8 0.0247871
182.704 128.2 25.8 0.0231479
182.028 128.4 25.8 0.0214378
181.353 128.6 25.8 0.02075
180.676 128.8 25.8 0.0220538
180 129 25.8 0.023764
179.324 129.2 25.8 0.024293
178.647 129.4 25.8 0.0240925
177.972 129.6 25.8 0.0236683
177.296 129.8 25.8 0.0234614
176.621 130 25.8 0.0237136
175.947 130.2 25.8 0.0246513
175.273 130.4 25.8 0.0258329
190.843 125.8 26 0.0462955
190.176 126 26 0.0501008
189.507 126.2 26 0.0582945
188.837 126.4 26 0.066147
188.164 126.6 26 0.069863
187.49 126.8 26 0.0645607
186.814 127 26 0.054996
186.137 127.2 26 0.0443497
185.458 127.4 26 0.0345738
184.778 127.6 26 0.0273372
184.098 127.8 26 0.0255352
183.416 128 26 0.0253538
182.734 128.2 26 0.0235592
182.051 128.4 26 0.0217746
181.367 128.6 26 0.0209652
180.684 128.8 26 0.0225335
180 129 26 0.0244684
179.316 129.2 26 0.0246448
178.633 129.4 26 0.0241437
177.949 129.6 26 0.0234994
177.266 129.8 26 0.023685
176.584 130 26 0.0243261
175.902 130.2 26 0.0251686
175.222 130.4 26 0.0262387
174.542 130.6 26 0.0271976
173.863 130.8 26 0.0277331
173.186 131 26 0.028151
172.51 131.2 26 0.0285858
171.836 131.4 26 0.0293981
171.163 131.6 26 0.030726
170.493 131.8 26 0.0328829
169.824 132 26 0.0350993
169.157 132.2 26 0.0362053
194.952 124.6 26.2 0.0378071
194.294 124.8 26.2 0.0383919
193.633 125 26.2 0.039408
192.969 125.2 26.2 0.0406841
192.302 125.4 26.2 0.0422573
191.633 125.6 26.2 0.0441682
190.962 125.8 26.2 0.0465533
190.288 126 26.2 0.0507295
189.612 126.2 26.2 0.0577086
188.934 126.4 26.2 0.0644994
188.254 126.6 26.2 0.0677201
187.573 126.8 26.2 0.0644285
186.89 127 26.2 0.0565464
186.205 127.2 26.2 0.0464178
185.519 127.4 26.2 0.0364692
184.832 127.6 26.2 0.029067
184.143 127.8 26.2 0.0261129
183.454 128 26.2 0.0251621
182.764 128.2 26.2 0.0236947
182.074 128.4 26.2 0.0222557
181.383 128.6 26.2 0.0217503
180.691 128.8 26.2 0.0228792
180 129 26.2 0.0243372
179.309 129.2 26.2 0.0246984
178.617 129.4 26.2 0.0243751
177.926 129.6 26.2 0.0239332
177.236 129.8 26.2 0.0240017
176.546 130 26.2 0.0245476
175.857 130.2 26.2 0.02547
175.168 130.4 26.2 0.0265779
174.481 130.6 26.2 0.0275399
173.795 130.8 26.2 0.028105
173.11 131 26.2 0.0285132
172.427 131.2 26.2 0.0289921
171.746 131.4 26.2 0.0298117
171.066 131.6 26.2 0.0311222
170.388 131.8 26.2 0.0330049
169.712 132 26.2 0.0349273
169.038 132.2 26.2 0.0366523
168.367 132.4 26.2 0.0403722
167.698 132.6 26.2 0.0486623
167.031 132.8 26.2 0.0628318
166.367 133 26.2 0.0725754
165.706 133.2 26.2 0.0678293
165.048 133.4 26.2 0.0557361
197.742 123.8 26.4 0.0403517
197.09 124 26.4 0.0395424
196.435 124.2 26.4 0.0387192
195.777 124.4 26.4 0.0380951
195.115 124.6 26.4 0.0379292
194.45 124.8 26.4 0.0384323
193.782 125 26.4 0.0394174
193.112 125.2 26.4 0.0406812
192.438 125.4 26.4 0.0422051
191.762 125.6 26.4 0.0440759
191.084 125.8 26.4 0.0465929
190.403 126 26.4 0.0506925
169.597 132 26.4 0.0351527
168.916 132.2 26.4 0.0369344
168.238 132.4 26.4 0.0409404
167.562 132.6 26.4 0.0501111
166.888 132.8 26.4 0.0663581
166.218 133 26.4 0.0775833
165.55 133.2 26.4 0.0712356
164.885 133.4 26.4 0.056851
164.223 133.6 26.4 0.0446068
163.565 133.8 26.4 0.042779
162.91 134 26.4 0.0464087
200.531 123 26.6 0.0406569
199.888 123.2 26.6 0.0406155
199.241 123.4 26.6 0.040887
198.59 123.6 26.6 0.0411487
197.936 123.8 26.6 0.0408833
197.277 124 26.6 0.040268
196.616 124.2 26.6 0.0393676
195.951 124.4 26.6 0.0384653
195.282 124.6 26.6 0.0380072
194.611 124.8 26.6 0.0385091
165.389 133.2 26.6 0.073361
164.718 133.4 26.6 0.0561287
164.049 133.6 26.6 0.0418773
163.384 133.8 26.6 0.0430156
162.723 134 26.6 0.0503242
202.677 122.4 26.8 0.0460589
202.04 122.6 26.8 0.0438159
201.399 122.8 26.8 0.0420312
200.754 123 26.8 0.0409208
200.105 123.2 26.8 0.0406595
199.452 123.4 26.8 0.0408238
198.795 123.6 26.8 0.041121
198.134 123.8 26.8 0.0413662
204.822 121.8 27 0.047229
204.193 122 27 0.0481273
203.56 122.2 27 0.0476011
202.922 122.4 27 0.0461203
202.28 122.6 27 0.0442885
201.633 122.8 27 0.0425503
200.982 123 27 0.0413014
206.964 121.2 27.2 0.0466248
206.344 121.4 27.2 0.046038
205.72 121.6 27.2 0.0466074
205.09 121.8 27.2 0.0475201
204.456 122 27.2 0.0479634
203.817 122.2 27.2 0.0474804
203.174 122.4 27.2 0.0462728
209.097 120.6 27.4 0.0730764
208.487 120.8 27.4 0.0590542
207.873 121 27.4 0.0514899
207.254 121.2 27.4 0.0478584
206.629 121.4 27.4 0.0471546
205.999 121.6 27.4 0.047931
205.365 121.8 27.4 0.0484058
210.619 120.2 27.6 0.137458
210.016 120.4 27.6 0.110796
209.407 120.6 27.6 0.0818747
208.794 120.8 27.6 0.0670149
208.175 121 27.6 0.05577
207.55 121.2 27.6 0.0499769
212.144 119.8 27.8 0.101386
211.548 120 27.8 0.121977
210.946 120.2 27.8 0.125859
210.338 120.4 27.8 0.119251
209.725 120.6 27.8 0.104909
213.67 119.4 28 0.0624907
213.081 119.6 28 0.0675488
212.486 119.8 28 0.0774364
211.886 120 28 0.0866816
211.28 120.2 28 0.107687
215.195 119 28.2 0.0623594
214.614 119.2 28.2 0.0611347
214.028 119.4 28.2 0.0605739
213.435 119.6 28.2 0.0622908
212.836 119.8 28.2 0.0675092
216.719 118.6 28.4 0.0589227
216.146 118.8 28.4 0.0618792
215.568 119 28.4 0.0629981
214.984 119.2 28.4 0.0620631
214.393 119.4 28.4 0.060939
218.238 118.2 28.6 0.0461261
217.675 118.4 28.6 0.0509476
217.106 118.6 28.6 0.056927
216.53 118.8 28.6 0.0611413
215.949 119 28.6 0.0637646
219.752 117.8 28.8 0.0518366
219.199 118 28.8 0.0414373
218.639 118.2 28.8 0.0421933
218.073 118.4 28.8 0.0476433
217.501 118.6 28.8 0.054071
221.26 117.4 29 0.0709641
220.716 117.6 29 0.0763391
220.167 117.8 29 0.0593042
219.611 118 29 0.0406085
219.049 118.2 29 0.0427025
222.226 117.2 29.2 0.0584161
221.687 117.4 29.2 0.0685301
221.142 117.6 29.2 0.0744419
220.59 117.8 29.2 0.0689835
223.727 116.8 29.4 0.0421984
223.199 117 29.4 0.0468289
222.664 117.2 29.4 0.0544233
222.124 117.4 29.4 0.0629043
221.576 117.6 29.4 0.0706746
224.701 116.6 29.6 0.0399264
224.177 116.8 29.6 0.041477
223.648 117 29.6 0.0446316
223.112 117.2 29.6 0.0500442
226.191 116.2 29.8 0.0401937
225.679 116.4 29.8 0.0396422
225.161 116.6 29.8 0.0398274
224.637 116.8 29.8 0.041151
227.168 116 30 0.0417733
226.662 116.2 30 0.0409113
226.15 116.4 30 0.0400994
225.631 116.6 30 0.0398659
228.644 115.6 30.2 0.0423476
228.15 115.8 30.2 0.042598
227.65 116 30.2 0.042447
227.143 116.2 30.2 0.0417304
229.623 115.4 30.4 0.0422098
229.135 115.6 30.4 0.0427169
228.641 115.8 30.4 0.0431852
228.141 116 30.4 0.0432912
230.605 115.2 30.6 0.0420641
230.124 115.4 30.6 0.0425078
229.636 115.6 30.6 0.0430309
229.142 115.8 30.6 0.04375
231.59 115 30.8 0.0420997
231.116 115.2 30.8 0.0424307
230.635 115.4 30.8 0.0428369
233.039 114.6 31 0.0426284
232.577 114.8 31 0.0426054
232.11 115 31 0.0426831
231.635 115.2 31 0.0429171
234.021 114.4 31.2 0.0439769
233.566 114.6 31.2 0.0437776
233.106 114.8 31.2 0.0436545
232.639 115 31.2 0.043599
235.004 114.2 31.4 0.0452861
234.557 114.4 31.4 0.045225
234.103 114.6 31.4 0.0451025
233.644 114.8 31.4 0.0449213
235.988 114 31.6 0.0466814
235.548 114.2 31.6 0.0467443
235.102 114.4 31.6 0.0467027
234.65 114.6 31.6 0.0466119
236.972 113.8 31.8 0.0488872
236.54 114 31.8 0.0488779
236.102 114.2 31.8 0.0486717
235.658 114.4 31.8 0.0484071
237.957 113.6 32 0.0530585
237.532 113.8 32 0.0523348
237.102 114 32 0.0518799
238.941 113.4 32.2 0.0626192
238.524 113.6 32.2 0.0593902
238.102 113.8 32.2 0.0570784
239.924 113.2 32.4 0.0741293
239.516 113.4 32.4 0.0699761
239.101 113.6 32.4 0.0658899
240.906 113 32.6 0.0818949
240.506 113.2 32.6 0.0787319
240.1 113.4 32.6 0.0750379
241.886 112.8 32.8 0.0713163
241.494 113 32.8 0.0750122
241.097 113.2 32.8 0.0762252
242.864 112.6 33 0.0584176
242.481 112.8 33 0.0626274
242.092 113 33 0.06593
241.698 113.2 33 0.0707259
243.84 112.4 33.2 0.0529797
243.465 112.6 33.2 0.054904
243.085 112.8 33.2 0.0579848
242.699 113 33.2 0.0614242
244.812 112.2 33.4 0.0509645
244.447 112.4 33.4 0.0520072
244.075 112.6 33.4 0.0535327
243.699 112.8 33.4 0.055709
245.425 112.2 33.6 0.0514413
245.063 112.4 33.6 0.052123
244.695 112.6 33.6 0.0532673
246.4 112 33.8 0.052729
246.047 112.2 33.8 0.0525028
245.688 112.4 33.8 0.052635
247.371 111.8 34 0.0546553
247.027 112 34 0.0540885
246.677 112.2 34 0.05356
248.338 111.6 34.2 0.0544551
248.003 111.8 34.2 0.0545038
247.662 112 34.2 0.0545129
249.3 111.4 34.4 0.0519474
248.974 111.6 34.4 0.0527746
248.643 111.8 34.4 0.0534913
248.307 112 34.4 0.0543581
249.941 111.4 34.6 0.0509447
249.619 111.6 34.6 0.051384
249.292 111.8 34.6 0.0520716
250.902 111.2 34.8 0.0541482
250.589 111.4 34.8 0.0530399
250.272 111.6 34.8 0.0507295
251.858 111 35 0.0643806
251.554 111.2 35 0.0652879
251.246 111.4 35 0.0636357
252.513 111 35.2 0.0828142
252.215 111.2 35.2 0.0855145
251.912 111.4 35.2 0.0877045
253.466 110.8 35.4 0.102867
253.177 111 35.4 0.103437
252.883 111.2 35.4 0.107436
254.413 110.6 35.6 0.128701
254.133 110.8 35.6 0.126218
253.849 111 35.6 0.120308
255.082 110.6 35.8 0.184695
254.807 110.8 35.8 0.157234
254.529 111 35.8 0.123608
256.024 110.4 36 0.190589
255.759 110.6 36 0.231677
255.489 110.8 36 0.174785
256.703 110.4 36.2 0.157726
256.443 110.6 36.2 0.181613
256.179 110.8 36.2 0.15413
257.639 110.2 36.4 0.0840891
257.389 110.4 36.4 0.10687
257.135 110.6 36.4 0.118168
258.568 110 36.6 0.0453972
258.327 110.2 36.6 0.0561658
258.082 110.4 36.6 0.0633398
259.257 110 36.8 0.0419656
259.021 110.2 36.8 0.044782
258.783 110.4 36.8 0.0468291
260.178 109.8 37 0.0430774
259.952 110 37 0.0444578
259.723 110.2 37 0.0436488
260.874 109.8 37.2 0.0454142
260.654 110 37.2 0.045625
260.431 110.2 37.2 0.0446527
261.787 109.6 37.4 0.0484329
261.576 109.8 37.4 0.0481159
261.363 110 37.4 0.047714
262.49 109.6 37.6 0.0519583
262.285 109.8 37.6 0.0513097
262.078 110 37.6 0.0505675
263.394 109.4 37.8 0.0569636
263.198 109.6 37.8 0.0562155
263 109.8 37.8 0.0548674
262.799 110 37.8 0.0534242
264.102 109.4 38 0.0604624
263.913 109.6 38 0.0602376
263.721 109.8 38 0.0583616
264.816 109.4 38.2 0.0625555
264.633 109.6 38.2 0.0624126
264.448 109.8 38.2 0.0613536
265.709 109.2 38.4 0.0631946
265.535 109.4 38.4 0.063515
265.359 109.6 38.4 0.0636976
266.427 109.2 38.6 0.0628683
266.26 109.4 38.6 0.0633144
266.09 109.6 38.6 0.063943
267.15 109.2 38.8 0.0611444
266.989 109.4 38.8 0.0619247
268.029 109 39 0.0577377
267.878 109.2 39 0.058668
267.724 109.4 39 0.0597061
268.755 109 39.2 0.0551313
268.611 109.2 39.2 0.0562117
268.464 109.4 39.2 0.0573958
269.486 109 39.4 0.0537468
269.348 109.2 39.4 0.0547677
270.35 108.8 39.6 0.053825
270.221 109 39.6 0.0546082
270.09 109.2 39.6 0.0553754
271.082 108.8 39.8 0.0587204
270.96 109 39.8 0.0582317
270.836 109.2 39.8 0.0591244
271.818 108.8 40 0.0685728
271.703 109 40 0.0666659
271.587 109.2 40 0.0680427
272.665 108.6 40.2 0.0844208
272.558 108.8 40.2 0.0846287
272.45 109 40.2 0.0841126
273.401 108.6 40.4 0.0975548
273.301 108.8 40.4 0.0995191
273.2 109 40.4 0.100863
274.14 108.6 40.6 0.102484
274.047 108.8 40.6 0.105157
273.954 109 40.6 0.109131
274.883 108.6 40.8 0.0907341
274.797 108.8 40.8 0.093642
274.711 109 40.8 0.0959991
275.628 108.6 41 0.0757664
275.55 108.8 41 0.0783554
275.471 109 41 0.079062
276.447 108.4 41.2 0.071108
276.376 108.6 41.2 0.0710981
276.305 108.8 41.2 0.0725224
277.19 108.4 41.4 0.0706734
277.126 108.6 41.4 0.0713857
277.062 108.8 41.4 0.0724869
277.935 108.4 41.6 0.0720353
277.879 108.6 41.6 0.0734474
277.822 108.8 41.6 0.0744082
278.682 108.4 41.8 0.0725442
278.633 108.6 41.8 0.0739365
278.584 108.8 41.8 0.0750095
279.431 108.4 42 0.0718305
279.389 108.6 42 0.0732057
279.347 108.8 42 0.0741361
280.182 108.4 42.2 0.0702265
280.147 108.6 42.2 0.0709411
280.112 108.8 42.2 0.0716739
280.933 108.4 42.4 0.0705532
280.905 108.6 42.4 0.07026
280.878 108.8 42.4 0.0706586
281.686 108.4 42.6 0.075796
281.665 108.6 42.6 0.0740289
281.646 108.8 42.6 0.074325
282.439 108.4 42.8 0.0871465
282.426 108.6 42.8 0.0863479
282.413 108.8 42.8 0.0853705
283.2 108.2 43 0.0971104
283.193 108.4 43 0.0949136
283.187 108.6 43 0.0955555
283.182 108.8 43 0.0934336
283.948 108.2 43.2 0.0913402
283.947 108.4 43.2 0.0898999
283.948 108.6 43.2 0.0896227
283.95 108.8 43.2 0.0884787
284.695 108.2 43.4 0.0772547
284.701 108.4 43.4 0.0771543
284.709 108.6 43.4 0.0766822
284.718 108.8 43.4 0.0763623
285.455 108.4 43.6 0.0638444
285.47 108.6 43.6 0.0632024
285.486 108.8 43.6 0.0637871
286.208 108.4 43.8 0.056123
286.23 108.6 43.8 0.0563218
286.254 108.8 43.8 0.0569361
286.961 108.4 44 0.0529365
286.99 108.6 44 0.0534911
287.02 108.8 44 0.0541717
287.713 108.4 44.2 0.0522759
287.748 108.6 44.2 0.0528426
287.786 108.8 44.2 0.0535194
288.463 108.4 44.4 0.0533201
288.506 108.6 44.4 0.0538941
288.55 108.8 44.4 0.0545414
289.213 108.4 44.6 0.055597
289.261 108.6 44.6 0.0562266
289.312 108.8 44.6 0.056877
289.96 108.4 44.8 0.0587596
290.015 108.6 44.8 0.059409
290.073 108.8 44.8 0.0602005
290.706 108.4 45 0.062785
290.767 108.6 45 0.0634081
290.831 108.8 45 0.06433
291.449 108.4 45.2 0.0675602
291.517 108.6 45.2 0.0683315
291.588 108.8 45.2 0.0691598
291.661 109 45.2 0.0700349
292.265 108.6 45.4 0.0729145
292.341 108.8 45.4 0.0735575
292.421 109 45.4 0.0742342
293.009 108.6 45.6 0.0760538
293.092 108.8 45.6 0.0763566
293.178 109 45.6 0.0768513
293.751 108.6 45.8 0.0763812
293.84 108.8 45.8 0.0764424
293.932 109 45.8 0.0765032
294.49 108.6 46 0.0749835
294.585 108.8 46 0.0748042
294.683 109 46 0.074587
294.784 109.2 46 0.0747682
295.225 108.6 46.2 0.0725458
295.326 108.8 46.2 0.0724463
295.43 109 46.2 0.0723935
295.537 109.2 46.2 0.0725949
296.064 108.8 46.4 0.0698897
296.173 109 46.4 0.0700454
296.286 109.2 46.4 0.0703859
296.798 108.8 46.6 0.0676733
296.913 109 46.6 0.0679535
297.031 109.2 46.6 0.0684687
297.527 108.8 46.8 0.0663312
297.648 109 46.8 0.0666028
297.772 109.2 46.8 0.0670799
297.899 109.4 46.8 0.0676448
298.379 109 47 0.0654772
298.508 109.2 47 0.0658186
298.641 109.4 47 0.0663409
299.105 109 47.2 0.0642606
299.239 109.2 47.2 0.0643387
299.378 109.4 47.2 0.0645116
299.519 109.6 47.2 0.0647175
299.966 109.2 47.4 0.0626864
300.109 109.4 47.4 0.0625259
300.256 109.6 47.4 0.0623685
300.688 109.2 47.6 0.0610383
300.836 109.4 47.6 0.0608262
300.987 109.6 47.6 0.0605927
301.404 109.2 47.8 0.0596052
301.557 109.4 47.8 0.059906
301.713 109.6 47.8 0.0600187
301.873 109.8 47.8 0.060339
302.272 109.4 48 0.0604708
302.433 109.6 48 0.0610808
302.598 109.8 48 0.0621223
302.982 109.4 48.2 0.0630877
303.147 109.6 48.2 0.0646824
303.317 109.8 48.2 0.0659961
303.49 110 48.2 0.066807
303.856 109.6 48.4 0.0687017
304.029 109.8 48.4 0.0699663
304.207 110 48.4 0.0705941
304.389 110.2 48.4 0.0698447
304.736 109.8 48.6 0.071712
304.918 110 48.6 0.0720958
305.103 110.2 48.6 0.0699409
305.436 109.8 48.8 0.0686272
305.621 110 48.8 0.0674819
305.811 110.2 48.8 0.0659113
306.005 110.4 48.8 0.064339
306.318 110 49 0.0614252
306.512 110.2 49 0.0607557
306.71 110.4 49 0.0597374
307.009 110 49.2 0.0582855
307.206 110.2 49.2 0.0575471
307.407 110.4 49.2 0.0568753
307.613 110.6 49.2 0.0561661
307.893 110.2 49.4 0.0558632
308.097 110.4 49.4 0.0555547
308.306 110.6 49.4 0.0554459
308.52 110.8 49.4 0.0553661
308.78 110.4 49.6 0.0552528
308.992 110.6 49.6 0.0557243
309.209 110.8 49.6 0.0558815
309.43 111 49.6 0.0569019
309.456 110.4 49.8 0.0556543
309.671 110.6 49.8 0.0561074
309.89 110.8 49.8 0.0568014
310.114 111 49.8 0.0580695
310.342 110.6 50 0.0595207
310.564 110.8 50 0.0614531
310.79 111 50 0.0631575
311.021 111.2 50 0.0692553
311.23 110.8 50.2 0.0732526
311.459 111 50.2 0.0784008
311.692 111.2 50.2 0.0844959
311.93 111.4 50.2 0.0897666
312.119 111 50.4 0.0945664
312.355 111.2 50.4 0.099594
312.595 111.4 50.4 0.104504
312.84 111.6 50.4 0.108279
313.009 111.2 50.6 0.106106
313.251 111.4 50.6 0.109189
313.498 111.6 50.6 0.113275
313.75 111.8 50.6 0.105141
313.899 111.4 50.8 0.0953908
314.148 111.6 50.8 0.093128
314.401 111.8 50.8 0.0868117
314.659 112 50.8 0.0793402
314.789 111.6 51 0.068772
315.044 111.8 51 0.065192
315.303 112 51 0.0596063
315.567 112.2 51 0.0580568
315.678 111.8 51.2 0.0540094
315.939 112 51.2 0.0511484
316.204 112.2 51.2 0.0504481
316.474 112.4 51.2 0.0500995
316.565 112 51.4 0.0482606
316.832 112.2 51.4 0.0477463
317.103 112.4 51.4 0.0478589
317.378 112.6 51.4 0.0483239
317.45 112.2 51.6 0.0473256
317.722 112.4 51.6 0.0474597
317.999 112.6 51.6 0.0481054
318.28 112.8 51.6 0.0481975
318.333 112.4 51.8 0.0472004
318.61 112.6 51.8 0.0477877
318.891 112.8 51.8 0.0480518
319.178 113 51.8 0.0482497
319.468 113.2 51.8 0.0485283
319.211 112.6 52 0.0476659
319.493 112.8 52 0.0481187
319.78 113 52 0.0485055
320.071 113.2 52 0.0486182
320.367 113.4 52 0.0487887
