184.885 128 31.2 0.0410273
183.911 128.2 31.2 0.0399193
182.935 128.4 31.2 0.0397429
181.957 128.6 31.2 0.0394562
180.979 128.8 31.2 0.0381369
180 129 31.2 0.0367739
179.021 129.2 31.2 0.0364293
178.043 129.4 31.2 0.0368376
177.065 129.6 31.2 0.0375686
176.089 129.8 31.2 0.0381847
175.115 130 31.2 0.0389501
192.776 126.4 31.4 0.0606166
191.817 126.6 31.4 0.0632523
190.852 126.8 31.4 0.0659155
189.882 127 31.4 0.0663062
188.908 127.2 31.4 0.0624352
187.929 127.4 31.4 0.0559438
186.946 127.6 31.4 0.0490994
185.96 127.8 31.4 0.0441192
184.972 128 31.4 0.0411886
183.98 128.2 31.4 0.040375
182.987 128.4 31.4 0.0405124
181.992 128.6 31.4 0.0404457
180.996 128.8 31.4 0.0392136
180 129 31.4 0.03785
179.004 129.2 31.4 0.0373357
178.008 129.4 31.4 0.0376034
177.013 129.6 31.4 0.0383091
176.02 129.8 31.4 0.0390223
175.028 130 31.4 0.0399101
174.04 130.2 31.4 0.0410161
173.054 130.4 31.4 0.0419567
172.071 130.6 31.4 0.0423457
171.092 130.8 31.4 0.0424644
170.118 131 31.4 0.0461106
169.148 131.2 31.4 0.0566019
168.183 131.4 31.4 0.0694322
167.224 131.6 31.4 0.079094
197.777 125.4 31.6 0.0561557
196.837 125.6 31.6 0.0555596
195.889 125.8 31.6 0.0557906
194.933 126 31.6 0.0567214
193.971 126.2 31.6 0.0583687
193.002 126.4 31.6 0.0605192
192.027 126.6 31.6 0.0629793
191.046 126.8 31.6 0.0658808
190.059 127 31.6 0.0667007
189.068 127.2 31.6 0.0627038
188.072 127.4 31.6 0.0562703
187.072 127.6 31.6 0.0493263
186.068 127.8 31.6 0.0445224
185.062 128 31.6 0.0414026
184.052 128.2 31.6 0.0409504
183.041 128.4 31.6 0.0414125
182.028 128.6 31.6 0.0416764
181.014 128.8 31.6 0.0401637
180 129 31.6 0.0385375
178.986 129.2 31.6 0.0379312
177.972 129.4 31.6 0.0381397
176.959 129.6 31.6 0.0389275
175.948 129.8 31.6 0.0397126
174.938 130 31.6 0.0407804
173.932 130.2 31.6 0.0421069
172.928 130.4 31.6 0.0432951
171.928 130.6 31.6 0.0439478
170.932 130.8 31.6 0.0435335
169.941 131 31.6 0.047462
168.954 131.2 31.6 0.0618419
167.973 131.4 31.6 0.078259
166.998 131.6 31.6 0.0887635
166.029 131.8 31.6 0.084971
165.067 132 31.6 0.0756332
164.111 132.2 31.6 0.0695656
163.163 132.4 31.6 0.0662341
162.223 132.6 31.6 0.0655812
200.903 124.8 31.8 0.0610362
199.974 125 31.8 0.0598852
199.036 125.2 31.8 0.0587427
198.089 125.4 31.8 0.0577317
197.134 125.6 31.8 0.0570043
196.171 125.8 31.8 0.0566789
195.2 126 31.8 0.0571163
194.222 126.2 31.8 0.0585623
193.236 126.4 31.8 0.0607155
192.245 126.6 31.8 0.063267
167.755 131.4 31.8 0.0868034
166.764 131.6 31.8 0.0978613
165.778 131.8 31.8 0.0890347
164.8 132 31.8 0.0744259
163.829 132.2 31.8 0.0676989
162.866 132.4 31.8 0.0661486
161.911 132.6 31.8 0.0674112
160.964 132.8 31.8 0.0696791
160.026 133 31.8 0.072259
159.097 133.2 31.8 0.0741502
204.942 124 32 0.0660627
204.039 124.2 32 0.0637206
203.126 124.4 32 0.0629259
202.203 124.6 32 0.0628554
201.27 124.8 32 0.0621818
200.327 125 32 0.0612433
199.375 125.2 32 0.0602689
198.413 125.4 32 0.0592688
197.443 125.6 32 0.0584169
162.557 132.4 32 0.066454
161.587 132.6 32 0.0693208
160.625 132.8 32 0.0710293
159.673 133 32 0.0726904
158.73 133.2 32 0.0744631
157.797 133.4 32 0.0757258
156.874 133.6 32 0.0763431
155.961 133.8 32 0.0761027
155.058 134 32 0.075457
207.171 123.6 32.2 0.0891168
206.278 123.8 32.2 0.077995
205.374 124 32.2 0.070186
204.46 124.2 32.2 0.0658034
203.534 124.4 32.2 0.0640094
202.598 124.6 32.2 0.06359
201.651 124.8 32.2 0.0632896
158.349 133.2 32.2 0.0749632
157.402 133.4 32.2 0.0760487
156.466 133.6 32.2 0.0766016
155.54 133.8 32.2 0.0765568
154.626 134 32.2 0.0762169
210.283 123 32.4 0.117318
209.414 123.2 32.4 0.117268
208.534 123.4 32.4 0.110445
207.642 123.6 32.4 0.099426
206.738 123.8 32.4 0.0862966
205.823 124 32.4 0.074641
204.896 124.2 32.4 0.0681891
155.104 133.8 32.4 0.0770576
154.177 134 32.4 0.0769418
212.52 122.6 32.6 0.0900972
211.668 122.8 32.6 0.100886
210.802 123 32.6 0.110989
209.924 123.2 32.6 0.115779
209.034 123.4 32.6 0.115637
208.131 123.6 32.6 0.109344
214.759 122.2 32.8 0.0784325
213.924 122.4 32.8 0.0817504
213.076 122.6 32.8 0.0866407
212.215 122.8 32.8 0.0940938
211.341 123 32.8 0.102753
210.453 123.2 32.8 0.112519
216.995 121.8 33 0.0711273
216.18 122 33 0.0749165
215.351 122.2 33 0.0771991
214.508 122.4 33 0.0800927
213.652 122.6 33 0.0840757
219.221 121.4 33.2 0.0730659
218.427 121.6 33.2 0.0702724
217.62 121.8 33.2 0.0706691
216.798 122 33.2 0.0728491
215.962 122.2 33.2 0.0753372
220.663 121.2 33.4 0.0808155
219.878 121.4 33.4 0.0758017
219.079 121.6 33.4 0.0717683
218.266 121.8 33.4 0.0704213
222.88 120.8 33.6 0.0829109
222.119 121 33.6 0.0863282
221.345 121.2 33.6 0.0830481
220.556 121.4 33.6 0.0781387
219.752 121.6 33.6 0.0732815
224.339 120.6 33.8 0.0746854
223.591 120.8 33.8 0.0797991
222.828 121 33.8 0.0833066
222.05 121.2 33.8 0.0828484
226.533 120.2 34 0.066497
225.811 120.4 34 0.0691999
225.075 120.6 34 0.0725512
224.324 120.8 34 0.0768924
228.001 120 34.2 0.0654441
227.293 120.2 34.2 0.0667931
226.571 120.4 34.2 0.068799
225.834 120.6 34.2 0.0715464
229.478 119.8 34.4 0.0658292
228.785 120 34.4 0.0664135
228.077 120.2 34.4 0.0673837
227.354 120.4 34.4 0.0688377
231.625 119.4 34.6 0.0664316
230.962 119.6 34.6 0.0666931
230.284 119.8 34.6 0.0670069
229.591 120 34.6 0.0675482
233.098 119.2 34.8 0.067641
232.45 119.4 34.8 0.0676478
231.789 119.6 34.8 0.0678215
231.113 119.8 34.8 0.0682727
234.573 119 35 0.070283
233.942 119.2 35 0.069857
233.298 119.4 35 0.069561
232.639 119.6 35 0.0693748
236.049 118.8 35.2 0.0765118
235.436 119 35.2 0.0747788
234.81 119.2 35.2 0.0736355
234.169 119.4 35.2 0.0726452
237.525 118.6 35.4 0.0831807
236.931 118.8 35.4 0.0816292
236.323 119 35.4 0.0800223
235.701 119.2 35.4 0.0784131
238.999 118.4 35.6 0.0879317
238.424 118.6 35.6 0.0873469
237.835 118.8 35.6 0.0866465
237.233 119 35.6 0.0855621
240.47 118.2 35.8 0.0890733
239.914 118.4 35.8 0.0896522
239.345 118.6 35.8 0.0902574
238.763 118.8 35.8 0.0910912
241.936 118 36 0.087088
241.4 118.2 36 0.0890146
240.851 118.4 36 0.090508
240.289 118.6 36 0.091994
242.879 118 36.2 0.088222
242.351 118.2 36.2 0.0898203
241.81 118.4 36.2 0.0913391
244.351 117.8 36.4 0.0885459
243.844 118 36.4 0.0898395
243.324 118.2 36.4 0.0909069
245.814 117.6 36.6 0.0887728
245.328 117.8 36.6 0.0896312
244.83 118 36.6 0.0909944
247.267 117.4 36.8 0.0878397
246.802 117.6 36.8 0.0878573
246.325 117.8 36.8 0.0887865
248.264 117.4 37 0.0867528
247.809 117.6 37 0.0860425
247.343 117.8 37 0.0870821
249.713 117.2 37.2 0.0870125
249.28 117.4 37.2 0.085818
248.837 117.6 37.2 0.085233
251.148 117 37.4 0.0870353
250.737 117.2 37.4 0.0863264
250.316 117.4 37.4 0.0855821
252.178 117 37.6 0.0878204
251.779 117.2 37.6 0.0877458
251.371 117.4 37.6 0.0868694
253.602 116.8 37.8 0.0952187
253.226 117 37.8 0.0945668
252.84 117.2 37.8 0.0925974
255.009 116.6 38 0.0999923
254.655 116.8 38 0.100089
254.291 117 38 0.100835
253.919 117.2 38 0.0973046
256.064 116.6 38.2 0.0969984
255.723 116.8 38.2 0.0978629
255.374 117 38.2 0.0987939
257.454 116.4 38.4 0.0908863
257.135 116.6 38.4 0.09098
256.808 116.8 38.4 0.0921769
256.474 117 38.4 0.0938247
258.526 116.4 38.6 0.0872411
258.221 116.6 38.6 0.08575
257.909 116.8 38.6 0.0866727
259.612 116.4 38.8 0.0889618
259.322 116.6 38.8 0.0860864
259.025 116.8 38.8 0.0847839
260.979 116.2 39 0.0980802
260.711 116.4 39 0.0933488
260.437 116.6 39 0.0893186
262.076 116.2 39.2 0.101192
261.824 116.4 39.2 0.097419
261.566 116.6 39.2 0.0939138
263.417 116 39.4 0.103076
263.186 116.2 39.4 0.102273
262.949 116.4 39.4 0.100426
264.522 116 39.6 0.101179
264.307 116.2 39.6 0.101912
264.087 116.4 39.6 0.101954
265.638 116 39.8 0.0980464
265.439 116.2 39.8 0.0999933
265.236 116.4 39.8 0.101594
266.942 115.8 40 0.0931456
266.763 116 40 0.0950088
266.581 116.2 40 0.0975001
268.06 115.8 40.2 0.0913214
267.898 116 40.2 0.0930017
267.733 116.2 40.2 0.0954264
269.186 115.8 40.4 0.0904533
269.041 116 40.4 0.0920015
268.893 116.2 40.4 0.0943652
270.32 115.8 40.6 0.0915993
270.191 116 40.6 0.0929233
270.061 116.2 40.6 0.0953196
271.46 115.8 40.8 0.0959237
271.349 116 40.8 0.0975841
271.236 116.2 40.8 0.0992229
272.698 115.6 41 0.0993796
272.605 115.8 41 0.101209
272.512 116 41 0.103135
273.832 115.6 41.2 0.103406
273.756 115.8 41.2 0.105066
273.68 116 41.2 0.106652
274.969 115.6 41.4 0.105503
274.911 115.8 41.4 0.106785
274.852 116 41.4 0.108124
276.11 115.6 41.6 0.10468
276.068 115.8 41.6 0.105511
276.028 116 41.6 0.106816
277.253 115.6 41.8 0.0996807
277.228 115.8 41.8 0.100498
277.206 116 41.8 0.101403
278.397 115.6 42 0.0937451
278.39 115.8 42 0.094708
278.384 116 42 0.0952967
279.541 115.6 42.2 0.0905325
279.551 115.8 42.2 0.0911786
279.564 116 42.2 0.0917654
280.686 115.6 42.4 0.0886304
280.712 115.8 42.4 0.0890571
280.742 116 42.4 0.0895566
281.828 115.6 42.6 0.0871636
281.872 115.8 42.6 0.0872534
281.919 116 42.6 0.0876947
282.969 115.6 42.8 0.084682
283.029 115.8 42.8 0.0847086
283.093 116 42.8 0.085028
284.107 115.6 43 0.082428
284.183 115.8 43 0.0824048
284.264 116 43 0.0826287
285.241 115.6 43.2 0.0813664
285.333 115.8 43.2 0.0814645
285.43 116 43.2 0.0819685
285.532 116.2 43.2 0.0831726
286.478 115.8 43.4 0.0816674
286.591 116 43.4 0.0824591
286.709 116.2 43.4 0.0837814
287.616 115.8 43.6 0.0829798
287.745 116 43.6 0.0840879
287.88 116.2 43.6 0.0857152
288.748 115.8 43.8 0.085473
288.892 116 43.8 0.0872188
289.043 116.2 43.8 0.0888921
289.873 115.8 44 0.0883223
290.032 116 44 0.0905001
290.197 116.2 44 0.0919791
291.162 116 44.2 0.0924149
291.343 116.2 44.2 0.0935858
291.53 116.4 44.2 0.0946801
292.284 116 44.4 0.093104
292.478 116.2 44.4 0.0935861
292.68 116.4 44.4 0.0940021
293.395 116 44.6 0.0921806
293.603 116.2 44.6 0.0918619
293.819 116.4 44.6 0.0916871
294.716 116.2 44.8 0.0883183
294.946 116.4 44.8 0.0880186
295.184 116.6 44.8 0.0878137
295.818 116.2 45 0.0846392
296.06 116.4 45 0.084474
296.311 116.6 45 0.0841778
296.906 116.2 45.2 0.0824474
297.161 116.4 45.2 0.0825409
297.424 116.6 45.2 0.0827262
297.697 116.8 45.2 0.0834962
298.248 116.4 45.4 0.0818284
298.523 116.6 45.4 0.0823714
298.808 116.8 45.4 0.0833157
299.321 116.4 45.6 0.0818396
299.607 116.6 45.6 0.0825831
299.903 116.8 45.6 0.0837039
300.209 117 45.6 0.0847817
300.676 116.6 45.8 0.0830671
300.982 116.8 45.8 0.0841201
301.299 117 45.8 0.0850647
302.046 116.8 46 0.0839279
302.372 117 46 0.0848323
302.708 117.2 46 0.084825
303.092 116.8 46.2 0.082417
303.428 117 46.2 0.0830893
303.773 117.2 46.2 0.0832512
304.13 117.4 46.2 0.0833232
304.466 117 46.4 0.0808129
304.82 117.2 46.4 0.0811678
305.185 117.4 46.4 0.0815277
305.562 117.6 46.4 0.0820423
305.848 117.2 46.6 0.0790154
306.221 117.4 46.6 0.0797809
306.606 117.6 46.6 0.0807354
306.858 117.2 46.8 0.077173
307.238 117.4 46.8 0.0785902
307.629 117.6 46.8 0.080039
308.032 117.8 46.8 0.0816035
308.236 117.4 47 0.0788697
308.633 117.6 47 0.080867
309.042 117.8 47 0.0829094
309.462 118 47 0.084904
309.617 117.6 47.2 0.0841907
310.031 117.8 47.2 0.0867293
310.457 118 47.2 0.0892539
310.895 118.2 47.2 0.092554
311 117.8 47.4 0.0919621
311.431 118 47.4 0.0943104
311.873 118.2 47.4 0.0970644
312.327 118.4 47.4 0.0999867
312.383 118 47.6 0.0989093
312.829 118.2 47.6 0.100339
313.286 118.4 47.6 0.101805
313.756 118.6 47.6 0.103257
313.763 118.2 47.8 0.101267
314.224 118.4 47.8 0.099865
314.696 118.6 47.8 0.0983962
315.18 118.8 47.8 0.0960655
315.139 118.4 48 0.0946883
315.614 118.6 48 0.0909529
316.1 118.8 48 0.0870453
316.597 119 48 0.0829838
316.509 118.6 48.2 0.0828743
316.996 118.8 48.2 0.0790476
317.495 119 48.2 0.075704
318.006 119.2 48.2 0.0737549
318.528 119.4 48.2 0.0720587
318.37 119 48.4 0.0697917
318.88 119.2 48.4 0.0682919
319.403 119.4 48.4 0.0672049
319.937 119.6 48.4 0.0663327
319.732 119.2 48.6 0.0643317
320.254 119.4 48.6 0.0637868
320.787 119.6 48.6 0.0636577
321.332 119.8 48.6 0.0639956
321.889 120 48.6 0.0646323
321.082 119.4 48.8 0.0614492
321.613 119.6 48.8 0.0616924
322.156 119.8 48.8 0.0624938
322.71 120 48.8 0.0635378
323.276 120.2 48.8 0.064298
322.957 119.8 49 0.0616532
323.508 120 49 0.0631909
324.071 120.2 49 0.0648541
324.645 120.4 49 0.0667867
325.231 120.6 49 0.0691796
324.284 120 49.2 0.0639037
324.843 120.2 49.2 0.066595
325.412 120.4 49.2 0.069819
325.994 120.6 49.2 0.0736832
326.586 120.8 49.2 0.0784776
327.189 121 49.2 0.0837556
326.157 120.4 49.4 0.0739593
326.733 120.6 49.4 0.0792042
327.32 120.8 49.4 0.0853996
327.918 121 49.4 0.091155
328.526 121.2 49.4 0.0952616
329.146 121.4 49.4 0.0979576
328.032 120.8 49.6 0.0921846
328.623 121 49.6 0.0978688
329.225 121.2 49.6 0.0992358
329.838 121.4 49.6 0.0986036
330.461 121.6 49.6 0.096841
331.095 121.8 49.6 0.0934235
329.902 121.2 49.8 0.100321
330.507 121.4 49.8 0.0963197
331.123 121.6 49.8 0.0915162
331.748 121.8 49.8 0.0870574
332.384 122 49.8 0.0821558
333.029 122.2 49.8 0.0762126
331.763 121.6 50 0.0844682
332.38 121.8 50 0.079771
333.007 122 50 0.0749936
333.643 122.2 50 0.0690702
334.289 122.4 50 0.0629582
334.945 122.6 50 0.0571628
335.61 122.8 50 0.0514697
334.236 122.2 50.2 0.0616905
334.872 122.4 50.2 0.0560414
335.518 122.6 50.2 0.0508587
336.172 122.8 50.2 0.046367
336.835 123 50.2 0.0430384
337.508 123.2 50.2 0.0414009
338.189 123.4 50.2 0.0407055
336.715 122.8 50.4 0.0421338
337.367 123 50.4 0.040198
338.027 123.2 50.4 0.0394763
338.696 123.4 50.4 0.0394364
339.373 123.6 50.4 0.0396779
340.059 123.8 50.4 0.0398812
340.752 124 50.4 0.0398149
341.453 124.2 50.4 0.0390771
18.5472 133.8 50.4 0.0379334
19.2482 134 50.4 0.0393746
339.186 123.4 50.6 0.0386913
339.851 123.6 50.6 0.0390484
340.523 123.8 50.6 0.0391424
341.203 124 50.6 0.0389586
341.89 124.2 50.6 0.0378757
342.585 124.4 50.6 0.0364223
343.286 124.6 50.6 0.0345706
343.995 124.8 50.6 0.0322233
344.71 125 50.6 0.0299303
15.2903 133 50.6 0.0329656
16.0054 133.2 50.6 0.0337329
16.7138 133.4 50.6 0.034414
17.4154 133.6 50.6 0.0352469
18.1099 133.8 50.6 0.0365027
18.7971 134 50.6 0.0379518
341.638 124 50.8 0.0371315
342.311 124.2 50.8 0.0360679
342.992 124.4 50.8 0.0346672
343.679 124.6 50.8 0.0328162
344.373 124.8 50.8 0.0303649
345.073 125 50.8 0.0280191
345.779 125.2 50.8 0.0265195
346.491 125.4 50.8 0.0256376
347.209 125.6 50.8 0.0252311
347.932 125.8 50.8 0.025295
348.66 126 50.8 0.0259055
349.393 126.2 50.8 0.0271754
10.6069 131.8 50.8 0.0638939
11.34 132 50.8 0.0819226
12.0681 132.2 50.8 0.0732167
12.7911 132.4 50.8 0.0532571
13.5087 132.6 50.8 0.0353249
14.2207 132.8 50.8 0.0308971
14.9268 133 50.8 0.0323815
15.6268 133.2 50.8 0.0331392
16.3206 133.4 50.8 0.0335515
17.0079 133.6 50.8 0.0341455
17.6885 133.8 50.8 0.0352098
18.3624 134 50.8 0.03651
344.738 124.8 51 0.0285866
345.423 125 51 0.0261921
346.114 125.2 51 0.0249956
346.811 125.4 51 0.0244089
347.513 125.6 51 0.0243202
348.22 125.8 51 0.0248082
348.932 126 51 0.0257805
349.648 126.2 51 0.0270535
350.369 126.4 51 0.0284349
351.093 126.6 51 0.0294817
351.822 126.8 51 0.029495
352.554 127 51 0.0292407
353.289 127.2 51 0.0301511
354.028 127.4 51 0.0307816
354.768 127.6 51 0.0304012
355.511 127.8 51 0.0274055
356.256 128 51 0.0242242
357.003 128.2 51 0.0233905
357.751 128.4 51 0.0229963
358.5 128.6 51 0.0221888
359.25 128.8 51 0.0194541
0 129 51 0.0171408
0.750035 129.2 51 0.0170599
1.49974 129.4 51 0.0181913
2.24877 129.6 51 0.0198412
2.9968 129.8 51 0.0215556
3.74351 130 51 0.0226675
4.48857 130.2 51 0.0232716
5.23165 130.4 51 0.0230827
5.97243 130.6 51 0.0222373
6.71061 130.8 51 0.0203512
7.44589 131 51 0.0191135
8.17795 131.2 51 0.0190097
8.90651 131.4 51 0.0229618
9.63129 131.6 51 0.0352009
10.352 131.8 51 0.069133
11.0684 132 51 0.0988791
11.7802 132.2 51 0.0823925
12.4872 132.4 51 0.0563687
13.1891 132.6 51 0.0334327
13.8858 132.8 51 0.0304881
14.5769 133 51 0.0330267
15.2623 133.2 51 0.0329145
349.193 126 51.2 0.0255203
349.893 126.2 51.2 0.0268585
350.598 126.4 51.2 0.0282485
351.306 126.6 51.2 0.0293969
352.017 126.8 51.2 0.0299534
352.733 127 51.2 0.0301327
353.451 127.2 51.2 0.0303224
354.171 127.4 51.2 0.0300305
354.894 127.6 51.2 0.0288974
355.62 127.8 51.2 0.0265665
356.347 128 51.2 0.0242737
357.076 128.2 51.2 0.0232097
357.806 128.4 51.2 0.0224951
358.537 128.6 51.2 0.0212726
359.268 128.8 51.2 0.0188747
0 129 51.2 0.0168389
0.731845 129.2 51.2 0.0165702
1.46338 129.4 51.2 0.0176203
2.19429 129.6 51.2 0.0193349
2.92426 129.8 51.2 0.0211578
3.65299 130 51.2 0.0225734
4.38018 130.2 51.2 0.0233621
5.10552 130.4 51.2 0.0233001
5.82871 130.6 51.2 0.0222888
6.54947 130.8 51.2 0.0202714
7.2675 131 51.2 0.0184837
7.98252 131.2 51.2 0.0182315
8.69427 131.4 51.2 0.0223011
9.40247 131.6 51.2 0.0344754
10.1069 131.8 51.2 0.0584506
10.8072 132 51.2 0.0775896
356.434 128 51.4 0.024193
357.145 128.2 51.4 0.0230901
357.858 128.4 51.4 0.0220971
358.572 128.6 51.4 0.0205976
359.286 128.8 51.4 0.018192
0 129 51.4 0.0161865
0.714368 129.2 51.4 0.0159976
1.42844 129.4 51.4 0.0171625
2.14194 129.6 51.4 0.0190523
2.85455 129.8 51.4 0.0210443
3.56601 130 51.4 0.0227171
