112 -44 637.549
112 -43 617.582
112 -42 599.202
112 -41 582.557
112 -40 567.799
112 -39 555.075
112 -38 544.527
112 -37 536.284
112 -36 530.457
112 -35 527.129
112 -34 526.342
112 -33 528.059
112 -32 532.192
112 -31 539.066
112 -30 548.182
112 -29 559.525
112 -28 572.989
112 -27 588.441
112 -26 605.728
112 -25 624.694
112 -24 645.19
112 -23 667.073
112 -22 690.212
112 -21 714.484
112 -20 739.779
112 -19 765.996
112 -18 793.044
112 -17 820.841
112 -16 849.314
112 -15 878.396
112 -14 908.029
112 -13 938.161
112 -12 968.744
112 -11 999.736
112 -10 1031.1
112 -9 1062.81
112 -8 1094.82
112 -7 1127.12
113 -44 615.709
113 -43 594.644
113 -42 575.16
113 -41 557.422
113 -40 541.6
113 -39 527.862
113 -38 516.373
113 -37 507.286
113 -36 500.736
113 -35 496.826
113 -34 495.614
113 -33 497.062
113 -32 501.12
113 -31 508.055
113 -30 517.366
113 -29 529.043
113 -28 542.958
113 -27 558.949
113 -26 576.843
113 -25 596.464
113 -24 617.647
113 -23 640.235
113 -22 664.086
113 -21 689.069
113 -20 715.067
113 -19 741.974
113 -18 769.693
113 -17 798.142
113 -16 827.244
113 -15 856.932
113 -14 887.147
113 -13 917.838
113 -12 948.957
113 -11 980.464
113 -10 1012.32
113 -9 1044.5
113 -8 1076.96
113 -7 1109.7
114 -44 594.449
114 -43 572.245
114 -42 551.607
114 -41 532.716
114 -40 515.761
114 -39 500.936
114 -38 488.432
114 -37 478.43
114 -36 471.094
114 -35 466.554
114 -34 464.886
114 -33 466.052
114 -32 470.056
114 -31 477.067
114 -30 486.627
114 -29 498.7
114 -28 513.135
114 -27 529.739
114 -26 548.312
114 -25 568.658
114 -24 590.592
114 -23 613.944
114 -22 638.561
114 -21 664.302
114 -20 691.042
114 -19 718.67
114 -18 747.088
114 -17 776.209
114 -16 805.957
114 -15 836.263
114 -14 867.07
114 -13 898.326
114 -12 929.984
114 -11 962.005
114 -10 994.355
114 -9 1027
114 -8 1059.91
114 -7 1093.07
115 -44 573.838
115 -43 550.456
115 -42 528.612
115 -41 508.504
115 -40 490.343
115 -39 474.35
115 -38 460.746
115 -37 449.747
115 -36 441.551
115 -35 436.32
115 -34 434.158
115 -33 435.03
115 -32 439.002
115 -31 446.115
115 -30 455.982
115 -29 468.527
115 -28 483.562
115 -27 500.862
115 -26 520.195
115 -25 541.342
115 -24 564.098
115 -23 588.278
115 -22 613.714
115 -21 640.258
115 -20 667.779
115 -19 696.16
115 -18 725.301
115 -17 755.113
115 -16 785.519
115 -15 816.453
115 -14 847.856
115 -13 879.679
115 -12 911.877
115 -11 944.41
115 -10 977.247
115 -9 1010.36
115 -8 1043.71
115 -7 1077.29
116 -44 553.95
116 -43 529.354
116 -42 506.254
116 -41 484.864
116 -40 465.418
116 -39 448.167
116 -38 433.367
116 -37 421.275
116 -36 412.13
116 -35 406.139
116 -34 403.438
116 -33 403.996
116 -32 407.957
116 -31 415.213
116 -30 425.457
116 -29 438.56
116 -28 454.291
116 -27 472.381
116 -26 492.566
116 -25 514.598
116 -24 538.251
116 -23 563.323
116 -22 589.634
116 -21 617.027
116 -20 645.364
116 -19 674.525
116 -18 704.408
116 -17 734.925
116 -16 765.999
116 -15 797.565
116 -14 829.567
116 -13 861.955
116 -12 894.688
116 -11 927.728
116 -10 961.044
116 -9 994.608
116 -8 1028.4
116 -7 1062.38
117 -44 534.869
117 -43 509.028
117 -42 484.625
117 -41 461.887
117 -40 441.074
117 -39 422.466
117 -38 406.362
117 -37 393.063
117 -36 382.865
117 -35 376.025
117 -34 372.728
117 -33 372.951
117 -32 376.918
117 -31 384.377
117 -30 395.082
117 -29 408.849
117 -28 425.385
117 -27 444.375
117 -26 465.513
117 -25 488.521
117 -24 513.151
117 -23 539.182
117 -22 566.422
117 -21 594.705
117 -20 623.889
117 -19 653.853
117 -18 684.494
117 -17 715.724
117 -16 747.47
117 -15 779.669
117 -14 812.265
117 -13 845.212
117 -12 878.472
117 -11 912.009
117 -10 945.793
117 -9 979.799
117 -8 1014.01
117 -7 1048.39
118 -44 516.688
118 -43 489.578
118 -42 463.829
118 -41 439.682
118 -40 417.415
118 -39 397.343
118 -38 379.811
118 -37 365.176
118 -36 353.795
118 -35 345.999
118 -34 342.034
118 -33 341.896
118 -32 345.888
118 -31 353.625
118 -30 364.901
118 -29 379.456
118 -28 396.928
118 -27 416.94
118 -26 439.144
118 -25 463.228
118 -24 488.917
118 -23 515.972
118 -22 544.191
118 -21 573.401
118 -20 603.458
118 -19 634.24
118 -18 665.647
118 -17 697.594
118 -16 730.009
118 -15 762.833
118 -14 796.014
118 -13 829.51
118 -12 863.283
118 -11 897.302
118 -10 931.54
118 -9 965.974
118 -8 1000.58
118 -7 1035.35
119 -44 499.507
119 -43 471.115
119 -42 443.988
119 -41 418.374
119 -40 394.569
119 -39 372.92
119 -38 353.821
119 -37 337.695
119 -36 324.978
119 -35 316.09
119 -34 311.365
119 -33 310.832
119 -32 314.873
119 -31 322.985
119 -30 334.968
119 -29 350.464
119 -28 369.023
119 -27 390.199
119 -26 413.594
119 -25 438.857
119 -24 465.687
119 -23 493.828
119 -22 523.069
119 -21 553.234
119 -20 584.18
119 -19 615.789
119 -18 647.962
119 -17 680.62
119 -16 713.694
119 -15 747.131
119 -14 780.882
119 -13 814.908
119 -12 849.177
119 -11 883.66
119 -10 918.332
119 -9 953.173
119 -8 988.166
119 -7 1023.29
120 -44 483.434
120 -43 453.762
120 -42 425.237
120 -41 398.111
120 -40 372.689
120 -39 349.348
120 -38 328.529
120 -37 310.733
120 -36 296.491
120 -35 286.338
120 -34 280.731
120 -33 279.759
120 -32 283.889
120 -31 292.499
120 -30 305.359
120 -29 321.983
120 -28 341.808
120 -27 364.309
120 -26 389.029
120 -25 415.576
120 -24 443.623
120 -23 472.902
120 -22 503.197
120 -21 534.335
120 -20 566.176
120 -19 598.607
120 -18 631.536
120 -17 664.889
120 -16 698.605
120 -15 732.633
120 -14 766.932
120 -13 801.466
120 -12 836.208
120 -11 871.131
120 -10 906.215
120 -9 941.441
120 -8 976.795
120 -7 1012.26
121 -44 468.584
121 -43 437.652
121 -42 407.731
121 -41 379.064
121 -40 351.961
121 -39 326.815
121 -38 304.114
121 -37 284.439
121 -36 268.441
121 -35 256.802
121 -34 250.15
121 -33 248.681
121 -32 252.955
121 -31 262.224
121 -30 276.182
121 -29 294.162
121 -28 315.464
121 -27 339.469
121 -26 365.653
121 -25 393.582
121 -24 422.91
121 -23 453.365
121 -22 484.732
121 -21 516.845
121 -20 549.571
121 -19 582.807
121 -18 616.47
121 -17 650.493
121 -16 684.822
121 -15 719.413
121 -14 754.231
121 -13 789.244
121 -12 824.43
121 -11 859.765
121 -10 895.233
121 -9 930.818
121 -8 966.508
121 -7 1002.29
122 -44 455.077
122 -43 422.928
122 -42 391.637
122 -41 361.428
122 -40 332.603
122 -39 305.557
122 -38 280.809
122 -37 259.022
122 -36 240.983
122 -35 227.568
122 -34 219.645
122 -33 217.597
122 -32 222.095
122 -31 232.249
122 -30 247.591
122 -29 267.208
122 -28 290.233
122 -27 315.933
122 -26 343.713
122 -25 373.106
122 -24 403.76
122 -23 435.405
122 -22 467.84
122 -21 500.909
122 -20 534.493
122 -19 568.502
122 -18 602.863
122 -17 637.519
122 -16 672.424
122 -15 707.542
122 -14 742.843
122 -13 778.301
122 -12 813.896
122 -11 849.611
122 -10 885.431
122 -9 921.345
122 -8 957.341
122 -7 993.41
123 -44 443.035
123 -43 409.738
123 -42 377.135
123 -41 345.421
123 -40 314.871
123 -39 285.863
123 -38 258.923
123 -37 234.772
123 -36 214.349
123 -35 198.776
123 -34 189.26
123 -33 186.512
123 -32 191.348
123 -31 202.711
123 -30 219.815
123 -29 241.418
123 -28 266.441
123 -27 294.022
123 -26 323.506
123 -25 354.415
123 -24 386.404
123 -23 419.225
123 -22 452.694
123 -21 486.677
123 -20 521.073
123 -19 555.806
123 -18 590.816
123 -17 626.057
123 -16 661.492
123 -15 697.091
123 -14 732.831
123 -13 768.691
123 -12 804.657
123 -11 840.713
123 -10 876.85
123 -9 913.057
123 -8 949.326
123 -7 985.651
124 -44 432.585
124 -43 398.236
124 -42 364.413
124 -41 331.277
124 -40 299.055
124 -39 268.082
124 -38 238.853
124 -37 212.101
124 -36 188.891
124 -35 170.649
124 -34 159.066
124 -33 155.427
124 -32 160.787
124 -31 173.834
124 -30 193.207
124 -29 217.215
124 -28 244.517
124 -27 274.13
124 -26 305.379
124 -25 337.803
124 -24 371.093
124 -23 405.033
124 -22 439.472
124 -21 474.302
124 -20 509.442
124 -19 544.833
124 -18 580.429
124 -17 616.194
124 -16 652.101
124 -15 688.127
124 -14 724.255
124 -13 760.469
124 -12 796.759
124 -11 833.115
124 -10 869.527
124 -9 905.989
124 -8 942.496
124 -7 979.042
125 -44 423.846
125 -43 388.574
125 -42 353.665
125 -41 319.239
125 -40 285.469
125 -39 252.618
125 -38 221.098
125 -37 191.582
125 -36 165.168
125 -35 143.583
125 -34 129.205
125 -33 124.341
125 -32 130.555
125 -31 146.011
125 -30 168.33
125 -29 195.206
125 -28 225.016
125 -27 256.732
125 -26 289.719
125 -25 323.586
125 -24 358.082
125 -23 393.042
125 -22 428.352
125 -21 463.933
125 -20 499.727
125 -19 535.692
125 -18 571.794
125 -17 608.011
125 -16 644.321
125 -15 680.711
125 -14 717.167
125 -13 753.681
125 -12 790.244
125 -11 826.85
125 -10 863.494
125 -9 900.169
125 -8 936.874
125 -7 973.604
126 -44 416.931
126 -43 380.898
126 -42 345.081
126 -41 309.557
126 -40 274.44
126 -39 239.908
126 -38 206.253
126 -37 173.986
126 -36 144.061
126 -35 118.313
126 -34 99.9852
126 -33 93.2559
126 -32 100.964
126 -31 119.975
126 -30 146.1
126 -29 176.23
126 -28 208.62
126 -27 242.352
126 -26 276.933
126 -25 312.083
126 -24 347.629
126 -23 383.461
126 -22 419.507
126 -21 455.714
126 -20 492.048
126 -19 528.482
126 -18 564.997
126 -17 601.577
126 -16 638.213
126 -15 674.893
126 -14 711.612
126 -13 748.364
126 -12 785.144
126 -11 821.949
126 -10 858.774
126 -9 895.619
126 -8 932.479
126 -7 969.354
127 -44 411.93
127 -43 375.33
127 -42 338.83
127 -41 302.467
127 -40 266.295
127 -39 230.409
127 -38 194.966
127 -37 160.263
127 -36 126.9
127 -35 96.3085
127 -34 72.1935
127 -33 62.1706
127 -32 72.7991
127 -31 97.2154
127 -30 127.928
127 -29 161.348
127 -28 196.082
127 -27 231.54
127 -26 267.436
127 -25 303.613
127 -24 339.981
127 -23 376.484
127 -22 413.087
127 -21 449.765
127 -20 486.5
127 -19 523.281
127 -18 560.098
127 -17 596.945
127 -16 633.816
127 -15 670.708
127 -14 707.617
127 -13 744.541
127 -12 781.477
127 -11 818.424
127 -10 855.381
127 -9 892.346
127 -8 929.318
127 -7 966.297
128 -44 408.882
128 -43 371.94
128 -42 335.023
128 -41 298.14
128 -40 261.306
128 -39 224.543
128 -38 187.897
128 -37 151.453
128 -36 115.413
128 -35 80.3352
128 -34 48.3846
128 -33 31.0853
128 -32 48.6121
128 -31 80.608
128 -30 115.697
128 -29 151.74
128 -28 188.186
128 -27 224.834
128 -26 261.598
128 -25 298.435
128 -24 335.321
128 -23 372.241
128 -22 409.186
128 -21 446.15
128 -20 483.128
128 -19 520.118
128 -18 557.117
128 -17 594.124
128 -16 631.137
128 -15 668.156
128 -14 705.178
128 -13 742.205
128 -12 779.235
128 -11 816.268
128 -10 853.303
128 -9 890.341
128 -8 927.38
128 -7 964.422
129 -44 407.715
129 -43 370.65
129 -42 333.585
129 -41 296.52
129 -40 259.455
129 -39 222.39
129 -38 185.325
129 -37 148.26
129 -36 111.195
129 -35 74.13
129 -34 37.065
129 -33 0
129 -32 37.065
129 -31 74.13
129 -30 111.195
129 -29 148.26
129 -28 185.325
129 -27 222.39
129 -26 259.455
129 -25 296.52
129 -24 333.585
129 -23 370.65
129 -22 407.715
129 -21 444.78
129 -20 481.845
129 -19 518.91
129 -18 555.975
129 -17 593.04
129 -16 630.105
129 -15 667.17
129 -14 704.235
129 -13 741.3
129 -12 778.365
129 -11 815.43
129 -10 852.494
129 -9 889.559
129 -8 926.624
129 -7 963.689
130 -44 408.882
130 -43 371.94
130 -42 335.023
130 -41 298.14
130 -40 261.306
130 -39 224.543
130 -38 187.897
130 -37 151.453
130 -36 115.413
130 -35 80.3352
130 -34 48.3846
130 -33 31.0853
130 -32 48.9218
130 -31 80.7245
130 -30 115.752
130 -29 151.776
130 -28 188.211
130 -27 224.854
130 -26 261.615
130 -25 298.449
130 -24 335.333
130 -23 372.252
130 -22 409.196
130 -21 446.158
130 -20 483.136
130 -19 520.125
130 -18 557.124
130 -17 594.13
130 -16 631.143
130 -15 668.16
130 -14 705.183
130 -13 742.209
130 -12 779.239
130 -11 816.272
130 -10 853.307
130 -9 890.344
130 -8 927.384
130 -7 964.425
131 -44 411.93
131 -43 375.33
131 -42 338.83
131 -41 302.467
131 -40 266.295
131 -39 230.409
131 -38 194.966
131 -37 160.263
131 -36 126.9
131 -35 96.3085
131 -34 72.1935
131 -33 62.1706
131 -32 72.9562
131 -31 97.5331
131 -30 128.131
131 -29 161.468
131 -28 196.162
131 -27 231.599
131 -26 267.482
131 -25 303.65
131 -24 340.013
131 -23 376.512
131 -22 413.112
131 -21 449.787
131 -20 486.52
131 -19 523.299
131 -18 560.115
131 -17 596.96
131 -16 633.831
131 -15 670.721
131 -14 707.63
131 -13 744.552
131 -12 781.488
131 -11 818.435
131 -10 855.391
131 -9 892.355
131 -8 929.327
131 -7 966.306
132 -44 416.931
132 -43 380.898
132 -42 345.081
132 -41 309.557
132 -40 274.44
132 -39 239.908
132 -38 206.253
132 -37 173.986
132 -36 144.061
132 -35 118.313
132 -34 99.9852
132 -33 93.2559
132 -32 101.037
132 -31 120.217
132 -30 146.421
132 -29 176.48
132 -28 208.793
132 -27 242.476
132 -26 277.027
132 -25 312.158
132 -24 347.69
132 -23 383.513
132 -22 419.552
132 -21 455.754
132 -20 492.084
132 -19 528.514
132 -18 565.026
132 -17 601.605
132 -16 638.238
132 -15 674.917
132 -14 711.634
132 -13 748.385
132 -12 785.164
132 -11 821.967
132 -10 858.792
132 -9 895.635
132 -8 932.495
132 -7 969.369
133 -44 423.846
133 -43 388.574
133 -42 353.665
133 -41 319.239
133 -40 285.469
133 -39 252.618
133 -38 221.098
133 -37 191.582
133 -36 165.168
133 -35 143.583
133 -34 129.205
133 -33 124.341
133 -32 130.598
133 -31 146.159
133 -30 168.606
133 -29 195.529
133 -28 225.294
133 -27 256.946
133 -26 289.884
133 -25 323.715
133 -24 358.187
133 -23 393.129
133 -22 428.426
133 -21 463.998
133 -20 499.784
133 -19 535.743
133 -18 571.84
133 -17 608.052
133 -16 644.36
133 -15 680.746
133 -14 717.2
133 -13 753.712
133 -12 790.274
133 -11 826.878
133 -10 863.52
133 -9 900.194
133 -8 936.898
133 -7 973.627
134 -44 432.585
134 -43 398.236
134 -42 364.413
134 -41 331.277
134 -40 299.055
134 -39 268.082
134 -38 238.853
134 -37 212.101
134 -36 188.891
134 -35 170.649
134 -34 159.066
134 -33 155.427
134 -32 160.816
134 -31 173.931
134 -30 193.404
134 -29 217.505
134 -28 244.841
134 -27 274.425
134 -26 305.623
134 -25 338.002
134 -24 371.255
134 -23 405.167
134 -22 439.586
134 -21 474.399
134 -20 509.527
134 -19 544.908
134 -18 580.496
134 -17 616.255
134 -16 652.156
134 -15 688.178
134 -14 724.302
134 -13 760.513
134 -12 796.8
134 -11 833.153
134 -10 869.563
134 -9 906.023
134 -8 942.528
134 -7 979.073
135 -44 443.035
135 -43 409.738
135 -42 377.135
135 -41 345.421
135 -40 314.871
135 -39 285.863
135 -38 258.923
135 -37 234.772
135 -36 214.349
135 -35 198.776
135 -34 189.26
135 -33 186.512
135 -32 191.369
135 -31 202.778
135 -30 219.956
135 -29 241.645
135 -28 266.739
135 -27 294.346
135 -26 323.811
135 -25 354.682
135 -24 386.631
135 -23 419.416
135 -22 452.856
135 -21 486.816
135 -20 521.194
135 -19 555.912
135 -18 590.91
135 -17 626.142
135 -16 661.568
135 -15 697.161
135 -14 732.895
135 -13 768.751
135 -12 804.712
135 -11 840.765
135 -10 876.898
135 -9 913.102
135 -8 949.369
135 -7 985.692
136 -44 455.077
136 -43 422.928
136 -42 391.637
136 -41 361.428
136 -40 332.603
136 -39 305.557
136 -38 280.809
136 -37 259.022
136 -36 240.983
136 -35 227.568
136 -34 219.645
136 -33 217.597
136 -32 222.111
136 -31 232.299
136 -30 247.695
136 -29 267.382
136 -28 290.48
136 -27 316.235
136 -26 344.037
136 -25 373.419
136 -24 404.043
136 -23 435.654
136 -22 468.055
136 -21 501.096
136 -20 534.657
136 -19 568.646
136 -18 602.99
136 -17 637.633
136 -16 672.527
136 -15 707.635
136 -14 742.928
136 -13 778.379
136 -12 813.968
136 -11 849.678
136 -10 885.494
136 -9 921.403
136 -8 957.396
136 -7 993.462
137 -44 468.584
137 -43 437.652
137 -42 407.731
137 -41 379.064
137 -40 351.961
137 -39 326.815
137 -38 304.114
137 -37 284.439
137 -36 268.441
137 -35 256.802
137 -34 250.15
137 -33 248.681
137 -32 252.968
137 -31 262.263
137 -30 276.261
137 -29 294.296
137 -28 315.661
137 -27 339.728
137 -26 365.957
137 -25 393.906
137 -24 423.228
137 -23 453.661
137 -22 484.999
137 -21 517.082
137 -20 549.781
137 -19 582.993
137 -18 616.635
137 -17 650.641
137 -16 684.955
137 -15 719.534
137 -14 754.341
137 -13 789.345
137 -12 824.523
137 -11 859.851
137 -10 895.313
137 -9 930.893
137 -8 966.578
137 -7 1002.36
138 -44 483.434
138 -43 453.762
138 -42 425.237
138 -41 398.111
138 -40 372.689
138 -39 349.348
138 -38 328.529
138 -37 310.733
138 -36 296.491
138 -35 286.338
138 -34 280.731
138 -33 279.759
138 -32 283.898
138 -31 292.53
138 -30 305.421
138 -29 322.088
138 -28 341.966
138 -27 364.524
138 -26 389.296
138 -25 415.881
138 -24 443.946
138 -23 473.223
138 -22 503.503
138 -21 534.617
138 -20 566.432
138 -19 598.837
138 -18 631.743
138 -17 665.075
138 -16 698.773
138 -15 732.785
138 -14 767.071
138 -13 801.594
138 -12 836.325
138 -11 871.239
138 -10 906.315
138 -9 941.534
138 -8 976.882
138 -7 1012.34
139 -44 499.507
139 -43 471.115
139 -42 443.988
139 -41 418.374
139 -40 394.569
139 -39 372.92
139 -38 353.821
139 -37 337.695
139 -36 324.978
139 -35 316.09
139 -34 311.365
139 -33 310.832
139 -32 314.88
139 -31 323.01
139 -30 335.017
139 -29 350.549
139 -28 369.15
139 -27 390.376
139 -26 413.821
139 -25 439.129
139 -24 465.992
139 -23 494.15
139 -22 523.392
139 -21 553.546
139 -20 584.473
139 -19 616.059
139 -18 648.209
139 -17 680.845
139 -16 713.899
139 -15 747.318
139 -14 781.052
139 -13 815.065
139 -12 849.321
139 -11 883.793
139 -10 918.455
139 -9 953.288
139 -8 988.273
139 -7 1023.39
140 -44 516.688
140 -43 489.578
140 -42 463.829
140 -41 439.682
140 -40 417.415
140 -39 397.343
140 -38 379.811
140 -37 365.176
140 -36 353.795
140 -35 345.999
140 -34 342.034
140 -33 341.896
140 -32 345.893
140 -31 353.645
140 -30 364.942
140 -29 379.525
140 -28 397.032
140 -27 417.086
140 -26 439.335
140 -25 463.464
140 -24 489.191
140 -23 516.276
140 -22 544.512
140 -21 573.725
140 -20 603.775
140 -19 634.542
140 -18 665.93
140 -17 697.857
140 -16 730.251
140 -15 763.056
140 -14 796.219
140 -13 829.698
140 -12 863.457
140 -11 897.463
140 -10 931.689
140 -9 966.112
140 -8 1000.71
140 -7 1035.47
141 -44 534.869
141 -43 509.028
141 -42 484.625
141 -41 461.887
141 -40 441.074
141 -39 422.466
141 -38 406.362
141 -37 393.063
141 -36 382.865
141 -35 376.025
141 -34 372.728
141 -33 372.951
141 -32 376.923
141 -31 384.393
141 -30 395.116
141 -29 408.906
141 -28 425.472
141 -27 444.496
141 -26 465.674
141 -25 488.724
141 -24 513.393
141 -23 539.459
141 -22 566.725
141 -21 595.024
141 -20 624.214
141 -19 654.173
141 -18 684.803
141 -17 716.018
141 -16 747.746
141 -15 779.925
141 -14 812.503
141 -13 845.433
141 -12 878.677
141 -11 912.199
141 -10 945.97
141 -9 979.964
141 -8 1014.16
141 -7 1048.53
142 -44 553.95
142 -43 529.354
142 -42 506.254
142 -41 484.864
142 -40 465.418
142 -39 448.167
142 -38 433.367
142 -37 421.275
142 -36 412.13
142 -35 406.139
142 -34 403.438
142 -33 403.996
142 -32 407.96
142 -31 415.227
142 -30 425.485
142 -29 438.608
142 -28 454.363
142 -27 472.484
142 -26 492.703
142 -25 514.771
142 -24 538.462
142 -23 563.569
142 -22 589.912
142 -21 617.329
142 -20 645.681
142 -19 674.849
142 -18 704.731
142 -17 735.239
142 -16 766.301
142 -15 797.852
142 -14 829.836
142 -13 862.208
142 -12 894.924
142 -11 927.948
142 -10 961.25
142 -9 994.8
142 -8 1028.57
142 -7 1062.55
143 -44 573.838
143 -43 550.456
143 -42 528.612
143 -41 508.504
143 -40 490.343
143 -39 474.35
143 -38 460.746
143 -37 449.747
143 -36 441.551
143 -35 436.32
143 -34 434.158
143 -33 435.03
143 -32 439.004
143 -31 446.127
143 -30 456.006
143 -29 468.567
143 -28 483.624
143 -27 500.949
143 -26 520.312
143 -25 541.491
143 -24 564.281
143 -23 588.495
143 -22 613.964
143 -21 640.536
143 -20 668.08
143 -19 696.476
143 -18 725.625
143 -17 755.437
143 -16 785.837
143 -15 816.761
143 -14 848.152
143 -13 879.96
143 -12 912.142
143 -11 944.66
143 -10 977.481
143 -9 1010.58
143 -8 1043.92
143 -7 1077.48
144 -44 594.449
144 -43 572.245
144 -42 551.607
144 -41 532.716
144 -40 515.761
144 -39 500.936
144 -38 488.432
144 -37 478.43
144 -36 471.094
144 -35 466.554
144 -34 464.886
144 -33 466.052
144 -32 470.057
144 -31 477.077
144 -30 486.647
144 -29 498.735
144 -28 513.187
144 -27 529.813
144 -26 548.412
144 -25 568.786
144 -24 590.751
144 -23 614.135
144 -22 638.783
144 -21 664.553
144 -20 691.32
144 -19 718.969
144 -18 747.402
144 -17 776.532
144 -16 806.281
144 -15 836.585
144 -14 867.384
144 -13 898.628
144 -12 930.274
144 -11 962.282
144 -10 994.616
144 -9 1027.25
144 -8 1060.15
144 -7 1093.29
145 -44 615.709
145 -43 594.644
145 -42 575.16
145 -41 557.422
145 -40 541.6
145 -39 527.862
145 -38 516.373
145 -37 507.286
145 -36 500.736
145 -35 496.826
145 -34 495.614
145 -33 497.062
145 -32 501.121
145 -31 508.062
145 -30 517.383
145 -29 529.073
145 -28 543.003
145 -27 559.013
145 -26 576.929
145 -25 596.575
145 -24 617.785
145 -23 640.402
145 -22 664.283
145 -21 689.295
145 -20 715.32
145 -19 742.251
145 -18 769.991
145 -17 798.454
145 -16 827.565
145 -15 857.256
145 -14 887.471
145 -13 918.156
145 -12 949.266
145 -11 980.762
145 -10 1012.61
145 -9 1044.77
145 -8 1077.22
145 -7 1109.94
146 -44 637.549
146 -43 617.582
146 -42 599.202
146 -41 582.557
146 -40 567.799
146 -39 555.075
146 -38 544.527
146 -37 536.284
146 -36 530.457
146 -35 527.129
146 -34 526.342
146 -33 528.059
146 -32 532.193
146 -31 539.071
146 -30 548.196
146 -29 559.55
146 -28 573.028
146 -27 588.496
146 -26 605.802
146 -25 624.791
146 -24 645.311
146 -23 667.22
146 -22 690.386
146 -21 714.686
146 -20 740.008
146 -19 766.25
146 -18 793.321
146 -17 821.137
146 -16 849.624
146 -15 878.716
146 -14 908.353
146 -13 938.485
146 -12 969.064
146 -11 1000.05
146 -10 1031.41
146 -9 1063.1
146 -8 1095.1
146 -7 1127.39
147 -44 659.91
147 -43 640.999
147 -42 623.673
147 -41 608.065
147 -40 594.309
147 -39 582.534
147 -38 572.861
147 -37 565.4
147 -36 560.242
147 -35 557.454
147 -34 557.065
147 -33 559.042
147 -32 563.272
147 -31 570.094
147 -30 579.072
147 -29 590.143
147 -28 603.23
147 -27 618.221
147 -26 634.982
147 -25 653.376
147 -24 673.266
147 -23 694.523
147 -22 717.025
147 -21 740.656
147 -20 765.314
147 -19 790.901
147 -18 817.329
147 -17 844.52
147 -16 872.401
147 -15 900.906
147 -14 929.978
147 -13 959.565
147 -12 989.619
147 -11 1020.1
147 -10 1050.97
147 -9 1082.19
147 -8 1113.75
147 -7 1145.6
148 -44 682.737
148 -43 664.842
148 -42 648.522
148 -41 633.898
148 -40 621.086
148 -39 610.201
148 -38 601.345
148 -37 594.613
148 -36 590.079
148 -35 587.795
148 -34 587.783
148 -33 590.011
148 -32 594.354
148 -31 601.128
148 -30 609.999
148 -29 620.829
148 -28 633.58
148 -27 648.15
148 -26 664.425
148 -25 682.282
148 -24 701.598
148 -23 722.255
148 -22 744.14
148 -21 767.147
148 -20 791.178
148 -19 816.143
148 -18 841.958
148 -17 868.547
148 -16 895.841
148 -15 923.776
148 -14 952.295
148 -13 981.346
148 -12 1010.88
148 -11 1040.86
148 -10 1071.25
148 -9 1102.01
148 -8 1133.11
148 -7 1164.53
149 -44 705.983
149 -43 689.063
149 -42 673.705
149 -41 660.014
149 -40 648.095
149 -39 638.046
149 -38 629.958
149 -37 623.907
149 -36 619.956
149 -35 618.146
149 -34 618.493
149 -33 620.965
149 -32 625.437
149 -31 632.17
149 -30 640.965
149 -29 651.594
149 -28 664.056
149 -27 678.255
149 -26 694.096
149 -25 711.468
149 -24 730.26
149 -23 750.365
149 -22 771.679
149 -21 794.103
149 -20 817.546
149 -19 841.922
149 -18 867.153
149 -17 893.166
149 -16 919.894
149 -15 947.275
149 -14 975.256
149 -13 1003.78
149 -12 1032.81
149 -11 1062.3
149 -10 1092.21
149 -9 1122.51
149 -8 1153.16
149 -7 1184.15
150 -44 729.603
150 -43 713.622
150 -42 699.181
150 -41 686.379
150 -40 675.305
150 -39 666.046
150 -38 658.678
150 -37 653.268
150 -36 649.866
150 -35 648.505
150 -34 649.194
150 -33 651.904
150 -32 656.516
150 -31 663.222
150 -30 671.958
150 -29 682.426
150 -28 694.637
150 -27 708.512
150 -26 723.964
150 -25 740.898
150 -24 759.214
150 -23 778.812
150 -22 799.597
150 -21 821.477
150 -20 844.368
150 -19 868.189
150 -18 892.865
150 -17 918.327
150 -16 944.511
150 -15 971.359
150 -14 998.816
150 -13 1026.83
150 -12 1055.37
150 -11 1084.37
150 -10 1113.81
150 -9 1143.65
150 -8 1173.87
150 -7 1204.42
151 -44 753.561
151 -43 738.48
151 -42 724.919
151 -41 712.961
151 -40 702.689
151 -39 694.177
151 -38 687.491
151 -37 682.685
151 -36 679.802
151 -35 678.867
151 -34 679.884
151 -33 682.827
151 -32 687.587
151 -31 694.284
151 -30 702.97
151 -29 713.313
151 -28 725.307
151 -27 738.898
151 -26 754.005
151 -25 770.544
151 -24 788.425
151 -23 807.557
151 -22 827.853
151 -21 849.228
151 -20 871.601
151 -19 894.898
151 -18 919.048
151 -17 943.986
151 -16 969.649
151 -15 995.983
151 -14 1022.93
151 -13 1050.46
151 -12 1078.5
151 -11 1107.03
151 -10 1136.01
151 -9 1165.41
151 -8 1195.18
151 -7 1225.31
152 -44 777.821
152 -43 763.607
152 -42 750.886
152 -41 739.736
152 -40 730.226
152 -39 722.422
152 -38 716.381
152 -37 712.148
152 -36 709.757
152 -35 709.228
152 -34 710.561
152 -33 713.733
152 -32 718.647
152 -31 725.355
152 -30 733.994
152 -29 744.245
152 -28 756.054
152 -27 769.396
152 -26 784.195
152 -25 800.379
152 -24 817.864
152 -23 836.569
152 -22 856.412
152 -21 877.316
152 -20 899.206
152 -19 922.01
152 -18 945.663
152 -17 970.102
152 -16 995.268
152 -15 1021.11
152 -14 1047.57
152 -13 1074.61
152 -12 1102.19
152 -11 1130.26
152 -10 1158.78
152 -9 1187.74
152 -8 1217.08
152 -7 1246.79
153 -44 802.354
153 -43 788.973
153 -42 777.059
153 -41 766.679
153 -40 757.896
153 -39 750.765
153 -38 745.337
153 -37 741.648
153 -36 739.726
153 -35 739.586
153 -34 741.226
153 -33 744.622
153 -32 749.692
153 -31 756.433
153 -30 765.029
153 -29 775.212
153 -28 786.865
153 -27 799.99
153 -26 814.517
153 -25 830.379
153 -24 847.505
153 -23 865.818
153 -22 885.244
153 -21 905.71
153 -20 927.148
153 -19 949.489
153 -18 972.672
153 -17 996.637
153 -16 1021.33
153 -15 1046.7
153 -14 1072.69
153 -13 1099.27
153 -12 1126.39
153 -11 1154
153 -10 1182.09
153 -9 1210.61
153 -8 1239.53
153 -7 1268.83
154 -44 827.133
154 -43 814.553
154 -42 803.413
154 -41 793.77
154 -40 785.681
154 -39 779.193
154 -38 774.348
154 -37 771.178
154 -36 769.705
154 -35 769.939
154 -34 771.875
154 -33 775.492
154 -32 780.72
154 -31 787.516
154 -30 796.073
154 -29 806.205
154 -28 817.733
154 -27 830.667
154 -26 844.952
154 -25 860.526
154 -24 877.325
154 -23 895.279
154 -22 914.32
154 -21 934.38
154 -20 955.395
154 -19 977.302
154 -18 1000.04
154 -17 1023.56
154 -16 1047.8
154 -15 1072.71
154 -14 1098.26
154 -13 1124.39
154 -12 1151.06
154 -11 1178.24
154 -10 1205.9
154 -9 1234
154 -8 1262.5
154 -7 1291.39
155 -44 852.132
155 -43 840.325
155 -42 829.928
155 -41 820.992
155 -40 813.566
155 -39 807.693
155 -38 803.406
155 -37 800.732
155 -36 799.689
155 -35 800.283
155 -34 802.508
155 -33 806.344
155 -32 811.73
155 -31 818.601
155 -30 827.127
155 -29 837.216
155 -28 848.647
155 -27 861.414
155 -26 875.487
155 -25 890.803
155 -24 907.305
155 -23 924.93
155 -22 943.616
155 -21 963.299
155 -20 983.92
155 -19 1005.42
155 -18 1027.74
155 -17 1050.83
155 -16 1074.64
155 -15 1099.13
155 -14 1124.24
155 -13 1149.94
155 -12 1176.19
155 -11 1202.95
155 -10 1230.18
155 -9 1257.87
155 -8 1285.97
155 -7 1314.46
156 -44 877.33
156 -43 866.268
156 -42 856.586
156 -41 848.329
156 -40 841.54
156 -39 836.254
156 -38 832.502
156 -37 830.304
156 -36 829.675
156 -35 830.618
156 -34 833.125
156 -33 837.176
156 -32 842.721
156 -31 849.682
156 -30 858.19
156 -29 868.24
156 -28 879.599
156 -27 892.224
156 -26 906.109
156 -25 921.194
156 -24 937.427
156 -23 954.752
156 -22 973.11
156 -21 992.444
156 -20 1012.7
156 -19 1033.81
156 -18 1055.74
156 -17 1078.43
156 -16 1101.84
156 -15 1125.91
156 -14 1150.61
156 -13 1175.89
156 -12 1201.73
156 -11 1228.08
156 -10 1254.91
156 -9 1282.19
156 -8 1309.9
156 -7 1338
157 -44 902.707
157 -43 892.365
157 -42 883.372
157 -41 875.768
157 -40 869.59
157 -39 864.869
157 -38 861.63
157 -37 859.89
157 -36 859.66
157 -35 860.94
157 -34 863.723
157 -33 867.988
157 -32 873.693
157 -31 880.757
157 -30 889.263
157 -29 899.273
157 -28 910.58
157 -27 923.088
157 -26 936.805
157 -25 951.685
157 -24 967.675
157 -23 984.726
157 -22 1002.78
157 -21 1021.79
157 -20 1041.7
157 -19 1062.46
157 -18 1084.02
157 -17 1106.33
157 -16 1129.35
157 -15 1153.03
157 -14 1177.33
157 -13 1202.22
157 -12 1227.66
157 -11 1253.62
157 -10 1280.06
157 -9 1306.95
157 -8 1334.27
157 -7 1361.99
158 -44 928.246
158 -43 918.599
158 -42 910.27
158 -41 903.295
158 -40 897.705
158 -39 893.528
158 -38 890.783
158 -37 889.485
158 -36 889.641
158 -35 891.249
158 -34 894.302
158 -33 898.779
158 -32 904.644
158 -31 911.82
158 -30 920.342
158 -29 930.317
158 -28 941.582
158 -27 953.998
158 -26 967.568
158 -25 982.265
158 -24 998.036
158 -23 1014.84
158 -22 1032.62
158 -21 1051.33
158 -20 1070.92
158 -19 1091.34
158 -18 1112.55
158 -17 1134.51
158 -16 1157.16
158 -15 1180.47
158 -14 1204.4
158 -13 1228.91
158 -12 1253.96
158 -11 1279.54
158 -10 1305.6
158 -9 1332.11
158 -8 1359.06
158 -7 1386.4
159 -44 953.929
159 -43 944.955
159 -42 937.268
159 -41 930.9
159 -40 925.878
159 -39 922.224
159 -38 919.956
159 -37 919.085
159 -36 919.614
159 -35 921.543
159 -34 924.861
159 -33 929.548
159 -32 935.573
159 -31 942.868
159 -30 951.426
159 -29 961.37
159 -28 972.598
159 -27 984.945
159 -26 998.389
159 -25 1012.92
159 -24 1028.5
159 -23 1045.07
159 -22 1062.6
159 -21 1081.03
159 -20 1100.33
159 -19 1120.44
159 -18 1141.32
159 -17 1162.94
159 -16 1185.24
159 -15 1208.2
159 -14 1231.77
159 -13 1255.91
159 -12 1280.61
159 -11 1305.81
159 -10 1331.51
159 -9 1357.66
159 -8 1384.24
159 -7 1411.22
