80.5 20.5 1644.96
80.5 21.5 1620.12
80.5 22.5 1596.08
80.5 23.5 1573.51
80.5 24.5 1552.15
80.5 25.5 1530.71
80.5 26.5 1511.35
80.5 27.5 1491.91
80.5 28.5 1472.15
80.5 29.5 1454.53
80.5 30.5 1437.59
80.5 31.5 1423.02
80.5 32.5 1404.43
80.5 33.5 1385.16
80.5 34.5 1366.77
80.5 35.5 1349.7
80.5 36.5 1333.67
80.5 37.5 1318.46
80.5 38.5 1305.49
80.5 39.5 1295.53
80.5 40.5 1283.06
80.5 41.5 1268.64
80.5 42.5 1256.98
80.5 43.5 1246.42
80.5 44.5 1236.39
80.5 45.5 1229.75
80.5 46.5 1225.9
80.5 47.5 1223.99
80.5 48.5 1226.5
80.5 49.5 1232.69
80.5 50.5 1238.64
80.5 51.5 1239.58
81.5 20.5 1618.88
81.5 21.5 1594.52
81.5 22.5 1569.83
81.5 23.5 1546.32
81.5 24.5 1524.45
81.5 25.5 1503.23
81.5 26.5 1482.68
81.5 27.5 1464.48
81.5 28.5 1444.24
81.5 29.5 1425.92
81.5 30.5 1408.92
81.5 31.5 1394.06
81.5 32.5 1378.47
81.5 33.5 1359.13
81.5 34.5 1339.86
81.5 35.5 1322.35
81.5 36.5 1306
81.5 37.5 1290.59
81.5 38.5 1277.59
81.5 39.5 1266.7
81.5 40.5 1255.9
81.5 41.5 1241.62
81.5 42.5 1230.41
81.5 43.5 1221.05
81.5 44.5 1211.21
81.5 45.5 1204
81.5 46.5 1200.47
81.5 47.5 1198.95
81.5 48.5 1202.2
81.5 49.5 1208.99
81.5 50.5 1215.38
81.5 51.5 1216.52
82.5 20.5 1592.38
82.5 21.5 1568.48
82.5 22.5 1544.25
82.5 23.5 1519.82
82.5 24.5 1496.97
82.5 25.5 1475.84
82.5 26.5 1454.73
82.5 27.5 1435.61
82.5 28.5 1416.91
82.5 29.5 1397.47
82.5 30.5 1380.57
82.5 31.5 1365.25
82.5 32.5 1352.48
82.5 33.5 1333.19
82.5 34.5 1313.38
82.5 35.5 1295.12
82.5 36.5 1278.46
82.5 37.5 1263.36
82.5 38.5 1250.13
82.5 39.5 1238.84
82.5 40.5 1228.25
82.5 41.5 1214.3
82.5 42.5 1203.81
82.5 43.5 1195.42
82.5 44.5 1186.49
82.5 45.5 1178.53
82.5 46.5 1175.03
82.5 47.5 1173.92
82.5 48.5 1178.01
82.5 49.5 1185.32
82.5 50.5 1192.09
82.5 51.5 1193.46
83.5 20.5 1565.05
83.5 21.5 1542.04
83.5 22.5 1518.23
83.5 23.5 1494.13
83.5 24.5 1470.16
83.5 25.5 1448.1
83.5 26.5 1427.43
83.5 27.5 1406.98
83.5 28.5 1389.24
83.5 29.5 1369.61
83.5 30.5 1351.99
83.5 31.5 1336.56
83.5 32.5 1323.5
83.5 33.5 1307.15
83.5 34.5 1287.27
83.5 35.5 1268.22
83.5 36.5 1251.43
83.5 37.5 1236.33
83.5 38.5 1222.69
83.5 39.5 1211.34
83.5 40.5 1200.21
83.5 41.5 1186.87
83.5 42.5 1176.86
83.5 43.5 1169.51
83.5 44.5 1161.43
83.5 45.5 1153.41
83.5 46.5 1149.59
83.5 47.5 1148.9
83.5 48.5 1153.93
83.5 49.5 1161.7
83.5 50.5 1168.6
83.5 51.5 1170.43
84.5 20.5 1537.64
84.5 21.5 1515.03
84.5 22.5 1491.93
84.5 23.5 1468.22
84.5 24.5 1444.23
84.5 25.5 1420.92
84.5 26.5 1399.81
84.5 27.5 1379.24
84.5 28.5 1360.42
84.5 29.5 1342.39
84.5 30.5 1323.58
84.5 31.5 1308.36
84.5 32.5 1294.13
84.5 33.5 1281.01
84.5 34.5 1261.12
84.5 35.5 1241.72
84.5 36.5 1224.53
84.5 37.5 1209.24
84.5 38.5 1195.38
84.5 39.5 1183.92
84.5 40.5 1172.15
84.5 41.5 1159.44
84.5 42.5 1149.64
84.5 43.5 1143.17
84.5 44.5 1135.89
84.5 45.5 1128.25
84.5 46.5 1124.14
84.5 47.5 1123.89
84.5 48.5 1129.97
84.5 49.5 1138.14
84.5 50.5 1145.03
84.5 51.5 1147.42
85.5 20.5 1510.05
85.5 21.5 1487.73
85.5 22.5 1465.31
85.5 23.5 1442.11
85.5 24.5 1418.52
85.5 25.5 1394.64
85.5 26.5 1372.22
85.5 27.5 1351.95
85.5 28.5 1332.11
85.5 29.5 1314.55
85.5 30.5 1295.89
85.5 31.5 1280.01
85.5 32.5 1264.86
85.5 33.5 1252.94
85.5 34.5 1234.92
85.5 35.5 1215.3
85.5 36.5 1197.24
85.5 37.5 1181.6
85.5 38.5 1168
85.5 39.5 1155.9
85.5 40.5 1144.07
85.5 41.5 1132
85.5 42.5 1122.45
85.5 43.5 1116.48
85.5 44.5 1109.7
85.5 45.5 1102.68
85.5 46.5 1098.72
85.5 47.5 1098.93
85.5 48.5 1106.1
85.5 49.5 1114.65
85.5 50.5 1121.5
85.5 51.5 1124.43
86.5 20.5 1483.1
86.5 21.5 1460
86.5 22.5 1437.9
86.5 23.5 1415.63
86.5 24.5 1392.51
86.5 25.5 1369.08
86.5 26.5 1345.45
86.5 27.5 1324.21
86.5 28.5 1304.89
86.5 29.5 1286.21
86.5 30.5 1268.91
86.5 31.5 1251.74
86.5 32.5 1236.03
86.5 33.5 1223.27
86.5 34.5 1208.68
86.5 35.5 1188.95
86.5 36.5 1170
86.5 37.5 1153.67
86.5 38.5 1139.74
86.5 39.5 1127.34
86.5 40.5 1115.76
86.5 41.5 1104.68
86.5 42.5 1095.49
86.5 43.5 1089.69
86.5 44.5 1083.27
86.5 45.5 1076.83
86.5 46.5 1073.41
86.5 47.5 1074.35
86.5 48.5 1082.31
86.5 49.5 1091.22
86.5 50.5 1098
86.5 51.5 1101.48
87.5 20.5 1456.69
87.5 21.5 1432.84
87.5 22.5 1410.36
87.5 23.5 1388.34
87.5 24.5 1366.03
87.5 25.5 1343.03
87.5 26.5 1319.79
87.5 27.5 1296.85
87.5 28.5 1277.41
87.5 29.5 1258.35
87.5 30.5 1241.18
87.5 31.5 1224.17
87.5 32.5 1207.73
87.5 33.5 1193.94
87.5 34.5 1182.84
87.5 35.5 1162.61
87.5 36.5 1143.22
87.5 37.5 1126.08
87.5 38.5 1111.51
87.5 39.5 1098.94
87.5 40.5 1087.8
87.5 41.5 1077.69
87.5 42.5 1068.87
87.5 43.5 1063.11
87.5 44.5 1056.81
87.5 45.5 1051.06
87.5 46.5 1048.48
87.5 47.5 1050.47
87.5 48.5 1058.58
87.5 49.5 1067.88
87.5 50.5 1074.52
87.5 51.5 1078.56
88.5 20.5 1430.7
88.5 21.5 1406.28
88.5 22.5 1382.9
88.5 23.5 1361.08
88.5 24.5 1339.24
88.5 25.5 1316.72
88.5 26.5 1293.83
88.5 27.5 1270.72
88.5 28.5 1249.48
88.5 29.5 1230.85
88.5 30.5 1213.23
88.5 31.5 1197.33
88.5 32.5 1179.83
88.5 33.5 1164.97
88.5 34.5 1153.55
88.5 35.5 1136.5
88.5 36.5 1116.87
88.5 37.5 1098.73
88.5 38.5 1083.59
88.5 39.5 1071.01
88.5 40.5 1060.3
88.5 41.5 1051.08
88.5 42.5 1042.56
88.5 43.5 1036.62
88.5 44.5 1030.38
88.5 45.5 1025.59
88.5 46.5 1023.83
88.5 47.5 1026.63
88.5 48.5 1034.88
88.5 49.5 1044.62
88.5 50.5 1051.06
88.5 51.5 1055.69
89.5 20.5 1404.89
89.5 21.5 1380.22
89.5 22.5 1356.14
89.5 23.5 1333.34
89.5 24.5 1311.87
89.5 25.5 1290.27
89.5 26.5 1267.8
89.5 27.5 1245.09
89.5 28.5 1222.61
89.5 29.5 1203.28
89.5 30.5 1185.64
89.5 31.5 1170.02
89.5 32.5 1152.37
89.5 33.5 1136.39
89.5 34.5 1123.83
89.5 35.5 1111.06
89.5 36.5 1090.71
89.5 37.5 1071.9
89.5 38.5 1056.1
89.5 39.5 1043.49
89.5 40.5 1033.28
89.5 41.5 1025.02
89.5 42.5 1016.55
89.5 43.5 1010.2
89.5 44.5 1004.29
89.5 45.5 1000.38
89.5 46.5 999.265
89.5 47.5 1002.84
89.5 48.5 1011.24
89.5 49.5 1021.44
89.5 50.5 1027.64
89.5 51.5 1032.88
90.5 20.5 1379.07
90.5 21.5 1354.37
90.5 22.5 1329.97
90.5 23.5 1306.31
90.5 24.5 1284.3
90.5 25.5 1262.92
90.5 26.5 1241.31
90.5 27.5 1219.1
90.5 28.5 1197.1
90.5 29.5 1175.79
90.5 30.5 1158.4
90.5 31.5 1141.75
90.5 32.5 1125.4
90.5 33.5 1108.2
90.5 34.5 1094.41
90.5 35.5 1085.63
90.5 36.5 1064.91
90.5 37.5 1045.8
90.5 38.5 1029.05
90.5 39.5 1016.3
90.5 40.5 1006.5
90.5 41.5 998.857
90.5 42.5 990.821
90.5 43.5 984.169
90.5 44.5 978.738
90.5 45.5 975.405
90.5 46.5 974.898
90.5 47.5 979.044
90.5 48.5 987.677
90.5 49.5 998.276
90.5 50.5 1004.26
90.5 51.5 1010.12
91.5 20.5 1352.83
91.5 21.5 1328.82
91.5 22.5 1304.07
91.5 23.5 1279.97
91.5 24.5 1256.87
91.5 25.5 1235.69
91.5 26.5 1214.53
91.5 27.5 1192.68
91.5 28.5 1170.82
91.5 29.5 1149.69
91.5 30.5 1130.74
91.5 31.5 1113.64
91.5 32.5 1098
91.5 33.5 1080.36
91.5 34.5 1065.26
91.5 35.5 1055.77
91.5 36.5 1039.76
91.5 37.5 1020
91.5 38.5 1002.43
91.5 39.5 989.249
91.5 40.5 979.799
91.5 41.5 972.644
91.5 42.5 965.239
91.5 43.5 958.699
91.5 44.5 953.777
91.5 45.5 951.014
91.5 46.5 950.856
91.5 47.5 955.304
91.5 48.5 964.203
91.5 49.5 974.933
91.5 50.5 980.948
91.5 51.5 987.422
92.5 20.5 1324.36
92.5 21.5 1302.44
92.5 22.5 1278.57
92.5 23.5 1254.04
92.5 24.5 1230.27
92.5 25.5 1207.93
92.5 26.5 1187.12
92.5 27.5 1166.27
92.5 28.5 1144.83
92.5 29.5 1123.76
92.5 30.5 1104.03
92.5 31.5 1085.74
92.5 32.5 1069.9
92.5 33.5 1052.89
92.5 34.5 1036.44
92.5 35.5 1025.56
92.5 36.5 1014.1
92.5 37.5 994.087
92.5 38.5 976.22
92.5 39.5 962.498
92.5 40.5 953.381
92.5 41.5 946.732
92.5 42.5 939.969
92.5 43.5 933.817
92.5 44.5 929.157
92.5 45.5 926.818
92.5 46.5 926.948
92.5 47.5 931.609
92.5 48.5 940.833
92.5 49.5 951.34
92.5 50.5 957.699
92.5 51.5 964.806
93.5 20.5 1296.67
93.5 21.5 1274.72
93.5 22.5 1252.13
93.5 23.5 1228.37
93.5 24.5 1204.26
93.5 25.5 1180.95
93.5 26.5 1159.68
93.5 27.5 1139.17
93.5 28.5 1118.54
93.5 29.5 1098.78
93.5 30.5 1078.4
93.5 31.5 1058.68
93.5 32.5 1041.9
93.5 33.5 1025.22
93.5 34.5 1008.04
93.5 35.5 995.677
93.5 36.5 987.176
93.5 37.5 968.373
93.5 38.5 950.246
93.5 39.5 936.224
93.5 40.5 927.183
93.5 41.5 921.138
93.5 42.5 914.993
93.5 43.5 909.14
93.5 44.5 904.785
93.5 45.5 902.476
93.5 46.5 903.145
93.5 47.5 907.943
93.5 48.5 917.573
93.5 49.5 927.733
93.5 50.5 934.527
93.5 51.5 942.284
94.5 20.5 1269.6
94.5 21.5 1246.64
94.5 22.5 1225.67
94.5 23.5 1202.2
94.5 24.5 1178.47
94.5 25.5 1154.76
94.5 26.5 1132.13
94.5 27.5 1112.1
94.5 28.5 1092.47
94.5 29.5 1072.96
94.5 30.5 1053.06
94.5 31.5 1033.32
94.5 32.5 1014.22
94.5 33.5 997.181
94.5 34.5 980.345
94.5 35.5 966.909
94.5 36.5 958.195
94.5 37.5 942.065
94.5 38.5 924.426
94.5 39.5 910.777
94.5 40.5 901.341
94.5 41.5 895.643
94.5 42.5 890.178
94.5 43.5 884.587
94.5 44.5 880.431
94.5 45.5 878.177
94.5 46.5 879.343
94.5 47.5 884.308
94.5 48.5 894.412
94.5 49.5 904.158
94.5 50.5 911.44
94.5 51.5 919.876
95.5 20.5 1242.54
95.5 21.5 1219.43
95.5 22.5 1197.09
95.5 23.5 1176.68
95.5 24.5 1152.87
95.5 25.5 1128.88
95.5 26.5 1105.67
95.5 27.5 1084.7
95.5 28.5 1065.55
95.5 29.5 1046.83
95.5 30.5 1027.93
95.5 31.5 1007.76
95.5 32.5 987.66
95.5 33.5 969.476
95.5 34.5 953.763
95.5 35.5 939.234
95.5 36.5 928.758
95.5 37.5 915.139
95.5 38.5 899.205
95.5 39.5 885.692
95.5 40.5 875.841
95.5 41.5 870.24
95.5 42.5 865.431
95.5 43.5 859.972
95.5 44.5 855.871
95.5 45.5 853.941
95.5 46.5 855.498
95.5 47.5 860.717
95.5 48.5 871.268
95.5 49.5 880.601
95.5 50.5 888.445
95.5 51.5 897.602
96.5 20.5 1215.87
96.5 21.5 1192.37
96.5 22.5 1169.52
96.5 23.5 1148.18
96.5 24.5 1126.64
96.5 25.5 1103.71
96.5 26.5 1080
96.5 27.5 1058.03
96.5 28.5 1039.23
96.5 29.5 1021.1
96.5 30.5 1001.48
96.5 31.5 982.27
96.5 32.5 961.272
96.5 33.5 942.68
96.5 34.5 927.138
96.5 35.5 911.716
96.5 36.5 899.91
96.5 37.5 887.651
96.5 38.5 873.756
96.5 39.5 860.374
96.5 40.5 850.473
96.5 41.5 844.92
96.5 42.5 840.56
96.5 43.5 835.176
96.5 44.5 831.276
96.5 45.5 829.711
96.5 46.5 831.623
96.5 47.5 837.198
96.5 48.5 847.963
96.5 49.5 857.066
96.5 50.5 865.547
96.5 51.5 875.484
97.5 20.5 1190.29
97.5 21.5 1165.49
97.5 22.5 1142.47
97.5 23.5 1120.01
97.5 24.5 1100.38
97.5 25.5 1078.1
97.5 26.5 1055.57
97.5 27.5 1032.9
97.5 28.5 1012.44
97.5 29.5 994.384
97.5 30.5 975.822
97.5 31.5 956.219
97.5 32.5 935.31
97.5 33.5 916.39
97.5 34.5 899.822
97.5 35.5 884.569
97.5 36.5 871.583
97.5 37.5 859.795
97.5 38.5 848.014
97.5 39.5 834.943
97.5 40.5 825.173
97.5 41.5 819.481
97.5 42.5 815.347
97.5 43.5 810.172
97.5 44.5 806.675
97.5 45.5 805.409
97.5 46.5 807.746
97.5 47.5 813.786
97.5 48.5 824.454
97.5 49.5 833.582
97.5 50.5 842.752
97.5 51.5 853.541
98.5 20.5 1164.32
98.5 21.5 1139.67
98.5 22.5 1115.47
98.5 23.5 1093.23
98.5 24.5 1072.68
98.5 25.5 1054.72
98.5 26.5 1031.65
98.5 27.5 1008.88
98.5 28.5 986.559
98.5 29.5 967.596
98.5 30.5 949.438
98.5 31.5 930.107
98.5 32.5 910.853
98.5 33.5 890.279
98.5 34.5 872.536
98.5 35.5 857.78
98.5 36.5 844.44
98.5 37.5 832.261
98.5 38.5 822.014
98.5 39.5 809.125
98.5 40.5 799.532
98.5 41.5 793.73
98.5 42.5 789.804
98.5 43.5 785.064
98.5 44.5 782.055
98.5 45.5 781.055
98.5 46.5 783.884
98.5 47.5 790.511
98.5 48.5 800.866
98.5 49.5 810.191
98.5 50.5 820.077
98.5 51.5 831.777
99.5 20.5 1137.04
99.5 21.5 1114.84
99.5 22.5 1090.06
99.5 23.5 1067.06
99.5 24.5 1045.56
99.5 25.5 1026.17
99.5 26.5 1007
99.5 27.5 986.272
99.5 28.5 962.166
99.5 29.5 940.41
99.5 30.5 922.321
99.5 31.5 904.591
99.5 32.5 885.507
99.5 33.5 865.112
99.5 34.5 846.079
99.5 35.5 830.886
99.5 36.5 817.658
99.5 37.5 805.292
99.5 38.5 795.368
99.5 39.5 783.103
99.5 40.5 773.603
99.5 41.5 767.784
99.5 42.5 764.1
99.5 43.5 759.928
99.5 44.5 757.41
99.5 45.5 756.699
99.5 46.5 760.046
99.5 47.5 766.938
99.5 48.5 777.255
99.5 49.5 786.929
99.5 50.5 797.562
99.5 51.5 810.109
100.5 20.5 1111.03
100.5 21.5 1086.98
100.5 22.5 1066.61
100.5 23.5 1041.7
100.5 24.5 1019.3
100.5 25.5 998.164
100.5 26.5 980.552
100.5 27.5 959.157
100.5 28.5 938.914
100.5 29.5 914.77
100.5 30.5 895.609
100.5 31.5 877.768
100.5 32.5 859.498
100.5 33.5 840.665
100.5 34.5 820.42
100.5 35.5 804.001
100.5 36.5 790.156
100.5 37.5 778.684
100.5 38.5 768.312
100.5 39.5 757.244
100.5 40.5 747.675
100.5 41.5 741.814
100.5 42.5 738.354
100.5 43.5 734.901
100.5 44.5 732.68
100.5 45.5 732.323
100.5 46.5 736.217
100.5 47.5 743.13
100.5 48.5 753.674
100.5 49.5 763.813
100.5 50.5 775.255
100.5 51.5 788.239
101.5 20.5 1085.82
101.5 21.5 1060.59
101.5 22.5 1038.29
101.5 23.5 1016.88
101.5 24.5 993.367
101.5 25.5 971.587
101.5 26.5 952.29
101.5 27.5 933.586
101.5 28.5 912.971
101.5 29.5 891.048
101.5 30.5 868.939
101.5 31.5 851.139
101.5 32.5 833.561
101.5 33.5 814.778
101.5 34.5 795.765
101.5 35.5 777.667
101.5 36.5 763.067
101.5 37.5 752.056
101.5 38.5 741.226
101.5 39.5 731.829
101.5 40.5 721.917
101.5 41.5 715.922
101.5 42.5 712.661
101.5 43.5 709.943
101.5 44.5 707.838
101.5 45.5 707.931
101.5 46.5 712.358
101.5 47.5 719.337
101.5 48.5 730.108
101.5 49.5 740.845
101.5 50.5 753.2
101.5 51.5 766.311
102.5 20.5 1061.43
102.5 21.5 1035.44
102.5 22.5 1011.15
102.5 23.5 990.905
102.5 24.5 968.183
102.5 25.5 945.538
102.5 26.5 925.512
102.5 27.5 908.305
102.5 28.5 887.053
102.5 29.5 869.493
102.5 30.5 844.59
102.5 31.5 825.464
102.5 32.5 807.226
102.5 33.5 788.758
102.5 34.5 770.291
102.5 35.5 751.979
102.5 36.5 736.568
102.5 37.5 725.334
102.5 38.5 714.556
102.5 39.5 706.608
102.5 40.5 696.391
102.5 41.5 690.138
102.5 42.5 687.104
102.5 43.5 684.909
102.5 44.5 682.905
102.5 45.5 683.547
102.5 46.5 688.472
102.5 47.5 695.575
102.5 48.5 706.565
102.5 49.5 718.019
102.5 50.5 731.411
102.5 51.5 744.623
103.5 20.5 1038.78
103.5 21.5 1011.12
103.5 22.5 986.26
103.5 23.5 963.733
103.5 24.5 943.294
103.5 25.5 919.591
103.5 26.5 898.523
103.5 27.5 881.16
103.5 28.5 862.433
103.5 29.5 842.465
103.5 30.5 822.978
103.5 31.5 798.98
103.5 32.5 781.303
103.5 33.5 762.339
103.5 34.5 744.153
103.5 35.5 726.921
103.5 36.5 710.596
103.5 37.5 698.347
103.5 38.5 687.896
103.5 39.5 680.806
103.5 40.5 671.034
103.5 41.5 664.36
103.5 42.5 661.696
103.5 43.5 659.721
103.5 44.5 657.888
103.5 45.5 659.175
103.5 46.5 664.55
103.5 47.5 671.882
103.5 48.5 683.119
103.5 49.5 695.375
103.5 50.5 709.779
103.5 51.5 723.138
104.5 20.5 1017.08
104.5 21.5 989.261
104.5 22.5 963.121
104.5 23.5 939.198
104.5 24.5 917
104.5 25.5 895.023
104.5 26.5 871.958
104.5 27.5 853.261
104.5 28.5 837.042
104.5 29.5 816.237
104.5 30.5 797.346
104.5 31.5 774.404
104.5 32.5 756.654
104.5 33.5 736.801
104.5 34.5 718.624
104.5 35.5 701.545
104.5 36.5 685.035
104.5 37.5 671.719
104.5 38.5 661.23
104.5 39.5 653.958
104.5 40.5 645.674
104.5 41.5 638.589
104.5 42.5 636.22
104.5 43.5 634.377
104.5 44.5 632.796
104.5 45.5 634.843
104.5 46.5 640.597
104.5 47.5 648.283
104.5 48.5 659.856
104.5 49.5 673.019
104.5 50.5 687.891
104.5 51.5 701.868
105.5 20.5 995.338
105.5 21.5 968.413
105.5 22.5 941.95
105.5 23.5 916.179
105.5 24.5 892.365
105.5 25.5 870.736
105.5 26.5 847.234
105.5 27.5 826.176
105.5 28.5 809.539
105.5 29.5 790.538
105.5 30.5 770.771
105.5 31.5 749.091
105.5 32.5 729.791
105.5 33.5 712.623
105.5 34.5 693.463
105.5 35.5 676.134
105.5 36.5 659.882
105.5 37.5 645.024
105.5 38.5 634.465
105.5 39.5 626.824
105.5 40.5 619.952
105.5 41.5 612.822
105.5 42.5 610.468
105.5 43.5 608.872
105.5 44.5 607.647
105.5 45.5 610.558
105.5 46.5 616.643
105.5 47.5 624.723
105.5 48.5 636.809
105.5 49.5 651.038
105.5 50.5 665.945
105.5 51.5 680.839
106.5 20.5 975.545
106.5 21.5 947.26
106.5 22.5 921.207
106.5 23.5 894.924
106.5 24.5 869.2
106.5 25.5 846.061
106.5 26.5 823.959
106.5 27.5 800.89
106.5 28.5 781.456
106.5 29.5 764.216
106.5 30.5 744.848
106.5 31.5 724.225
106.5 32.5 703.471
106.5 33.5 690.984
106.5 34.5 669.384
106.5 35.5 651.204
106.5 36.5 634.648
106.5 37.5 618.782
106.5 38.5 607.165
106.5 39.5 599.492
106.5 40.5 593.766
106.5 41.5 586.852
106.5 42.5 584.463
106.5 43.5 583.221
106.5 44.5 582.475
106.5 45.5 586.272
106.5 46.5 592.729
106.5 47.5 601.162
106.5 48.5 613.94
106.5 49.5 629.393
106.5 50.5 644.253
106.5 51.5 660.094
107.5 20.5 956.226
107.5 21.5 927.712
107.5 22.5 900.19
107.5 23.5 874.127
107.5 24.5 848.054
107.5 25.5 822.579
107.5 26.5 799.82
107.5 27.5 776.889
107.5 28.5 755.563
107.5 29.5 737.037
107.5 30.5 718.311
107.5 31.5 698.242
107.5 32.5 678.362
107.5 33.5 664.727
107.5 34.5 646.738
107.5 35.5 626.288
107.5 36.5 608.909
107.5 37.5 592.828
107.5 38.5 579.941
107.5 39.5 572.478
107.5 40.5 567.286
107.5 41.5 560.513
107.5 42.5 558.298
107.5 43.5 557.484
107.5 44.5 557.345
107.5 45.5 561.98
107.5 46.5 568.886
107.5 47.5 577.886
107.5 48.5 591.344
107.5 49.5 607.65
107.5 50.5 622.829
107.5 51.5 639.661
108.5 20.5 938.862
108.5 21.5 908.36
108.5 22.5 880.449
108.5 23.5 853.662
108.5 24.5 827.961
108.5 25.5 801.485
108.5 26.5 776.213
108.5 27.5 753.526
108.5 28.5 730.986
108.5 29.5 710.604
108.5 30.5 691.163
108.5 31.5 671.81
108.5 32.5 653.243
108.5 33.5 637.708
108.5 34.5 624.973
108.5 35.5 602.565
108.5 36.5 583.419
108.5 37.5 567.591
108.5 38.5 553.562
108.5 39.5 544.968
108.5 40.5 539.949
108.5 41.5 533.603
108.5 42.5 532.12
108.5 43.5 531.745
108.5 44.5 532.314
108.5 45.5 537.662
108.5 46.5 545.135
108.5 47.5 555.18
108.5 48.5 569.266
108.5 49.5 585.648
108.5 50.5 601.696
108.5 51.5 619.39
109.5 20.5 921.411
109.5 21.5 890.962
109.5 22.5 862.081
109.5 23.5 834.152
109.5 24.5 807.497
109.5 25.5 781.58
109.5 26.5 755.415
109.5 27.5 730.808
109.5 28.5 708.292
109.5 29.5 685.75
109.5 30.5 665.977
109.5 31.5 645.615
109.5 32.5 627.193
109.5 33.5 611.195
109.5 34.5 598.113
109.5 35.5 580.422
109.5 36.5 559.25
109.5 37.5 542.391
109.5 38.5 527.79
109.5 39.5 517.654
109.5 40.5 513.227
109.5 41.5 507.062
109.5 42.5 506.211
109.5 43.5 506.053
109.5 44.5 507.37
109.5 45.5 513.346
109.5 46.5 521.593
109.5 47.5 532.817
109.5 48.5 547.796
109.5 49.5 563.827
109.5 50.5 580.917
109.5 51.5 598.939
110.5 20.5 905.532
110.5 21.5 874.426
110.5 22.5 845.151
110.5 23.5 816.596
110.5 24.5 788.222
110.5 25.5 760.982
110.5 26.5 735.182
110.5 27.5 709.584
110.5 28.5 685.982
110.5 29.5 663.046
110.5 30.5 640.674
110.5 31.5 621.371
110.5 32.5 601.55
110.5 33.5 585.077
110.5 34.5 570.325
110.5 35.5 556.182
110.5 36.5 536.895
110.5 37.5 517.553
110.5 38.5 502.923
110.5 39.5 491.255
110.5 40.5 486.5
110.5 41.5 481.329
110.5 42.5 480.546
110.5 43.5 480.552
110.5 44.5 482.523
110.5 45.5 489.181
110.5 46.5 498.253
110.5 47.5 510.507
110.5 48.5 526.057
110.5 49.5 542.333
110.5 50.5 560.527
110.5 51.5 578.699
111.5 20.5 891.12
111.5 21.5 859.427
111.5 22.5 829.177
111.5 23.5 799.876
111.5 24.5 771.026
111.5 25.5 742.217
111.5 26.5 714.638
111.5 27.5 688.657
111.5 28.5 663.648
111.5 29.5 640.982
111.5 30.5 617.394
111.5 31.5 597.29
111.5 32.5 577.338
111.5 33.5 559.276
111.5 34.5 544.081
111.5 35.5 530.756
111.5 36.5 515.004
111.5 37.5 494.362
111.5 38.5 478.267
111.5 39.5 466.158
111.5 40.5 459.774
111.5 41.5 455.66
111.5 42.5 454.707
111.5 43.5 455.204
111.5 44.5 457.853
111.5 45.5 465.171
111.5 46.5 474.959
111.5 47.5 487.718
111.5 48.5 503.894
111.5 49.5 521.202
111.5 50.5 540.235
111.5 51.5 558.968
112.5 20.5 876.926
112.5 21.5 845.26
112.5 22.5 814.396
112.5 23.5 784.471
112.5 24.5 754.711
112.5 25.5 725.276
112.5 26.5 696.329
112.5 27.5 668.304
112.5 28.5 642.336
112.5 29.5 618.13
112.5 30.5 594.293
112.5 31.5 572.312
112.5 32.5 553.369
112.5 33.5 533.835
112.5 34.5 518.197
112.5 35.5 503.945
112.5 36.5 489.983
112.5 37.5 471.859
112.5 38.5 453.687
112.5 39.5 441.678
112.5 40.5 433.687
112.5 41.5 429.817
112.5 42.5 428.632
112.5 43.5 429.689
112.5 44.5 433.412
112.5 45.5 441.379
112.5 46.5 451.857
112.5 47.5 465.449
112.5 48.5 482.012
112.5 49.5 500.544
112.5 50.5 519.754
112.5 51.5 539.786
113.5 20.5 862.6
113.5 21.5 829.613
113.5 22.5 800.329
113.5 23.5 769.994
113.5 24.5 739.789
113.5 25.5 709.722
113.5 26.5 679.974
113.5 27.5 650.89
113.5 28.5 622.705
113.5 29.5 596.547
113.5 30.5 571.704
113.5 31.5 548.476
113.5 32.5 529.128
113.5 33.5 509.291
113.5 34.5 491.935
113.5 35.5 477.512
113.5 36.5 465.505
113.5 37.5 449.532
113.5 38.5 429.692
113.5 39.5 416.045
113.5 40.5 407.84
113.5 41.5 403.728
113.5 42.5 402.787
113.5 43.5 404.442
113.5 44.5 409.168
113.5 45.5 417.863
113.5 46.5 429.01
113.5 47.5 443.243
113.5 48.5 460.564
113.5 49.5 480.274
113.5 50.5 499.679
113.5 51.5 521.236
114.5 20.5 849.546
114.5 21.5 815.69
114.5 22.5 783.655
114.5 23.5 754.547
114.5 24.5 726.054
114.5 25.5 694.958
114.5 26.5 664.831
114.5 27.5 634.943
114.5 28.5 605.689
114.5 29.5 577.284
114.5 30.5 550.527
114.5 31.5 526.05
114.5 32.5 504.637
114.5 33.5 484.984
114.5 34.5 465.147
114.5 35.5 449.751
114.5 36.5 440.4
114.5 37.5 425.359
114.5 38.5 407.468
114.5 39.5 390.455
114.5 40.5 381.638
114.5 41.5 377.541
114.5 42.5 377.031
114.5 43.5 379.11
114.5 44.5 384.895
114.5 45.5 394.344
114.5 46.5 406.475
114.5 47.5 421.301
114.5 48.5 439.625
114.5 49.5 459.844
114.5 50.5 480.28
114.5 51.5 503.382
115.5 20.5 834.713
115.5 21.5 801.206
115.5 22.5 768.132
115.5 23.5 737.839
115.5 24.5 708.721
115.5 25.5 680.333
115.5 26.5 650.658
115.5 27.5 619.964
115.5 28.5 590.003
115.5 29.5 560.732
115.5 30.5 532.083
115.5 31.5 505.451
115.5 32.5 481.231
115.5 33.5 459.322
115.5 34.5 438.889
115.5 35.5 421.877
115.5 36.5 411.929
115.5 37.5 398.422
115.5 38.5 383.67
115.5 39.5 365.764
115.5 40.5 355.444
115.5 41.5 351.393
115.5 42.5 351.114
115.5 43.5 353.596
115.5 44.5 360.441
115.5 45.5 370.71
115.5 46.5 384.018
115.5 47.5 400.121
115.5 48.5 419.432
115.5 49.5 439.505
115.5 50.5 461.66
115.5 51.5 486.147
116.5 20.5 821.211
116.5 21.5 786.904
116.5 22.5 752.973
116.5 23.5 720.911
116.5 24.5 691.919
116.5 25.5 662.938
116.5 26.5 634.401
116.5 27.5 607.02
116.5 28.5 575.738
116.5 29.5 545.166
116.5 30.5 515.399
116.5 31.5 486.828
116.5 32.5 459.999
116.5 33.5 435.855
116.5 34.5 414.088
116.5 35.5 395.642
116.5 36.5 383.383
116.5 37.5 370.851
116.5 38.5 356.269
116.5 39.5 341.602
116.5 40.5 329.579
116.5 41.5 325.249
116.5 42.5 325.064
116.5 43.5 328.075
116.5 44.5 335.974
116.5 45.5 347.253
116.5 46.5 361.547
116.5 47.5 379.319
116.5 48.5 399.85
116.5 49.5 420.127
116.5 50.5 443.883
116.5 51.5 469.729
117.5 20.5 809.017
117.5 21.5 774.084
117.5 22.5 739.57
117.5 23.5 705.592
117.5 24.5 674.973
117.5 25.5 646.082
117.5 26.5 617.165
117.5 27.5 588.853
117.5 28.5 561.659
117.5 29.5 532.1
117.5 30.5 500.978
117.5 31.5 470.241
117.5 32.5 441.071
117.5 33.5 414.808
117.5 34.5 391.258
117.5 35.5 371.331
117.5 36.5 356.043
117.5 37.5 343.243
117.5 38.5 328.702
117.5 39.5 315.177
117.5 40.5 304.151
117.5 41.5 299.262
117.5 42.5 299.063
117.5 43.5 303.07
117.5 44.5 311.801
117.5 45.5 324.551
117.5 46.5 339.904
117.5 47.5 359.15
117.5 48.5 380.14
117.5 49.5 402.132
117.5 50.5 426.907
117.5 51.5 453.972
118.5 20.5 799.988
118.5 21.5 763.81
118.5 22.5 727.968
118.5 23.5 692.732
118.5 24.5 659.723
118.5 25.5 630.192
118.5 26.5 601.146
118.5 27.5 572.211
118.5 28.5 543.52
118.5 29.5 516.368
118.5 30.5 488.72
118.5 31.5 456.895
118.5 32.5 425.362
118.5 33.5 395.785
118.5 34.5 369.917
118.5 35.5 348.231
118.5 36.5 330.06
118.5 37.5 315.205
118.5 38.5 301.068
118.5 39.5 287.873
118.5 40.5 278.645
118.5 41.5 273.363
118.5 42.5 273.302
118.5 43.5 278.693
118.5 44.5 288.153
118.5 45.5 302.04
118.5 46.5 318.999
118.5 47.5 339.492
118.5 48.5 361.312
118.5 49.5 385.472
118.5 50.5 411.123
118.5 51.5 438.9
119.5 20.5 791.662
119.5 21.5 755.828
119.5 22.5 720.04
119.5 23.5 684.139
119.5 24.5 648.688
119.5 25.5 615.476
119.5 26.5 585.722
119.5 27.5 556.444
119.5 28.5 527.169
119.5 29.5 498.469
119.5 30.5 471.351
119.5 31.5 444.571
119.5 32.5 411.845
119.5 33.5 379.006
119.5 34.5 350.52
119.5 35.5 326.278
119.5 36.5 305.53
119.5 37.5 287.983
119.5 38.5 273.159
119.5 39.5 260.961
119.5 40.5 252.534
119.5 41.5 247.264
119.5 42.5 247.714
119.5 43.5 254.588
119.5 44.5 265.117
119.5 45.5 280.112
119.5 46.5 299.084
119.5 47.5 320.474
119.5 48.5 343.941
119.5 49.5 369.8
119.5 50.5 396.806
119.5 51.5 424.597
120.5 20.5 783.678
120.5 21.5 747.417
120.5 22.5 711.304
120.5 23.5 675.371
120.5 24.5 639.396
120.5 25.5 604.339
120.5 26.5 571.675
120.5 27.5 541.489
120.5 28.5 512.079
120.5 29.5 482.223
120.5 30.5 453.312
120.5 31.5 425.195
120.5 32.5 397.245
120.5 33.5 363.737
120.5 34.5 332.432
120.5 35.5 305.584
120.5 36.5 283.011
120.5 37.5 263.73
120.5 38.5 246.316
120.5 39.5 233.34
120.5 40.5 225.572
120.5 41.5 221.075
120.5 42.5 221.978
120.5 43.5 230.336
120.5 44.5 242.517
120.5 45.5 259.282
120.5 46.5 280.166
120.5 47.5 302.693
120.5 48.5 327.964
120.5 49.5 355.479
120.5 50.5 383.585
120.5 51.5 411.395
121.5 20.5 775.145
121.5 21.5 739.475
121.5 22.5 703.725
121.5 23.5 667.715
121.5 24.5 631.463
121.5 25.5 595.492
121.5 26.5 560.981
121.5 27.5 528.14
121.5 28.5 497.405
121.5 29.5 467.783
121.5 30.5 437.418
121.5 31.5 407.494
121.5 32.5 377.595
121.5 33.5 347.201
121.5 34.5 316.151
121.5 35.5 286.546
121.5 36.5 261.224
121.5 37.5 240.683
121.5 38.5 221.786
121.5 39.5 206.478
121.5 40.5 197.82
121.5 41.5 194.793
121.5 42.5 196.473
121.5 43.5 205.897
121.5 44.5 220.434
121.5 45.5 239.872
121.5 46.5 262.104
121.5 47.5 286.394
121.5 48.5 313.715
121.5 49.5 342.244
121.5 50.5 370.641
121.5 51.5 398.572
122.5 20.5 766.088
122.5 21.5 730.187
122.5 22.5 694.429
122.5 23.5 658.792
122.5 24.5 623.192
122.5 25.5 587.64
122.5 26.5 552.602
122.5 27.5 517.686
122.5 28.5 484.488
122.5 29.5 453.352
122.5 30.5 423.02
122.5 31.5 392.659
122.5 32.5 361.047
122.5 33.5 329.279
122.5 34.5 298.108
122.5 35.5 268.288
122.5 36.5 240.834
122.5 37.5 217.95
122.5 38.5 198.169
122.5 39.5 181.39
122.5 40.5 170.527
122.5 41.5 168.104
122.5 42.5 171.079
122.5 43.5 181.831
122.5 44.5 199.361
122.5 45.5 221.59
122.5 46.5 245.554
122.5 47.5 272.545
122.5 48.5 300.967
122.5 49.5 329.316
122.5 50.5 357.62
122.5 51.5 386.733
123.5 20.5 758.602
123.5 21.5 722.238
123.5 22.5 685.999
123.5 23.5 649.904
123.5 24.5 613.969
123.5 25.5 578.222
123.5 26.5 542.646
123.5 27.5 507.178
123.5 28.5 472.773
123.5 29.5 440.182
123.5 30.5 408.397
123.5 31.5 377.496
123.5 32.5 346.709
123.5 33.5 314.224
123.5 34.5 281.886
123.5 35.5 250.365
123.5 36.5 221.34
123.5 37.5 196.174
123.5 38.5 174.939
123.5 39.5 156.916
123.5 40.5 145.123
123.5 41.5 141.853
123.5 42.5 146.118
123.5 43.5 159.132
123.5 44.5 179.43
123.5 45.5 203.685
123.5 46.5 230.696
123.5 47.5 259.678
123.5 48.5 288.226
123.5 49.5 316.72
123.5 50.5 346.041
123.5 51.5 376.608
124.5 20.5 753.251
124.5 21.5 716.498
124.5 22.5 679.791
124.5 23.5 643.146
124.5 24.5 606.593
124.5 25.5 570.177
124.5 26.5 533.959
124.5 27.5 498.179
124.5 28.5 463.596
124.5 29.5 429.639
124.5 30.5 396.469
124.5 31.5 363.977
124.5 32.5 332.051
124.5 33.5 300.069
124.5 34.5 268.275
124.5 35.5 235.942
124.5 36.5 205.005
124.5 37.5 177.027
124.5 38.5 152.798
124.5 39.5 133.205
124.5 40.5 119.915
124.5 41.5 116.039
124.5 42.5 121.889
124.5 43.5 137.182
124.5 44.5 159.565
124.5 45.5 186.246
124.5 46.5 216.15
124.5 47.5 246.236
124.5 48.5 275.46
124.5 49.5 305.145
124.5 50.5 336.152
124.5 51.5 368.163
125.5 20.5 749.675
125.5 21.5 712.744
125.5 22.5 675.826
125.5 23.5 638.925
125.5 24.5 602.044
125.5 25.5 565.189
125.5 26.5 528.377
125.5 27.5 492.19
125.5 28.5 457.042
125.5 29.5 422.478
125.5 30.5 388.141
125.5 31.5 353.776
125.5 32.5 319.928
125.5 33.5 286.648
125.5 34.5 254.359
125.5 35.5 222.526
125.5 36.5 191.585
125.5 37.5 161.288
125.5 38.5 133.411
125.5 39.5 110.421
125.5 40.5 94.8963
125.5 41.5 90.3743
125.5 42.5 98.3828
125.5 43.5 116.697
125.5 44.5 141.648
125.5 45.5 170.635
125.5 46.5 201.832
125.5 47.5 233.039
125.5 48.5 263.904
125.5 49.5 295.237
125.5 50.5 327.537
125.5 51.5 361.455
126.5 20.5 746.465
126.5 21.5 709.684
126.5 22.5 672.921
126.5 23.5 636.096
126.5 24.5 599.156
126.5 25.5 562.205
126.5 26.5 525.293
126.5 27.5 489.075
126.5 28.5 453.743
126.5 29.5 418.446
126.5 30.5 383.095
126.5 31.5 347.485
126.5 32.5 311.999
126.5 33.5 276.992
126.5 34.5 243.443
126.5 35.5 210.752
126.5 36.5 178.737
126.5 37.5 147.512
126.5 38.5 117.259
126.5 39.5 90.2118
126.5 40.5 70.4879
126.5 41.5 64.8722
126.5 42.5 76.0861
126.5 43.5 98.6947
126.5 44.5 126.812
126.5 45.5 157.578
126.5 46.5 189.907
126.5 47.5 222.804
126.5 48.5 255.266
126.5 49.5 287.91
126.5 50.5 321.581
126.5 51.5 357.667
127.5 20.5 743.372
127.5 21.5 706.376
127.5 22.5 669.391
127.5 23.5 632.42
127.5 24.5 595.468
127.5 25.5 558.541
127.5 26.5 521.759
127.5 27.5 486.131
127.5 28.5 450.868
127.5 29.5 415.45
127.5 30.5 379.491
127.5 31.5 343.187
127.5 32.5 307.079
127.5 33.5 271.573
127.5 34.5 236.886
127.5 35.5 203.095
127.5 36.5 170.03
127.5 37.5 137.171
127.5 38.5 104.548
127.5 39.5 73.3146
127.5 40.5 47.6886
127.5 41.5 39.3158
127.5 42.5 56.3743
127.5 43.5 84.6301
127.5 44.5 115.96
127.5 45.5 148.547
127.5 46.5 181.89
127.5 47.5 215.675
127.5 48.5 249.362
127.5 49.5 282.875
127.5 50.5 318.129
127.5 51.5 354.915
128.5 20.5 742.405
128.5 21.5 705.341
128.5 22.5 668.277
128.5 23.5 631.213
128.5 24.5 594.149
128.5 25.5 557.085
128.5 26.5 520.024
128.5 27.5 483.17
128.5 28.5 447.09
128.5 29.5 411.276
128.5 30.5 375.221
128.5 31.5 339.068
128.5 32.5 303.339
128.5 33.5 268.487
128.5 34.5 233.761
128.5 35.5 199.214
128.5 36.5 165.438
128.5 37.5 131.564
128.5 38.5 97.3033
128.5 39.5 63.0613
128.5 40.5 30.2452
128.5 41.5 14.3768
128.5 42.5 43.2077
128.5 43.5 76.4781
128.5 44.5 109.915
128.5 45.5 143.651
128.5 46.5 177.631
128.5 47.5 211.496
128.5 48.5 245.192
128.5 49.5 279.624
128.5 50.5 316.239
128.5 51.5 353.269
129.5 20.5 743.832
129.5 21.5 706.867
129.5 22.5 669.911
129.5 23.5 632.964
129.5 24.5 596.025
129.5 25.5 559.095
129.5 26.5 522.182
129.5 27.5 485.297
129.5 28.5 448.476
129.5 29.5 411.855
129.5 30.5 375.968
129.5 31.5 340.245
129.5 32.5 304.734
129.5 33.5 270.382
129.5 34.5 236.433
129.5 35.5 201.403
129.5 36.5 166.215
129.5 37.5 131.318
129.5 38.5 96.7524
129.5 39.5 62.6684
129.5 40.5 30.1502
129.5 41.5 14.6374
129.5 42.5 42.9402
129.5 43.5 76.3127
129.5 44.5 110.198
129.5 45.5 143.722
129.5 46.5 177.405
129.5 47.5 211.221
129.5 48.5 245.104
129.5 49.5 280.3
129.5 50.5 316.99
129.5 51.5 353.836
130.5 20.5 746.877
130.5 21.5 710.043
130.5 22.5 673.242
130.5 23.5 636.48
130.5 24.5 599.767
130.5 25.5 563.117
130.5 26.5 526.544
130.5 27.5 490.065
130.5 28.5 453.703
130.5 29.5 417.528
130.5 30.5 381.695
130.5 31.5 346.252
130.5 32.5 311.322
130.5 33.5 277.553
130.5 34.5 244.291
130.5 35.5 208.744
130.5 36.5 171.961
130.5 37.5 136.967
130.5 38.5 103.672
130.5 39.5 72.5103
130.5 40.5 47.2858
130.5 41.5 39.3459
130.5 42.5 56.0698
130.5 43.5 83.9799
130.5 44.5 115.344
130.5 45.5 148.036
130.5 46.5 181.763
130.5 47.5 216.004
130.5 48.5 249.725
130.5 49.5 284.813
130.5 50.5 320.925
130.5 51.5 357.255
131.5 20.5 751.495
131.5 21.5 714.92
131.5 22.5 678.406
131.5 23.5 641.962
131.5 24.5 605.609
131.5 25.5 569.377
131.5 26.5 533.298
131.5 27.5 497.378
131.5 28.5 461.587
131.5 29.5 425.937
131.5 30.5 390.458
131.5 31.5 355.091
131.5 32.5 319.798
131.5 33.5 285.078
131.5 34.5 251.095
131.5 35.5 216.011
131.5 36.5 180.357
131.5 37.5 147.216
131.5 38.5 116.272
131.5 39.5 89.1232
131.5 40.5 70.0764
131.5 41.5 64.9115
131.5 42.5 76.4162
131.5 43.5 98.1965
131.5 44.5 125.409
131.5 45.5 155.599
131.5 46.5 187.343
131.5 47.5 220.588
131.5 48.5 255.153
131.5 49.5 291.507
131.5 50.5 327.086
131.5 51.5 362.508
132.5 20.5 757.729
132.5 21.5 721.477
132.5 22.5 685.331
132.5 23.5 649.301
132.5 24.5 613.379
132.5 25.5 577.554
132.5 26.5 541.844
132.5 27.5 506.266
132.5 28.5 470.352
132.5 29.5 433.647
132.5 30.5 397.16
132.5 31.5 360.898
132.5 32.5 325.333
132.5 33.5 291.1
132.5 34.5 258.047
132.5 35.5 224.945
132.5 36.5 191.904
132.5 37.5 160.957
132.5 38.5 132.908
132.5 39.5 109.635
132.5 40.5 94.6343
132.5 41.5 91.0079
132.5 42.5 100.689
132.5 43.5 117.555
132.5 44.5 140.209
132.5 45.5 166.946
132.5 46.5 196.268
132.5 47.5 227.959
132.5 48.5 261.318
132.5 49.5 296.481
132.5 50.5 332.4
132.5 51.5 368.643
133.5 20.5 765.501
133.5 21.5 729.575
133.5 22.5 693.729
133.5 23.5 657.977
133.5 24.5 621.949
133.5 25.5 585.315
133.5 26.5 548.913
133.5 27.5 512.604
133.5 28.5 476.468
133.5 29.5 440.511
133.5 30.5 404.694
133.5 31.5 368.991
133.5 32.5 333.595
133.5 33.5 299.625
133.5 34.5 267.45
133.5 35.5 236.439
133.5 36.5 205.778
133.5 37.5 177.512
133.5 38.5 152.372
133.5 39.5 132.468
133.5 40.5 120.254
133.5 41.5 118.083
133.5 42.5 126.249
133.5 43.5 140.6
133.5 44.5 158.483
133.5 45.5 182.085
133.5 46.5 208.792
133.5 47.5 238.696
133.5 48.5 271.219
133.5 49.5 304.793
133.5 50.5 339.149
133.5 51.5 374.254
