235.5 25.5 664.985
236 25.5 653.203
236.5 25.5 641.837
237 25.5 630.974
237.5 25.5 620.646
238 25.5 610.885
238.5 25.5 601.725
239 25.5 593.194
239.5 25.5 585.321
240 25.5 578.127
240.5 25.5 571.62
241 25.5 565.784
241.5 25.5 560.546
242 25.5 555.672
242.5 25.5 550.872
243 25.5 546.227
243.5 25.5 541.948
244 25.5 538.14
244.5 25.5 534.837
245 25.5 532.047
245.5 25.5 529.772
246 25.5 528.014
246.5 25.5 526.756
247 25.5 525.949
247.5 25.5 525.684
248 25.5 525.989
248.5 25.5 526.888
249 25.5 528.354
249.5 25.5 530.334
250 25.5 532.761
250.5 25.5 535.578
251 25.5 538.762
251.5 25.5 542.333
252 25.5 546.289
252.5 25.5 550.588
253 25.5 555.215
253.5 25.5 560.104
254 25.5 565.083
254.5 25.5 570.322
255 25.5 575.964
255.5 25.5 582.027
256 25.5 588.538
256.5 25.5 595.483
257 25.5 602.782
257.5 25.5 610.283
258 25.5 617.875
258.5 25.5 625.63
259 25.5 633.669
259.5 25.5 642.058
260 25.5 650.825
260.5 25.5 659.975
261 25.5 669.481
261.5 25.5 679.193
262 25.5 688.066
262.5 25.5 697.011
263 25.5 706.365
263.5 25.5 716.117
264 25.5 726.351
264.5 25.5 737.204
265 25.5 748.721
265.5 25.5 760.831
266 25.5 773.417
266.5 25.5 786.445
267 25.5 799.972
267.5 25.5 814.02
268 25.5 828.559
268.5 25.5 843.536
269 25.5 858.885
269.5 25.5 874.535
270 25.5 890.392
270.5 25.5 906.223
271 25.5 921.787
271.5 25.5 937.146
272 25.5 952.352
272.5 25.5 967.389
273 25.5 982.242
273.5 25.5 996.904
274 25.5 1011.36
274.5 25.5 1025.61
275 25.5 1039.63
275.5 25.5 1053.43
276 25.5 1067.02
276.5 25.5 1073.62
277 25.5 1079.61
277.5 25.5 1085.63
278 25.5 1091.78
278.5 25.5 1098.15
279 25.5 1104.76
279.5 25.5 1111.74
280 25.5 1119.19
280.5 25.5 1127.13
281 25.5 1135.6
281.5 25.5 1144.57
282 25.5 1153.98
282.5 25.5 1163.75
283 25.5 1173.83
283.5 25.5 1184.19
284 25.5 1194.83
284.5 25.5 1205.71
285 25.5 1216.82
285.5 25.5 1228.15
286 25.5 1239.69
286.5 25.5 1251.41
287 25.5 1263.3
287.5 25.5 1275.34
288 25.5 1287.53
288.5 25.5 1299.86
289 25.5 1312.31
289.5 25.5 1324.86
290 25.5 1337.52
290.5 25.5 1350.25
291 25.5 1363.05
291.5 25.5 1375.91
292 25.5 1388.83
292.5 25.5 1401.81
293 25.5 1414.85
293.5 25.5 1427.94
294 25.5 1441.1
294.5 25.5 1454.32
235.5 26 647.684
236 26 635.783
236.5 26 624.286
237 26 613.28
237.5 26 602.8
238 26 592.881
238.5 26 583.559
239 26 574.871
239.5 26 566.848
240 26 559.518
240.5 26 552.897
241 26 546.98
241.5 26 541.715
242 26 536.92
242.5 26 532.255
243 26 527.673
243.5 26 523.397
244 26 519.575
244.5 26 516.26
245 26 513.463
245.5 26 511.188
246 26 509.438
246.5 26 508.199
247 26 507.416
247.5 26 507.181
248 26 507.531
248.5 26 508.493
249 26 510.034
249.5 26 512.094
250 26 514.604
250.5 26 517.503
251 26 520.782
251.5 26 524.461
252 26 528.525
252.5 26 532.93
253 26 537.665
253.5 26 542.598
254 26 547.635
254.5 26 553.025
255 26 558.838
255.5 26 565.103
256 26 571.837
256.5 26 578.993
257 26 586.441
257.5 26 594.02
258 26 601.729
258.5 26 609.7
259 26 618.032
259.5 26 626.772
260 26 635.932
260.5 26 645.49
261 26 655.331
261.5 26 664.491
262 26 673.383
262.5 26 682.638
263 26 692.242
263.5 26 702.277
264 26 712.918
264.5 26 724.237
265 26 736.145
265.5 26 748.514
266 26 761.352
266.5 26 774.737
267 26 788.678
267.5 26 803.132
268 26 818.032
268.5 26 833.302
269 26 848.847
269.5 26 864.471
270 26 879.929
270.5 26 895.239
271 26 910.468
271.5 26 925.604
272 26 940.625
272.5 26 955.518
273 26 970.269
273.5 26 984.866
274 26 999.293
274.5 26 1013.54
275 26 1027.6
275.5 26 1041.54
276 26 1049.78
276.5 26 1056
277 26 1062.26
277.5 26 1068.6
278 26 1075.11
278.5 26 1081.86
279 26 1088.88
279.5 26 1096.28
280 26 1104.13
280.5 26 1112.49
281 26 1121.38
281.5 26 1130.74
282 26 1140.47
282.5 26 1150.54
283 26 1160.92
283.5 26 1171.58
284 26 1182.51
284.5 26 1193.69
285 26 1205.1
285.5 26 1216.72
286 26 1228.52
286.5 26 1240.5
287 26 1252.64
287.5 26 1264.91
288 26 1277.31
288.5 26 1289.83
289 26 1302.45
289.5 26 1315.15
290 26 1327.92
290.5 26 1340.74
291 26 1353.63
291.5 26 1366.57
292 26 1379.57
292.5 26 1392.62
293 26 1405.74
293.5 26 1418.92
294 26 1432.16
294.5 26 1445.47
235.5 26.5 630.713
236 26.5 618.697
236.5 26.5 607.067
237 26.5 595.912
237.5 26.5 585.271
238 26.5 575.182
238.5 26.5 565.687
239 26.5 556.826
239.5 26.5 548.636
240 26.5 541.151
240.5 26.5 534.396
241 26.5 528.375
241.5 26.5 523.055
242 26.5 518.297
242.5 26.5 513.765
243 26.5 509.267
243.5 26.5 504.999
244 26.5 501.154
244.5 26.5 497.814
245 26.5 494.999
245.5 26.5 492.712
246 26.5 490.96
246.5 26.5 489.73
247 26.5 488.966
247.5 26.5 488.755
248 26.5 489.147
248.5 26.5 490.169
249 26.5 491.786
249.5 26.5 493.928
250 26.5 496.521
250.5 26.5 499.507
251 26.5 502.888
251.5 26.5 506.683
252 26.5 510.859
252.5 26.5 515.38
253 26.5 520.215
253.5 26.5 525.172
254 26.5 530.319
254.5 26.5 535.876
255 26.5 541.881
255.5 26.5 548.37
256 26.5 555.334
256.5 26.5 562.673
257 26.5 570.211
257.5 26.5 577.86
258 26.5 585.726
258.5 26.5 593.949
259 26.5 602.599
259.5 26.5 611.709
260 26.5 621.268
260.5 26.5 631.182
261 26.5 640.67
261.5 26.5 649.585
262 26.5 658.809
262.5 26.5 668.31
263 26.5 678.167
263.5 26.5 688.597
264 26.5 699.714
264.5 26.5 711.417
265 26.5 723.576
265.5 26.5 736.25
266 26.5 749.531
266.5 26.5 763.408
267 26.5 777.815
267.5 26.5 792.663
268 26.5 807.849
268.5 26.5 823.2
269 26.5 838.475
269.5 26.5 853.646
270 26.5 868.795
270.5 26.5 883.925
271 26.5 899.007
271.5 26.5 914.023
272 26.5 928.955
272.5 26.5 943.786
273 26.5 958.499
273.5 26.5 973.081
274 26.5 987.522
274.5 26.5 1001.81
275 26.5 1016.01
275.5 26.5 1025.51
276 26.5 1032.11
276.5 26.5 1038.61
277 26.5 1045.14
277.5 26.5 1051.78
278 26.5 1058.64
278.5 26.5 1065.78
279 26.5 1073.24
279.5 26.5 1081.1
280 26.5 1089.39
280.5 26.5 1098.22
281 26.5 1107.53
281.5 26.5 1117.24
282 26.5 1127.3
282.5 26.5 1137.69
283 26.5 1148.38
283.5 26.5 1159.35
284 26.5 1170.6
284.5 26.5 1182.08
285 26.5 1193.79
285.5 26.5 1205.69
286 26.5 1217.76
286.5 26.5 1229.99
287 26.5 1242.35
287.5 26.5 1254.83
288 26.5 1267.42
288.5 26.5 1280.09
289 26.5 1292.84
289.5 26.5 1305.64
290 26.5 1318.49
290.5 26.5 1331.4
291 26.5 1344.36
291.5 26.5 1357.39
292 26.5 1370.47
292.5 26.5 1383.61
293 26.5 1396.81
293.5 26.5 1410.08
294 26.5 1423.41
294.5 26.5 1436.81
235.5 27 614.118
236 27 601.996
236.5 27 590.232
237 27 578.922
237.5 27 568.109
238 27 557.838
238.5 27 548.154
239 27 539.102
239.5 27 530.725
240 27 523.064
240.5 27 516.151
241 27 510.001
241.5 27 504.596
242 27 499.833
242.5 27 495.411
243 27 491.017
243.5 27 486.765
244 27 482.89
244.5 27 479.511
245 27 476.663
245.5 27 474.353
246 27 472.587
246.5 27 471.356
247 27 470.603
247.5 27 470.411
248 27 470.842
248.5 27 471.925
249 27 473.619
249.5 27 475.845
250 27 478.523
250.5 27 481.602
251 27 485.095
251.5 27 489.012
252 27 493.306
252.5 27 497.951
253 27 502.864
253.5 27 507.858
254 27 513.156
254.5 27 518.898
255 27 525.121
255.5 27 531.853
256 27 539.034
256.5 27 546.5
257 27 554.088
257.5 27 561.838
258 27 569.91
258.5 27 578.415
259 27 587.406
259.5 27 596.893
260 27 606.801
260.5 27 616.543
261 27 625.53
261.5 27 634.792
262 27 644.29
262.5 27 654.012
263 27 664.237
263.5 27 675.142
264 27 686.624
264.5 27 698.567
265 27 711.092
265.5 27 724.302
266 27 738.157
266.5 27 752.553
267 27 767.36
267.5 27 782.408
268 27 797.458
268.5 27 812.435
269 27 827.43
269.5 27 842.468
270 27 857.527
270.5 27 872.583
271 27 887.615
271.5 27 902.6
272 27 917.513
272.5 27 932.335
273 27 947.053
273.5 27 961.659
274 27 976.141
274.5 27 990.488
275 27 1000.35
275.5 27 1007.98
276 27 1014.73
276.5 27 1021.49
277 27 1028.29
277.5 27 1035.24
278 27 1042.43
278.5 27 1049.93
279 27 1057.86
279.5 27 1066.19
280 27 1075.01
280.5 27 1084.31
281 27 1094.02
281.5 27 1104.09
282 27 1114.5
282.5 27 1125.22
283 27 1136.24
283.5 27 1147.55
284 27 1159.12
284.5 27 1170.91
285 27 1182.91
285.5 27 1195.07
286 27 1207.39
286.5 27 1219.84
287 27 1232.4
287.5 27 1245.06
288 27 1257.79
288.5 27 1270.57
289 27 1283.4
289.5 27 1296.28
290 27 1309.22
290.5 27 1322.21
291 27 1335.25
291.5 27 1348.36
292 27 1361.52
292.5 27 1374.75
293 27 1388.05
293.5 27 1401.41
294 27 1414.83
294.5 27 1428.33
235.5 27.5 597.892
236 27.5 585.68
236.5 27.5 573.792
237 27.5 562.324
237.5 27.5 551.333
238 27.5 540.868
238.5 27.5 530.98
239 27.5 521.72
239.5 27.5 513.137
240 27.5 505.278
240.5 27.5 498.182
241 27.5 491.877
241.5 27.5 486.357
242 27.5 481.549
242.5 27.5 477.201
243 27.5 472.923
243.5 27.5 468.701
244 27.5 464.79
244.5 27.5 461.358
245 27.5 458.461
245.5 27.5 456.114
246 27.5 454.323
246.5 27.5 453.083
247 27.5 452.336
247.5 27.5 452.157
248 27.5 452.626
248.5 27.5 453.771
249 27.5 455.544
249.5 27.5 457.856
250 27.5 460.623
250.5 27.5 463.803
251 27.5 467.42
251.5 27.5 471.466
252 27.5 475.886
252.5 27.5 480.657
253 27.5 485.614
253.5 27.5 490.692
254 27.5 496.169
254.5 27.5 502.118
255 27.5 508.587
255.5 27.5 515.566
256 27.5 522.924
256.5 27.5 530.454
257 27.5 538.1
257.5 27.5 546.008
258 27.5 554.33
258.5 27.5 563.15
259 27.5 572.5
259.5 27.5 582.322
260 27.5 592.181
260.5 27.5 601.214
261 27.5 610.465
261.5 27.5 620.066
262 27.5 629.807
262.5 27.5 639.853
263 27.5 650.544
263.5 27.5 661.784
264 27.5 673.482
264.5 27.5 685.849
265 27.5 699.006
265.5 27.5 712.868
266 27.5 727.266
266.5 27.5 741.997
267 27.5 756.814
267.5 27.5 771.579
268 27.5 786.372
268.5 27.5 801.254
269 27.5 816.217
269.5 27.5 831.24
270 27.5 846.303
270.5 27.5 861.382
271 27.5 876.444
271.5 27.5 891.46
272 27.5 906.404
272.5 27.5 921.257
273 27.5 936.009
273.5 27.5 950.642
274 27.5 964.867
274.5 27.5 974.758
275 27.5 983.529
275.5 27.5 990.619
276 27.5 997.645
276.5 27.5 1004.69
277 27.5 1011.79
277.5 27.5 1019.06
278 27.5 1026.58
278.5 27.5 1034.47
279 27.5 1042.85
279.5 27.5 1051.72
280 27.5 1061.06
280.5 27.5 1070.81
281 27.5 1080.91
281.5 27.5 1091.35
282 27.5 1102.12
282.5 27.5 1113.2
283 27.5 1124.58
283.5 27.5 1136.22
284 27.5 1148.11
284.5 27.5 1160.19
285 27.5 1172.45
285.5 27.5 1184.87
286 27.5 1197.4
286.5 27.5 1210.04
287 27.5 1222.76
287.5 27.5 1235.53
288 27.5 1248.35
288.5 27.5 1261.21
289 27.5 1274.12
289.5 27.5 1287.08
290 27.5 1300.1
290.5 27.5 1313.17
291 27.5 1326.3
291.5 27.5 1339.5
292 27.5 1352.75
292.5 27.5 1366.08
293 27.5 1379.47
293.5 27.5 1392.93
294 27.5 1406.44
294.5 27.5 1420.02
235.5 28 582.022
236 28 569.739
236.5 28 557.746
237 28 546.131
237.5 28 534.958
238 28 524.291
238.5 28 514.188
239 28 504.704
239.5 28 495.897
240 28 487.818
240.5 28 480.516
241 28 474.026
241.5 28 468.36
242 28 463.467
242.5 28 459.148
243 28 454.984
243.5 28 450.811
244 28 446.862
244.5 28 443.361
245 28 440.4
245.5 28 438
246 28 436.173
246.5 28 434.916
247 28 434.17
247.5 28 434.001
248 28 434.508
248.5 28 435.718
249 28 437.573
249.5 28 439.975
250 28 442.835
250.5 28 446.127
251 28 449.88
251.5 28 454.061
252 28 458.618
252.5 28 463.503
253 28 468.485
253.5 28 473.704
254 28 479.379
254.5 28 485.565
255 28 492.302
255.5 28 499.508
256 28 506.972
256.5 28 514.54
257 28 522.298
257.5 28 530.426
258 28 539.046
258.5 28 548.22
259 28 557.908
259.5 28 567.766
260 28 576.819
260.5 28 585.888
261 28 595.452
261.5 28 605.388
262 28 615.476
262.5 28 625.944
263 28 636.938
263.5 28 648.357
264 28 660.524
264.5 28 673.618
265 28 687.484
265.5 28 701.852
266 28 716.427
266.5 28 730.994
267 28 745.577
267.5 28 760.267
268 28 775.078
268.5 28 789.999
269 28 805.021
269.5 28 820.127
270 28 835.285
270.5 28 850.458
271 28 865.608
271.5 28 880.703
272 28 895.714
272.5 28 910.616
273 28 925.374
273.5 28 939.011
274 28 949.028
274.5 28 958.569
275 28 966.249
275.5 28 973.541
276 28 980.875
276.5 28 988.239
277 28 995.699
277.5 28 1003.34
278 28 1011.25
278.5 28 1019.56
279 28 1028.41
279.5 28 1037.78
280 28 1047.59
280.5 28 1057.76
281 28 1068.25
281.5 28 1079.08
282 28 1090.23
282.5 28 1101.69
283 28 1113.42
283.5 28 1125.4
284 28 1137.58
284.5 28 1149.93
285 28 1162.43
285.5 28 1175.05
286 28 1187.75
286.5 28 1200.52
287 28 1213.33
287.5 28 1226.18
288 28 1239.07
288.5 28 1252.02
289 28 1265.01
289.5 28 1278.05
290 28 1291.16
290.5 28 1304.32
291 28 1317.54
291.5 28 1330.83
292 28 1344.19
292.5 28 1357.61
293 28 1371.09
293.5 28 1384.63
294 28 1398.21
294.5 28 1411.84
235.5 28.5 566.47
236 28.5 554.159
236.5 28.5 542.082
237 28.5 530.343
237.5 28.5 519.001
238 28.5 508.13
238.5 28.5 497.803
239 28.5 488.084
239.5 28.5 479.035
240 28.5 470.716
240.5 28.5 463.181
241 28.5 456.478
241.5 28.5 450.631
242 28.5 445.614
242.5 28.5 441.272
243 28.5 437.203
243.5 28.5 433.096
244 28.5 429.113
244.5 28.5 425.528
245 28.5 422.482
245.5 28.5 420.015
246 28.5 418.14
246.5 28.5 416.858
247 28.5 416.109
247.5 28.5 415.949
248 28.5 416.496
248.5 28.5 417.775
249 28.5 419.716
249.5 28.5 422.211
250 28.5 425.17
250.5 28.5 428.588
251 28.5 432.488
251.5 28.5 436.811
252 28.5 441.516
252.5 28.5 446.478
253 28.5 451.515
253.5 28.5 456.916
254 28.5 462.813
254.5 28.5 469.27
255 28.5 476.274
255.5 28.5 483.642
256 28.5 491.149
256.5 28.5 498.789
257 28.5 506.739
257.5 28.5 515.155
258 28.5 524.134
258.5 28.5 533.675
259 28.5 543.482
259.5 28.5 552.586
260 28.5 561.411
260.5 28.5 570.688
261 28.5 580.497
261.5 28.5 590.716
262 28.5 601.199
262.5 28.5 612.056
263 28.5 623.254
263.5 28.5 635.171
264 28.5 648.139
264.5 28.5 661.949
265 28.5 676.202
265.5 28.5 690.566
266 28.5 704.953
266.5 28.5 719.448
267 28.5 734.089
267.5 28.5 748.867
268 28.5 763.781
268.5 28.5 778.834
269 28.5 794.01
269.5 28.5 809.278
270 28.5 824.594
270.5 28.5 839.914
271 28.5 855.196
271.5 28.5 870.399
272 28.5 885.479
272.5 28.5 900.413
273 28.5 913.05
273.5 28.5 923.275
274 28.5 933.191
274.5 28.5 941.611
275 28.5 949.155
275.5 28.5 956.75
276 28.5 964.428
276.5 28.5 972.18
277 28.5 980.06
277.5 28.5 988.132
278 28.5 996.482
278.5 28.5 1005.27
279 28.5 1014.6
279.5 28.5 1024.43
280 28.5 1034.66
280.5 28.5 1045.23
281 28.5 1056.13
281.5 28.5 1067.36
282 28.5 1078.91
282.5 28.5 1090.74
283 28.5 1102.81
283.5 28.5 1115.09
284 28.5 1127.53
284.5 28.5 1140.11
285 28.5 1152.79
285.5 28.5 1165.54
286 28.5 1178.35
286.5 28.5 1191.19
287 28.5 1204.08
287.5 28.5 1217
288 28.5 1229.98
288.5 28.5 1243
289 28.5 1256.08
289.5 28.5 1269.21
290 28.5 1282.41
290.5 28.5 1295.67
291 28.5 1308.99
291.5 28.5 1322.38
292 28.5 1335.83
292.5 28.5 1349.33
293 28.5 1362.88
293.5 28.5 1376.47
294 28.5 1390.11
294.5 28.5 1403.82
235.5 29 551.068
236 29 538.897
236.5 29 526.786
237 29 514.948
237.5 29 503.463
238 29 492.403
238.5 29 481.851
239 29 471.887
239.5 29 462.583
240 29 454.004
240.5 29 446.213
241 29 439.266
241.5 29 433.202
242 29 428.017
242.5 29 423.598
243 29 419.587
243.5 29 415.556
244 29 411.546
244.5 29 407.863
245 29 404.711
245.5 29 402.158
246 29 400.222
246.5 29 398.909
247 29 398.157
247.5 29 398.005
248 29 398.595
248.5 29 399.948
249 29 401.977
249.5 29 404.567
250 29 407.633
250.5 29 411.192
251 29 415.249
251.5 29 419.726
252 29 424.579
252.5 29 429.575
253 29 434.732
253.5 29 440.343
254 29 446.497
254.5 29 453.248
255 29 460.472
255.5 29 467.911
256 29 475.455
256.5 29 483.249
257 29 491.48
257.5 29 500.268
258 29 509.657
258.5 29 519.407
259 29 528.624
259.5 29 537.303
260 29 546.288
260.5 29 555.732
261 29 565.675
261.5 29 575.995
262 29 586.786
262.5 29 598.058
263 29 609.855
263.5 29 622.598
264 29 636.221
264.5 29 650.259
265 29 664.421
265.5 29 678.709
266 29 693.178
266.5 29 707.815
267 29 722.604
267.5 29 737.551
268 29 752.661
268.5 29 767.924
269 29 783.318
269.5 29 798.804
270 29 814.324
270.5 29 829.82
271 29 845.234
271.5 29 860.504
272 29 875.692
272.5 29 887.152
273 29 897.579
273.5 29 907.69
274 29 916.734
274.5 29 924.534
275 29 932.287
275.5 29 940.234
276 29 948.319
276.5 29 956.542
277 29 964.896
277.5 29 973.436
278 29 982.306
278.5 29 991.65
279 29 1001.47
279.5 29 1011.71
280 29 1022.33
280.5 29 1033.3
281 29 1044.63
281.5 29 1056.28
282 29 1068.21
282.5 29 1080.38
283 29 1092.74
283.5 29 1105.27
284 29 1117.91
284.5 29 1130.65
285 29 1143.43
285.5 29 1156.26
286 29 1169.13
286.5 29 1182.05
287 29 1195.01
287.5 29 1208.02
288 29 1221.07
288.5 29 1234.19
289 29 1247.36
289.5 29 1260.59
290 29 1273.89
290.5 29 1287.25
291 29 1300.67
291.5 29 1314.14
292 29 1327.65
292.5 29 1341.2
293 29 1354.81
293.5 29 1368.48
294 29 1382.21
294.5 29 1396
235.5 29.5 535.715
236 29.5 523.775
236.5 29.5 511.807
237 29.5 499.928
237.5 29.5 488.333
238 29.5 477.114
238.5 29.5 466.353
239 29.5 456.144
239.5 29.5 446.573
240 29.5 437.717
240.5 29.5 429.646
241 29.5 422.424
241.5 29.5 416.104
242 29.5 410.704
242.5 29.5 406.152
243 29.5 402.145
243.5 29.5 398.184
244 29.5 394.161
244.5 29.5 390.367
245 29.5 387.083
245.5 29.5 384.424
246 29.5 382.415
246.5 29.5 381.064
247 29.5 380.309
247.5 29.5 380.169
248 29.5 380.805
248.5 29.5 382.236
249 29.5 384.355
249.5 29.5 387.038
250 29.5 390.22
250.5 29.5 393.937
251 29.5 398.159
251.5 29.5 402.805
252 29.5 407.778
252.5 29.5 412.81
253 29.5 418.147
253.5 29.5 423.996
254 29.5 430.452
254.5 29.5 437.483
255 29.5 444.829
255.5 29.5 452.278
256 29.5 459.912
256.5 29.5 467.959
257 29.5 476.578
257.5 29.5 485.827
258 29.5 495.512
258.5 29.5 504.864
259 29.5 513.568
259.5 29.5 522.436
260 29.5 531.666
260.5 29.5 541.284
261 29.5 551.307
261.5 29.5 561.724
262 29.5 572.771
262.5 29.5 584.496
263 29.5 597.022
263.5 29.5 610.341
264 29.5 624.102
264.5 29.5 638.09
265 29.5 652.328
265.5 29.5 666.796
266 29.5 681.46
266.5 29.5 696.303
267 29.5 711.32
267.5 29.5 726.51
268 29.5 741.869
268.5 29.5 757.389
269 29.5 773.041
269.5 29.5 788.771
270 29.5 804.489
270.5 29.5 820.107
271 29.5 835.548
271.5 29.5 850.188
272 29.5 861.213
272.5 29.5 871.92
273 29.5 882.236
273.5 29.5 891.72
274 29.5 899.814
274.5 29.5 907.59
275 29.5 915.645
275.5 29.5 923.987
276 29.5 932.575
276.5 29.5 941.349
277 29.5 950.232
277.5 29.5 959.29
278 29.5 968.752
278.5 29.5 978.657
279 29.5 988.95
279.5 29.5 999.606
280 29.5 1010.64
280.5 29.5 1022.06
281 29.5 1033.81
281.5 29.5 1045.85
282 29.5 1058.12
282.5 29.5 1070.57
283 29.5 1083.17
283.5 29.5 1095.86
284 29.5 1108.62
284.5 29.5 1121.43
285 29.5 1134.28
285.5 29.5 1147.17
286 29.5 1160.11
286.5 29.5 1173.1
287 29.5 1186.14
287.5 29.5 1199.24
288 29.5 1212.39
288.5 29.5 1225.61
289 29.5 1238.88
289.5 29.5 1252.22
290 29.5 1265.61
290.5 29.5 1279.05
291 29.5 1292.53
291.5 29.5 1306.05
292 29.5 1319.63
292.5 29.5 1333.26
293 29.5 1346.96
293.5 29.5 1360.72
294 29.5 1374.54
294.5 29.5 1388.42
235.5 30 520.525
236 30 508.7
236.5 30 496.956
237 30 485.227
237.5 30 473.587
238 30 462.248
238.5 30 451.314
239 30 440.875
239.5 30 431.035
240 30 421.889
240.5 30 413.516
241 30 405.988
241.5 30 399.371
242 30 393.706
242.5 30 388.958
243 30 384.888
243.5 30 380.974
244 30 376.946
244.5 30 373.034
245 30 369.591
245.5 30 366.8
246 30 364.705
246.5 30 363.312
247 30 362.556
247.5 30 362.433
248 30 363.123
248.5 30 364.632
249 30 366.837
249.5 30 369.609
250 30 372.914
250.5 30 376.803
251 30 381.2
251.5 30 386.027
252 30 391.066
252.5 30 396.195
253 30 401.754
253.5 30 407.89
254 30 414.676
254.5 30 421.911
255 30 429.278
255.5 30 436.744
256 30 444.551
256.5 30 452.949
257 30 462.07
257.5 30 471.71
258 30 481.167
258.5 30 490.005
259 30 498.93
259.5 30 508.233
260 30 517.814
260.5 30 527.681
261 30 537.833
261.5 30 548.428
262 30 559.681
262.5 30 571.705
263 30 584.564
263.5 30 598.051
264 30 611.892
264.5 30 626.024
265 30 640.443
265.5 30 655.115
266 30 670.025
266.5 30 685.134
267 30 700.418
267.5 30 715.875
268 30 731.509
268.5 30 747.297
269 30 763.185
269.5 30 779.085
270 30 794.891
270.5 30 810.645
271 30 823.664
271.5 30 835.016
272 30 846.097
272.5 30 856.765
273 30 866.65
273.5 30 875.122
274 30 882.89
274.5 30 890.848
275 30 899.24
275.5 30 908.053
276 30 917.222
276.5 30 926.635
277 30 936.096
277.5 30 945.712
278 30 955.744
278.5 30 966.189
279 30 976.987
279.5 30 988.144
280 30 999.673
280.5 30 1011.54
281 30 1023.69
281.5 30 1036.06
282 30 1048.59
282.5 30 1061.23
283 30 1073.95
283.5 30 1086.73
284 30 1099.54
284.5 30 1112.41
285 30 1125.32
285.5 30 1138.29
286 30 1151.31
286.5 30 1164.38
287 30 1177.51
287.5 30 1190.71
288 30 1203.97
288.5 30 1217.29
289 30 1230.66
289.5 30 1244.07
290 30 1257.52
290.5 30 1271.02
291 30 1284.57
291.5 30 1298.17
292 30 1311.84
292.5 30 1325.57
293 30 1339.36
293.5 30 1353.21
294 30 1367.11
294.5 30 1381.07
235.5 30.5 505.56
236 30.5 493.793
236.5 30.5 482.155
237 30.5 470.639
237.5 30.5 459.159
238 30.5 447.776
238.5 30.5 436.711
239 30.5 426.083
239.5 30.5 415.99
240 30.5 406.547
240.5 30.5 397.852
241 30.5 389.99
241.5 30.5 383.035
242 30.5 377.049
242.5 30.5 372.038
243 30.5 367.827
243.5 30.5 363.915
244 30.5 359.88
244.5 30.5 355.847
245 30.5 352.218
245.5 30.5 349.268
246 30.5 347.071
246.5 30.5 345.632
247 30.5 344.88
247.5 30.5 344.784
248 30.5 345.535
248.5 30.5 347.121
249 30.5 349.399
249.5 30.5 352.249
250 30.5 355.685
250.5 30.5 359.753
251 30.5 364.337
251.5 30.5 369.332
252 30.5 374.409
252.5 30.5 379.719
253 30.5 385.54
253.5 30.5 392.023
254 30.5 399.113
254.5 30.5 406.441
255 30.5 413.802
255.5 30.5 421.359
256 30.5 429.419
256.5 30.5 438.261
257 30.5 447.847
257.5 30.5 457.44
258 30.5 466.44
258.5 30.5 475.468
259 30.5 484.942
259.5 30.5 494.751
260 30.5 504.738
260.5 30.5 514.879
261 30.5 525.222
261.5 30.5 536.004
262 30.5 547.454
262.5 30.5 559.627
263 30.5 572.548
263.5 30.5 586.115
264 30.5 600.084
264.5 30.5 614.36
265 30.5 628.979
265.5 30.5 643.911
266 30.5 659.092
266.5 30.5 674.458
267 30.5 689.993
267.5 30.5 705.698
268 30.5 721.561
268.5 30.5 737.53
269 30.5 753.528
269.5 30.5 769.447
270 30.5 784.86
270.5 30.5 796.834
271 30.5 808.472
271.5 30.5 819.877
272 30.5 830.963
272.5 30.5 841.346
273 30.5 850.359
273.5 30.5 858.32
274 30.5 866.149
274.5 30.5 874.396
275 30.5 883.19
275.5 30.5 892.522
276 30.5 902.317
276.5 30.5 912.369
277 30.5 922.418
277.5 30.5 932.656
278 30.5 943.266
278.5 30.5 954.282
279 30.5 965.685
279.5 30.5 977.412
280 30.5 989.431
280.5 30.5 1001.7
281 30.5 1014.17
281.5 30.5 1026.78
282 30.5 1039.46
282.5 30.5 1052.19
283 30.5 1064.97
283.5 30.5 1077.79
284 30.5 1090.67
284.5 30.5 1103.6
285 30.5 1116.59
285.5 30.5 1129.63
286 30.5 1142.75
286.5 30.5 1155.92
287 30.5 1169.16
287.5 30.5 1182.47
288 30.5 1195.82
288.5 30.5 1209.21
289 30.5 1222.64
289.5 30.5 1236.11
290 30.5 1249.64
290.5 30.5 1263.22
291 30.5 1276.86
291.5 30.5 1290.57
292 30.5 1304.33
292.5 30.5 1318.15
293 30.5 1332.02
293.5 30.5 1345.95
294 30.5 1359.92
294.5 30.5 1373.95
235.5 31 490.894
236 31 479.121
236.5 31 467.53
237 31 456.107
237.5 31 444.829
238 31 433.614
238.5 31 422.505
239 31 411.733
239.5 31 401.43
240 31 391.702
240.5 31 382.674
241 31 374.452
241.5 31 367.12
242 31 360.759
242.5 31 355.411
243 31 350.972
243.5 31 346.992
244 31 342.93
244.5 31 338.778
245 31 334.939
245.5 31 331.802
246 31 329.487
246.5 31 327.998
247 31 327.256
247.5 31 327.2
248 31 328.021
248.5 31 329.678
249 31 332.009
249.5 31 334.918
250 31 338.483
250.5 31 342.726
251 31 347.513
251.5 31 352.62
252 31 357.782
252.5 31 363.338
253 31 369.483
253.5 31 376.349
254 31 383.647
254.5 31 391.017
255 31 398.438
255.5 31 406.204
256 31 414.626
256.5 31 423.88
257 31 433.554
257.5 31 442.863
258 31 452.018
258.5 31 461.604
259 31 471.608
259.5 31 481.829
260 31 492.182
260.5 31 502.633
261 31 513.257
261.5 31 524.319
262 31 535.945
262.5 31 548.171
263 31 561.081
263.5 31 574.642
264 31 588.711
264.5 31 603.218
265 31 618.127
265.5 31 633.336
266 31 648.745
266.5 31 664.303
267 31 679.997
267.5 31 695.817
268 31 711.779
268.5 31 727.806
269 31 743.885
269.5 31 757.483
270 31 769.615
270.5 31 781.566
271 31 793.277
271.5 31 804.662
272 31 815.493
272.5 31 825.134
273 31 833.588
273.5 31 841.59
274 31 849.795
274.5 31 858.467
275 31 867.743
275.5 31 877.591
276 31 887.955
276.5 31 898.573
277 31 909.302
277.5 31 920.257
278 31 931.51
278.5 31 943.154
279 31 955.153
279.5 31 967.394
280 31 979.835
280.5 31 992.422
281 31 1005.1
281.5 31 1017.82
282 31 1030.57
282.5 31 1043.36
283 31 1056.2
283.5 31 1069.08
284 31 1082.03
284.5 31 1095.04
285 31 1108.12
285.5 31 1121.26
286 31 1134.48
286.5 31 1147.77
287 31 1161.1
287.5 31 1174.47
288 31 1187.88
288.5 31 1201.33
289 31 1214.84
289.5 31 1228.41
290 31 1242.04
290.5 31 1255.72
291 31 1269.46
291.5 31 1283.26
292 31 1297.1
292.5 31 1311
293 31 1324.94
293.5 31 1338.94
294 31 1352.98
294.5 31 1367.08
235.5 31.5 476.57
236 31.5 464.767
236.5 31.5 453.154
237 31.5 441.76
237.5 31.5 430.558
238 31.5 419.526
238.5 31.5 408.591
239 31.5 397.77
239.5 31.5 387.304
240 31.5 377.336
240.5 31.5 367.982
241 31.5 359.379
241.5 31.5 351.637
242 31.5 344.849
242.5 31.5 339.09
243 31.5 334.328
243.5 31.5 330.189
244 31.5 326.056
244.5 31.5 321.777
245 31.5 317.72
245.5 31.5 314.371
246 31.5 311.923
246.5 31.5 310.375
247 31.5 309.645
247.5 31.5 309.646
248 31.5 310.549
248.5 31.5 312.267
249 31.5 314.624
249.5 31.5 317.568
250 31.5 321.246
250.5 31.5 325.642
251 31.5 330.616
251.5 31.5 335.787
252 31.5 341.133
252.5 31.5 346.978
253 31.5 353.531
253.5 31.5 360.736
254 31.5 368.175
254.5 31.5 375.638
255 31.5 383.244
255.5 31.5 391.314
256 31.5 400.12
256.5 31.5 409.582
257 31.5 419.135
257.5 31.5 428.579
258 31.5 438.294
258.5 31.5 448.419
259 31.5 458.802
259.5 31.5 469.355
260 31.5 480.027
260.5 31.5 490.8
261 31.5 501.797
261.5 31.5 513.156
262 31.5 524.918
262.5 31.5 537.18
263 31.5 550.091
263.5 31.5 563.702
264 31.5 577.945
264.5 31.5 592.713
265 31.5 607.891
265.5 31.5 623.314
266 31.5 638.841
266.5 31.5 654.454
267 31.5 670.196
267.5 31.5 686.064
268 31.5 701.982
268.5 31.5 717.307
269 31.5 729.866
269.5 31.5 742.121
270 31.5 754.273
270.5 31.5 766.314
271 31.5 778.022
271.5 31.5 789.18
272 31.5 799.371
272.5 31.5 808.451
273 31.5 816.893
273.5 31.5 825.378
274 31.5 834.187
274.5 31.5 843.458
275 31.5 853.291
275.5 31.5 863.669
276 31.5 874.535
276.5 31.5 885.733
277 31.5 897.154
277.5 31.5 908.783
278 31.5 920.667
278.5 31.5 932.868
279 31.5 945.338
279.5 31.5 957.978
280 31.5 970.711
280.5 31.5 983.485
281 31.5 996.275
281.5 31.5 1009.08
282 31.5 1021.91
282.5 31.5 1034.77
283 31.5 1047.67
283.5 31.5 1060.64
284 31.5 1073.67
284.5 31.5 1086.78
285 31.5 1099.96
285.5 31.5 1113.21
286 31.5 1126.52
286.5 31.5 1139.87
287 31.5 1153.26
287.5 31.5 1166.7
288 31.5 1180.2
288.5 31.5 1193.76
289 31.5 1207.38
289.5 31.5 1221.05
290 31.5 1234.78
290.5 31.5 1248.55
291 31.5 1262.37
291.5 31.5 1276.24
292 31.5 1290.16
292.5 31.5 1304.12
293 31.5 1318.13
293.5 31.5 1332.19
294 31.5 1346.3
294.5 31.5 1360.45
235.5 32 462.597
236 32 450.778
236.5 32 439.118
237 32 427.677
237.5 32 416.477
238 32 405.497
238.5 32 394.714
239 32 384.061
239.5 32 373.532
240 32 363.371
240.5 32 353.735
241 32 344.751
241.5 32 336.569
242 32 329.31
242.5 32 323.075
243 32 317.895
243.5 32 313.488
244 32 309.208
244.5 32 304.777
245 32 300.514
245.5 32 296.95
246 32 294.36
246.5 32 292.735
247 32 292.003
247.5 32 292.067
248 32 293.062
248.5 32 294.837
249 32 297.205
249.5 32 300.161
250 32 303.915
250.5 32 308.427
251 32 313.5
251.5 32 318.794
252 32 324.402
252.5 32 330.599
253 32 337.583
253.5 32 345.067
254 32 352.688
254.5 32 360.388
255 32 368.314
255.5 32 376.698
256 32 385.762
256.5 32 395.341
257 32 405.064
257.5 32 414.945
258 32 425.183
258.5 32 435.735
259 32 446.455
259.5 32 457.286
260 32 468.216
260.5 32 479.316
261 32 490.677
261.5 32 502.32
262 32 514.278
262.5 32 526.721
263 32 539.776
263.5 32 553.511
264 32 567.91
264.5 32 582.847
265 32 598.18
265.5 32 613.685
266 32 629.211
266.5 32 644.817
267 32 660.48
267.5 32 676.154
268 32 689.667
268.5 32 702.215
269 32 714.57
269.5 32 726.846
270 32 739.093
270.5 32 751.14
271 32 762.69
271.5 32 773.341
272 32 783.023
272.5 32 792.092
273 32 801.042
273.5 32 810.234
274 32 819.786
274.5 32 829.778
275 32 840.253
275.5 32 851.213
276 32 862.594
276.5 32 874.295
277 32 886.24
277.5 32 898.39
278 32 910.76
278.5 32 923.358
279 32 936.127
279.5 32 948.991
280 32 961.897
280.5 32 974.815
281 32 987.724
281.5 32 1000.62
282 32 1013.53
282.5 32 1026.46
283 32 1039.45
283.5 32 1052.51
284 32 1065.65
284.5 32 1078.86
285 32 1092.12
285.5 32 1105.43
286 32 1118.8
286.5 32 1132.23
287 32 1145.73
287.5 32 1159.28
288 32 1172.9
288.5 32 1186.56
289 32 1200.28
289.5 32 1214.04
290 32 1227.85
290.5 32 1241.7
291 32 1255.59
291.5 32 1269.53
292 32 1283.51
292.5 32 1297.53
293 32 1311.6
293.5 32 1325.71
294 32 1339.83
294.5 32 1353.96
235.5 32.5 448.943
236 32.5 437.165
236.5 32.5 425.474
237 32.5 413.96
237.5 32.5 402.674
238 32.5 391.654
238.5 32.5 380.88
239 32.5 370.332
239.5 32.5 359.946
240 32.5 349.694
240.5 32.5 339.821
241 32.5 330.495
241.5 32.5 321.858
242 32.5 314.089
242.5 32.5 307.326
243 32.5 301.654
243.5 32.5 296.863
244 32.5 292.332
244.5 32.5 287.698
245 32.5 283.265
245.5 32.5 279.526
246 32.5 276.798
246.5 32.5 275.081
247 32.5 274.312
247.5 32.5 274.423
248 32.5 275.508
248.5 32.5 277.345
249 32.5 279.734
249.5 32.5 282.724
250 32.5 286.562
250.5 32.5 291.167
251 32.5 296.299
251.5 32.5 301.789
252 32.5 307.703
252.5 32.5 314.329
253 32.5 321.7
253.5 32.5 329.443
254 32.5 337.356
254.5 32.5 345.447
255 32.5 353.774
255.5 32.5 362.489
256 32.5 371.761
256.5 32.5 381.543
257 32.5 391.632
257.5 32.5 401.958
258 32.5 412.631
258.5 32.5 423.547
259 32.5 434.531
259.5 32.5 445.573
260 32.5 456.779
260.5 32.5 468.22
261 32.5 479.909
261.5 32.5 491.86
262 32.5 504.138
262.5 32.5 516.866
263 32.5 530.153
263.5 32.5 544.057
264 32.5 558.566
264.5 32.5 573.574
265 32.5 588.909
265.5 32.5 604.353
266 32.5 619.755
266.5 32.5 635.113
267 32.5 649.601
267.5 32.5 662.283
268 32.5 674.783
268.5 32.5 687.187
269 32.5 699.568
269.5 32.5 711.954
270 32.5 724.251
270.5 32.5 736.201
271 32.5 747.4
271.5 32.5 757.664
272 32.5 767.321
272.5 32.5 776.856
273 32.5 786.556
273.5 32.5 796.562
274 32.5 806.925
274.5 32.5 817.68
275 32.5 828.858
275.5 32.5 840.403
276 32.5 852.223
276.5 32.5 864.284
277 32.5 876.593
277.5 32.5 889.102
278 32.5 901.753
278.5 32.5 914.526
279 32.5 927.416
279.5 32.5 940.412
280 32.5 953.468
280.5 32.5 966.518
281 32.5 979.532
281.5 32.5 992.518
282 32.5 1005.51
282.5 32.5 1018.53
283 32.5 1031.61
283.5 32.5 1044.75
284 32.5 1057.95
284.5 32.5 1071.22
285 32.5 1084.55
285.5 32.5 1097.95
286 32.5 1111.44
286.5 32.5 1124.99
287 32.5 1138.61
287.5 32.5 1152.28
288 32.5 1165.99
288.5 32.5 1179.75
289 32.5 1193.55
289.5 32.5 1207.39
290 32.5 1221.27
290.5 32.5 1235.18
291 32.5 1249.14
291.5 32.5 1263.13
292 32.5 1277.15
292.5 32.5 1291.19
293 32.5 1305.23
293.5 32.5 1319.28
294 32.5 1333.33
294.5 32.5 1347.39
235.5 33 435.513
236 33 423.879
236.5 33 412.228
237 33 400.658
237.5 33 389.261
238 33 378.098
238.5 33 367.219
239 33 356.614
239.5 33 346.261
240 33 336.1
240.5 33 326.079
241 33 316.441
241.5 33 307.372
242 33 299.063
242.5 33 291.735
243 33 285.523
243.5 33 280.263
244 33 275.371
244.5 33 270.493
245 33 265.921
245.5 33 262.09
246 33 259.26
246.5 33 257.456
247 33 256.632
247.5 33 256.772
248 33 257.926
248.5 33 259.829
249 33 262.268
249.5 33 265.369
250 33 269.344
250.5 33 274.036
251 33 279.253
251.5 33 284.96
252 33 291.259
252.5 33 298.346
253 33 306.048
253.5 33 314.103
254 33 322.427
254.5 33 330.973
255 33 339.737
255.5 33 348.821
256 33 358.367
256.5 33 368.437
257 33 378.883
257.5 33 389.641
258 33 400.688
258.5 33 411.848
259 33 423.018
259.5 33 434.29
260 33 445.794
260.5 33 457.577
261 33 469.623
261.5 33 481.945
262 33 494.58
262.5 33 507.619
263 33 521.155
263.5 33 535.21
264 33 549.773
264.5 33 564.717
265 33 579.866
265.5 33 594.993
266 33 609.808
266.5 33 622.952
267 33 635.53
267.5 33 648.013
268 33 660.43
268.5 33 672.855
269 33 685.323
269.5 33 697.759
270 33 709.961
270.5 33 721.613
271 33 732.547
271.5 33 742.876
272 33 752.954
272.5 33 763.156
273 33 773.665
273.5 33 784.531
274 33 795.711
274.5 33 807.215
275 33 819.025
275.5 33 831.038
276 33 843.182
276.5 33 855.506
277 33 868.048
277.5 33 880.727
278 33 893.492
278.5 33 906.347
279 33 919.322
279.5 33 932.412
280 33 945.565
280.5 33 958.713
281 33 971.811
281.5 33 984.869
282 33 997.92
282.5 33 1010.99
283 33 1024.11
283.5 33 1037.29
284 33 1050.56
284.5 33 1063.92
285 33 1077.38
285.5 33 1090.93
286 33 1104.54
286.5 33 1118.21
287 33 1131.94
287.5 33 1145.7
288 33 1159.5
288.5 33 1173.34
289 33 1187.22
289.5 33 1201.12
290 33 1215.06
290.5 33 1229.01
291 33 1242.97
291.5 33 1256.93
292 33 1270.88
292.5 33 1284.84
293 33 1298.8
293.5 33 1312.79
294 33 1326.79
294.5 33 1340.82
235.5 33.5 422.444
236 33.5 410.839
236.5 33.5 399.31
237 33.5 387.773
237.5 33.5 376.287
238 33.5 364.956
238.5 33.5 353.853
239 33.5 343.044
239.5 33.5 332.533
240 33.5 322.294
240.5 33.5 312.263
241 33.5 302.35
241.5 33.5 292.864
242 33.5 284.044
242.5 33.5 276.142
243 33.5 269.386
243.5 33.5 263.627
244 33.5 258.338
244.5 33.5 253.222
245 33.5 248.539
245.5 33.5 244.665
246 33.5 241.762
246.5 33.5 239.896
247 33.5 239.037
247.5 33.5 239.208
248 33.5 240.421
248.5 33.5 242.391
249 33.5 244.922
249.5 33.5 248.196
250 33.5 252.328
250.5 33.5 257.091
251 33.5 262.414
251.5 33.5 268.373
252 33.5 275.123
252.5 33.5 282.649
253 33.5 290.726
253.5 33.5 299.237
254 33.5 308.041
254.5 33.5 317.038
255 33.5 326.209
255.5 33.5 335.666
256 33.5 345.566
256.5 33.5 355.961
257 33.5 366.779
257.5 33.5 377.902
258 33.5 389.202
258.5 33.5 400.563
259 33.5 411.968
259.5 33.5 423.521
260 33.5 435.35
260.5 33.5 447.505
261 33.5 459.947
261.5 33.5 472.664
262 33.5 485.676
262.5 33.5 499.038
263 33.5 512.814
263.5 33.5 526.996
264 33.5 541.498
264.5 33.5 556.172
265 33.5 570.787
265.5 33.5 584.345
266 33.5 597.008
266.5 33.5 609.574
267 33.5 622.109
267.5 33.5 634.591
268 33.5 647.062
268.5 33.5 659.559
269 33.5 672.052
269.5 33.5 684.393
270 33.5 696.327
270.5 33.5 707.765
271 33.5 718.803
271.5 33.5 729.556
272 33.5 740.253
272.5 33.5 751.162
273 33.5 762.461
273.5 33.5 774.108
274 33.5 786.013
274.5 33.5 798.122
275 33.5 810.36
275.5 33.5 822.681
276 33.5 835.089
276.5 33.5 847.633
277 33.5 860.331
277.5 33.5 873.139
278 33.5 886.019
278.5 33.5 898.968
279 33.5 912
279.5 33.5 925.121
280 33.5 938.31
280.5 33.5 951.497
281 33.5 964.613
281.5 33.5 977.661
282 33.5 990.693
282.5 33.5 1003.77
283 33.5 1016.95
283.5 33.5 1030.24
284 33.5 1043.64
284.5 33.5 1057.15
285 33.5 1070.74
285.5 33.5 1084.41
286 33.5 1098.13
286.5 33.5 1111.91
287 33.5 1125.73
287.5 33.5 1139.58
288 33.5 1153.46
288.5 33.5 1167.36
289 33.5 1181.27
289.5 33.5 1195.17
290 33.5 1209.06
290.5 33.5 1222.94
291 33.5 1236.81
291.5 33.5 1250.69
292 33.5 1264.57
292.5 33.5 1278.48
293 33.5 1292.4
293.5 33.5 1306.35
294 33.5 1320.32
294.5 33.5 1334.34
235.5 34 409.988
236 34 398.249
236.5 34 386.672
237 34 375.208
237.5 34 363.741
238 34 352.279
238.5 34 340.93
239 34 329.784
239.5 34 318.93
240 34 308.395
240.5 34 298.118
241 34 287.982
241.5 34 278.13
242 34 268.909
242.5 34 260.534
243 34 253.28
243.5 34 247.022
244 34 241.352
244.5 34 236.055
245 34 231.293
245.5 34 227.342
246 34 224.352
246.5 34 222.408
247 34 221.527
247.5 34 221.732
248 34 223.025
248.5 34 225.098
249 34 227.783
249.5 34 231.249
250 34 235.508
250.5 34 240.356
251 34 245.831
251.5 34 252.084
252 34 259.28
252.5 34 267.26
253 34 275.866
253.5 34 284.952
254 34 294.253
254.5 34 303.619
255 34 313.147
255.5 34 323.01
256 34 333.29
256.5 34 344.038
257 34 355.174
257.5 34 366.529
258 34 378.038
258.5 34 389.667
259 34 401.403
259.5 34 413.324
260 34 425.534
260.5 34 438.08
261 34 450.924
261.5 34 464.058
262 34 477.473
262.5 34 491.168
263 34 505.135
263.5 34 519.256
264 34 533.335
264.5 34 546.838
265 34 559.56
265.5 34 572.065
266 34 584.596
266.5 34 597.171
267 34 609.725
267.5 34 622.237
268 34 634.737
268.5 34 647.227
269 34 659.652
269.5 34 671.863
270 34 683.732
270.5 34 695.337
271 34 706.766
271.5 34 718.1
272 34 729.452
272.5 34 741.02
273 34 752.928
273.5 34 765.102
274 34 777.481
274.5 34 789.976
275 34 802.505
275.5 34 815.083
276 34 827.736
276.5 34 840.5
277 34 853.376
277.5 34 866.324
278 34 879.314
278.5 34 892.349
279 34 905.417
279.5 34 918.504
280 34 931.631
280.5 34 944.746
281 34 957.793
281.5 34 970.816
282 34 983.882
282.5 34 997.047
283 34 1010.34
283.5 34 1023.76
284 34 1037.29
284.5 34 1050.92
285 34 1064.64
285.5 34 1078.42
286 34 1092.25
286.5 34 1106.12
287 34 1120
287.5 34 1133.89
288 34 1147.76
288.5 34 1161.61
289 34 1175.43
289.5 34 1189.25
290 34 1203.06
290.5 34 1216.86
291 34 1230.68
291.5 34 1244.51
292 34 1258.35
292.5 34 1272.22
293 34 1286.12
293.5 34 1300.08
294 34 1314.05
294.5 34 1327.99
235.5 34.5 398.258
236 34.5 386.357
236.5 34.5 374.59
237 34.5 362.982
237.5 34.5 351.504
238 34.5 340.033
238.5 34.5 328.505
239 34.5 317.018
239.5 34.5 305.696
240 34.5 294.67
240.5 34.5 283.982
241 34.5 273.517
241.5 34.5 263.423
242 34.5 253.927
242.5 34.5 245.178
243 34.5 237.42
243.5 34.5 230.639
244 34.5 224.577
244.5 34.5 219.103
245 34.5 214.247
245.5 34.5 210.152
246 34.5 207.021
246.5 34.5 204.959
247 34.5 204.044
247.5 34.5 204.296
248 34.5 205.705
248.5 34.5 207.932
249 34.5 210.821
249.5 34.5 214.493
250 34.5 218.884
250.5 34.5 223.888
251 34.5 229.595
251.5 34.5 236.239
252 34.5 243.891
252.5 34.5 252.384
253 34.5 261.596
253.5 34.5 271.251
254 34.5 280.974
254.5 34.5 290.695
255 34.5 300.612
255.5 34.5 310.856
256 34.5 321.523
256.5 34.5 332.591
257 34.5 343.937
257.5 34.5 355.511
258 34.5 367.311
258.5 34.5 379.296
259 34.5 391.433
259.5 34.5 403.757
260 34.5 416.373
260.5 34.5 429.315
261 34.5 442.548
261.5 34.5 456.066
262 34.5 469.845
262.5 34.5 483.726
263 34.5 497.446
263.5 34.5 510.676
264 34.5 523.297
264.5 34.5 535.684
265 34.5 548.123
265.5 34.5 560.65
266 34.5 573.228
266.5 34.5 585.828
267 34.5 598.394
267.5 34.5 610.902
268 34.5 623.36
268.5 34.5 635.803
269 34.5 648.208
269.5 34.5 660.511
270 34.5 672.672
270.5 34.5 684.698
271 34.5 696.642
271.5 34.5 708.56
272 34.5 720.522
272.5 34.5 732.617
273 34.5 744.897
273.5 34.5 757.356
274 34.5 769.975
274.5 34.5 782.696
275 34.5 795.464
275.5 34.5 808.259
276 34.5 821.096
276.5 34.5 834.009
277 34.5 847.001
277.5 34.5 860.053
278 34.5 873.151
278.5 34.5 886.272
279 34.5 899.346
279.5 34.5 912.356
280 34.5 925.369
280.5 34.5 938.412
281 34.5 951.47
281.5 34.5 964.549
282 34.5 977.688
282.5 34.5 990.943
283 34.5 1004.35
283.5 34.5 1017.89
284 34.5 1031.54
284.5 34.5 1045.29
285 34.5 1059.11
285.5 34.5 1072.96
286 34.5 1086.82
286.5 34.5 1100.67
287 34.5 1114.5
287.5 34.5 1128.31
288 34.5 1142.1
288.5 34.5 1155.88
289 34.5 1169.64
289.5 34.5 1183.4
290 34.5 1197.16
290.5 34.5 1210.92
291 34.5 1224.69
291.5 34.5 1238.5
292 34.5 1252.34
292.5 34.5 1266.19
293 34.5 1279.99
293.5 34.5 1293.75
294 34.5 1307.5
294.5 34.5 1321.28
235.5 35 387.323
236 35 375.248
236.5 35 363.285
237 35 351.431
237.5 35 339.705
238 35 328.1
238.5 35 316.507
239 35 304.795
239.5 35 293.032
240 35 281.432
240.5 35 270.214
241 35 259.418
241.5 35 249.112
242 35 239.42
242.5 35 230.331
243 35 222.01
243.5 35 214.604
244 35 208.077
244.5 35 202.347
245 35 197.338
245.5 35 193.053
246 35 189.713
246.5 35 187.518
247 35 186.552
247.5 35 186.877
248 35 188.425
248.5 35 190.842
249 35 193.976
249.5 35 197.875
250 35 202.464
250.5 35 207.721
251 35 213.795
251.5 35 220.953
252 35 229.124
252.5 35 238.146
253 35 247.88
253.5 35 258
254 35 268.15
254.5 35 278.299
255 35 288.61
255.5 35 299.217
256 35 310.213
256.5 35 321.55
257 35 333.186
257.5 35 345.126
258 35 357.315
258.5 35 369.68
259 35 382.164
259.5 35 394.825
260 35 407.763
260.5 35 420.993
261 35 434.478
261.5 35 448.181
262 35 461.981
262.5 35 475.43
263 35 488.215
263.5 35 500.562
264 35 512.806
264.5 35 525.155
265 35 537.66
265.5 35 550.225
266 35 562.831
266.5 35 575.459
267 35 588.061
267.5 35 600.597
268 35 613.078
268.5 35 625.6
269 35 638.166
269.5 35 650.761
270 35 663.338
270.5 35 675.854
271 35 688.314
271.5 35 700.74
272 35 713.175
272.5 35 725.643
273 35 738.166
273.5 35 750.777
274 35 763.49
274.5 35 776.286
275 35 789.149
275.5 35 802.047
276 35 814.979
276.5 35 827.978
277 35 841.06
277.5 35 854.205
278 35 867.4
278.5 35 880.599
279 35 893.699
279.5 35 906.708
280 35 919.717
280.5 35 932.76
281 35 945.835
281.5 35 958.954
282 35 972.16
282.5 35 985.508
283 35 999.013
283.5 35 1012.64
284 35 1026.35
284.5 35 1040.11
285 35 1053.9
285.5 35 1067.69
286 35 1081.49
286.5 35 1095.28
287 35 1109.06
287.5 35 1122.82
288 35 1136.57
288.5 35 1150.3
289 35 1164.02
289.5 35 1177.74
290 35 1191.48
290.5 35 1205.23
291 35 1218.96
291.5 35 1232.63
292 35 1246.26
292.5 35 1259.88
293 35 1273.52
293.5 35 1287.2
294 35 1300.94
294.5 35 1314.75
235.5 35.5 377.309
236 35.5 365.017
236.5 35.5 352.822
237 35.5 340.722
237.5 35.5 328.703
238 35.5 316.756
238.5 35.5 304.878
239 35.5 292.99
239.5 35.5 280.947
240 35.5 268.842
240.5 35.5 257.078
241 35.5 245.907
241.5 35.5 235.372
242 35.5 225.416
242.5 35.5 215.964
243 35.5 207.1
243.5 35.5 199.003
244 35.5 191.881
244.5 35.5 185.771
245 35.5 180.523
245.5 35.5 176.033
246 35.5 172.471
246.5 35.5 170.138
247 35.5 169.113
247.5 35.5 169.502
248 35.5 171.175
248.5 35.5 173.789
249 35.5 177.186
249.5 35.5 181.334
250 35.5 186.21
250.5 35.5 191.83
251 35.5 198.433
251.5 35.5 206.198
252 35.5 214.945
252.5 35.5 224.476
253 35.5 234.65
253.5 35.5 245.186
254 35.5 255.77
254.5 35.5 266.397
255 35.5 277.171
255.5 35.5 288.185
256 35.5 299.525
256.5 35.5 311.216
257 35.5 323.273
257.5 35.5 335.629
258 35.5 348.146
258.5 35.5 360.735
259 35.5 373.41
259.5 35.5 386.26
260 35.5 399.378
260.5 35.5 412.747
261 35.5 426.249
261.5 35.5 439.764
262 35.5 453.081
262.5 35.5 465.988
263 35.5 478.543
263.5 35.5 490.948
264 35.5 503.357
264.5 35.5 515.839
265 35.5 528.387
265.5 35.5 540.984
266 35.5 553.66
266.5 35.5 566.375
267 35.5 579.048
267.5 35.5 591.662
268 35.5 604.289
268.5 35.5 617.002
269 35.5 629.813
269.5 35.5 642.706
270 35.5 655.655
270.5 35.5 668.607
271 35.5 681.506
271.5 35.5 694.315
272 35.5 707.029
272.5 35.5 719.682
273 35.5 732.314
273.5 35.5 744.965
274 35.5 757.676
274.5 35.5 770.475
275 35.5 783.372
275.5 35.5 796.349
276 35.5 809.39
276.5 35.5 822.504
277 35.5 835.683
277.5 35.5 848.907
278 35.5 862.17
278.5 35.5 875.445
279 35.5 888.659
279.5 35.5 901.777
280 35.5 914.841
280.5 35.5 927.903
281 35.5 940.983
281.5 35.5 954.107
282 35.5 967.309
282.5 35.5 980.621
283 35.5 994.077
283.5 35.5 1007.65
284 35.5 1021.3
284.5 35.5 1035.01
285 35.5 1048.77
285.5 35.5 1062.54
286 35.5 1076.31
286.5 35.5 1090.08
287 35.5 1103.83
287.5 35.5 1117.57
288 35.5 1131.29
288.5 35.5 1145
289 35.5 1158.7
289.5 35.5 1172.33
290 35.5 1185.9
290.5 35.5 1199.42
291 35.5 1212.93
291.5 35.5 1226.45
292 35.5 1240.01
292.5 35.5 1253.61
293 35.5 1267.27
293.5 35.5 1280.92
294 35.5 1294.42
294.5 35.5 1307.76
235.5 36 368.28
236 36 355.784
236.5 36 343.329
237 36 330.926
237.5 36 318.587
238 36 306.3
238.5 36 294.023
239 36 281.704
239.5 36 269.3
240 36 256.836
240.5 36 244.68
241 36 233.193
241.5 36 222.357
242 36 212.027
242.5 36 202.107
243 36 192.685
243.5 36 183.943
244 36 176.146
244.5 36 169.467
245 36 163.822
245.5 36 159.094
246 36 155.338
246.5 36 152.861
247 36 151.796
247.5 36 152.205
248 36 153.958
248.5 36 156.749
249 36 160.398
249.5 36 164.842
250 36 170.1
250.5 36 176.253
251 36 183.533
251.5 36 191.957
252 36 201.307
252.5 36 211.372
253 36 221.984
253.5 36 232.877
254 36 243.91
254.5 36 255.104
255 36 266.453
255.5 36 278.003
256 36 289.79
256.5 36 301.868
257 36 314.264
257.5 36 326.843
258 36 339.473
258.5 36 352.142
259 36 364.922
259.5 36 377.897
260 36 391.12
260.5 36 404.469
261 36 417.805
261.5 36 431.074
262 36 444.168
262.5 36 457.078
263 36 469.875
263.5 36 482.597
264 36 495.272
264.5 36 507.936
265 36 520.6
265.5 36 533.312
266 36 546.107
266.5 36 558.918
267 36 571.678
267.5 36 584.443
268 36 597.273
268.5 36 610.184
269 36 623.179
269.5 36 636.253
270 36 649.419
270.5 36 662.605
271 36 675.727
271.5 36 688.7
272 36 701.498
272.5 36 714.209
273 36 726.903
273.5 36 739.62
274 36 752.399
274.5 36 765.28
275 36 778.277
275.5 36 791.363
276 36 804.525
276.5 36 817.764
277 36 831.052
277.5 36 844.359
278 36 857.677
278.5 36 871.005
279 36 884.303
279.5 36 897.496
280 36 910.571
280.5 36 923.58
281 36 936.557
281.5 36 949.561
282 36 962.648
282.5 36 975.861
283 36 989.267
283.5 36 1002.82
284 36 1016.46
284.5 36 1030.16
285 36 1043.91
285.5 36 1057.67
286 36 1071.44
286.5 36 1085.2
287 36 1098.93
287.5 36 1112.61
288 36 1126.2
288.5 36 1139.7
289 36 1153.17
289.5 36 1166.61
290 36 1180.06
290.5 36 1193.53
291 36 1207.02
291.5 36 1220.54
292 36 1234.03
292.5 36 1247.4
293 36 1260.61
293.5 36 1273.74
294 36 1286.82
294.5 36 1299.91
235.5 36.5 360.16
236 36.5 347.533
236.5 36.5 334.87
237 36.5 322.175
237.5 36.5 309.462
238 36.5 296.75
238.5 36.5 284.056
239 36.5 271.319
239.5 36.5 258.445
240 36.5 245.566
240.5 36.5 233.123
241 36.5 221.376
241.5 36.5 210.193
242 36.5 199.397
242.5 36.5 188.918
243 36.5 178.872
243.5 36.5 169.464
244 36.5 160.947
244.5 36.5 153.535
245 36.5 147.299
245.5 36.5 142.19
246 36.5 138.206
246.5 36.5 135.581
247 36.5 134.493
247.5 36.5 134.917
248 36.5 136.743
248.5 36.5 139.72
249 36.5 143.66
249.5 36.5 148.505
250 36.5 154.308
250.5 36.5 161.202
251 36.5 169.257
251.5 36.5 178.38
252 36.5 188.375
252.5 36.5 198.996
253 36.5 210.037
253.5 36.5 221.355
254 36.5 232.918
254.5 36.5 244.714
255 36.5 256.686
255.5 36.5 268.782
256 36.5 280.985
256.5 36.5 293.34
257 36.5 305.867
257.5 36.5 318.511
258 36.5 331.218
258.5 36.5 344.015
259 36.5 356.966
259.5 36.5 370.091
260 36.5 383.346
260.5 36.5 396.647
261 36.5 409.941
261.5 36.5 423.206
262 36.5 436.41
262.5 36.5 449.548
263 36.5 462.632
263.5 36.5 475.642
264 36.5 488.571
264.5 36.5 501.437
265 36.5 514.27
265.5 36.5 527.119
266 36.5 540.009
266.5 36.5 552.92
267 36.5 565.848
267.5 36.5 578.819
268 36.5 591.845
268.5 36.5 604.91
269 36.5 617.992
269.5 36.5 631.092
270 36.5 644.224
270.5 36.5 657.359
271 36.5 670.436
271.5 36.5 683.399
272 36.5 696.264
272.5 36.5 709.104
273 36.5 721.965
273.5 36.5 734.867
274 36.5 747.829
274.5 36.5 760.871
275 36.5 773.994
275.5 36.5 787.166
276 36.5 800.379
276.5 36.5 813.669
277 36.5 827.026
277.5 36.5 840.372
278 36.5 853.655
278.5 36.5 866.893
279 36.5 880.07
279.5 36.5 893.149
280 36.5 906.147
280.5 36.5 919.12
281 36.5 932.119
281.5 36.5 945.169
282 36.5 958.282
282.5 36.5 971.495
283 36.5 984.864
283.5 36.5 998.385
284 36.5 1012.01
284.5 36.5 1025.7
285 36.5 1039.42
285.5 36.5 1053.13
286 36.5 1066.78
286.5 36.5 1080.36
287 36.5 1093.88
287.5 36.5 1107.36
288 36.5 1120.81
288.5 36.5 1134.25
289 36.5 1147.68
289.5 36.5 1161.11
290 36.5 1174.52
290.5 36.5 1187.87
291 36.5 1201.09
291.5 36.5 1214.19
292 36.5 1227.2
292.5 36.5 1240.16
293 36.5 1253.11
293.5 36.5 1266.08
294 36.5 1279.08
294.5 36.5 1292.15
235.5 37 352.707
236 37 340.046
236.5 37 327.285
237 37 314.396
237.5 37 301.36
238 37 288.189
238.5 37 274.942
239 37 261.703
239.5 37 248.51
240 37 235.402
240.5 37 222.698
241 37 210.619
241.5 37 198.982
242 37 187.61
242.5 37 176.505
243 37 165.777
243.5 37 155.622
244 37 146.291
244.5 37 138.035
245 37 131.025
245.5 37 125.315
246 37 120.943
246.5 37 118.128
247 37 117.013
247.5 37 117.465
248 37 119.429
248.5 37 122.691
249 37 127.069
249.5 37 132.543
250 37 139.154
250.5 37 146.937
251 37 155.837
251.5 37 165.728
252 37 176.38
252.5 37 187.544
253 37 199.073
253.5 37 210.918
254 37 223.056
254.5 37 235.418
255 37 247.899
255.5 37 260.404
256 37 272.898
256.5 37 285.439
257 37 298.093
257.5 37 310.886
258 37 323.81
258.5 37 336.869
259 37 350.066
259.5 37 363.357
260 37 376.682
260.5 37 390.035
261 37 403.418
261.5 37 416.801
262 37 430.163
262.5 37 443.492
263 37 456.776
263.5 37 469.987
264 37 483.105
264.5 37 496.141
265 37 509.121
265.5 37 522.093
266 37 535.083
266.5 37 548.106
267 37 561.177
267.5 37 574.285
268 37 587.417
268.5 37 600.532
269 37 613.589
269.5 37 626.597
270 37 639.581
270.5 37 652.559
271 37 665.523
271.5 37 678.478
272 37 691.458
272.5 37 704.486
273 37 717.561
273.5 37 730.667
274 37 743.797
274.5 37 756.957
275 37 770.14
275.5 37 783.294
276 37 796.414
276.5 37 809.601
277 37 822.909
277.5 37 836.229
278 37 849.461
278.5 37 862.64
279 37 875.77
279.5 37 888.846
280 37 901.905
280.5 37 914.979
281 37 928.1
281.5 37 941.244
282 37 954.391
282.5 37 967.586
283 37 980.874
283.5 37 994.269
284 37 1007.74
284.5 37 1021.24
285 37 1034.76
285.5 37 1048.31
286 37 1061.86
286.5 37 1075.38
287 37 1088.88
287.5 37 1102.33
288 37 1115.74
288.5 37 1129.08
289 37 1142.32
289.5 37 1155.43
290 37 1168.43
290.5 37 1181.35
291 37 1194.21
291.5 37 1207.04
292 37 1219.87
292.5 37 1232.73
293 37 1245.64
293.5 37 1258.6
294 37 1271.63
294.5 37 1284.73
235.5 37.5 345.88
236 37.5 333.106
236.5 37.5 320.255
237 37.5 307.253
237.5 37.5 294.013
238 37.5 280.476
238.5 37.5 266.735
239 37.5 252.993
239.5 37.5 239.481
240 37.5 226.321
240.5 37.5 213.526
241 37.5 201.053
241.5 37.5 188.807
242 37.5 176.764
242.5 37.5 164.975
243 37.5 153.538
243.5 37.5 142.606
244 37.5 132.39
244.5 37.5 123.161
245 37.5 115.183
245.5 37.5 108.63
246 37.5 103.626
246.5 37.5 100.426
247 37.5 99.182
247.5 37.5 99.67
248 37.5 101.918
248.5 37.5 105.693
249 37.5 110.8
249.5 37.5 117.204
250 37.5 124.84
250.5 37.5 133.633
251 37.5 143.488
251.5 37.5 154.186
252 37.5 165.471
252.5 37.5 177.181
253 37.5 189.258
253.5 37.5 201.671
254 37.5 214.375
254.5 37.5 227.22
255 37.5 240.032
255.5 37.5 252.792
256 37.5 265.56
256.5 37.5 278.404
257 37.5 291.378
257.5 37.5 304.492
258 37.5 317.734
258.5 37.5 331.075
259 37.5 344.483
259.5 37.5 357.928
260 37.5 371.386
260.5 37.5 384.855
261 37.5 398.337
261.5 37.5 411.818
262 37.5 425.286
262.5 37.5 438.728
263 37.5 452.12
263.5 37.5 465.439
264 37.5 478.669
264.5 37.5 491.815
265 37.5 504.9
265.5 37.5 517.964
266 37.5 531.034
266.5 37.5 544.126
267 37.5 557.236
267.5 37.5 570.351
268 37.5 583.461
268.5 37.5 596.531
269 37.5 609.528
269.5 37.5 622.453
270 37.5 635.342
270.5 37.5 648.233
271 37.5 661.147
271.5 37.5 674.111
272 37.5 687.144
272.5 37.5 700.254
273 37.5 713.42
273.5 37.5 726.609
274 37.5 739.803
274.5 37.5 752.998
275 37.5 766.19
275.5 37.5 779.328
276 37.5 792.399
276.5 37.5 805.51
277 37.5 818.742
277.5 37.5 832.049
278 37.5 845.38
278.5 37.5 858.703
279 37.5 871.953
279.5 37.5 885.121
280 37.5 898.236
280.5 37.5 911.32
281 37.5 924.378
281.5 37.5 937.394
282 37.5 950.366
282.5 37.5 963.354
283 37.5 976.443
283.5 37.5 989.7
284 37.5 1003.11
284.5 37.5 1016.62
285 37.5 1030.18
285.5 37.5 1043.76
286 37.5 1057.29
286.5 37.5 1070.73
287 37.5 1084.05
287.5 37.5 1097.24
288 37.5 1110.29
288.5 37.5 1123.23
289 37.5 1136.08
289.5 37.5 1148.87
290 37.5 1161.62
290.5 37.5 1174.35
291 37.5 1187.09
291.5 37.5 1199.87
292 37.5 1212.69
292.5 37.5 1225.58
293 37.5 1238.52
293.5 37.5 1251.53
294 37.5 1264.59
294.5 37.5 1277.69
235.5 38 340.006
236 38 327.002
236.5 38 313.898
237 38 300.642
237.5 38 287.155
238 38 273.354
238.5 38 259.346
239 38 245.374
239.5 38 231.711
240 38 218.489
240.5 38 205.532
241 38 192.63
241.5 38 179.763
242 38 167.037
242.5 38 154.559
243 38 142.411
243.5 38 130.694
244 38 119.578
244.5 38 109.299
245 38 100.163
245.5 38 92.4679
246 38 86.496
246.5 38 82.577
247 38 80.9589
247.5 38 81.5069
248 38 84.2426
248.5 38 88.8977
249 38 95.1372
249.5 38 102.752
250 38 111.603
250.5 38 121.569
251 38 132.439
251.5 38 143.933
252 38 155.861
252.5 38 168.161
253 38 180.804
253.5 38 193.736
254 38 206.899
254.5 38 220.087
255 38 233.164
255.5 38 246.284
256 38 259.524
256.5 38 272.843
257 38 286.218
257.5 38 299.643
258 38 313.13
258.5 38 326.657
259 38 340.2
259.5 38 353.757
260 38 367.32
260.5 38 380.872
261 38 394.411
261.5 38 407.939
262 38 421.456
262.5 38 434.943
263 38 448.367
263.5 38 461.712
264 38 474.977
264.5 38 488.164
265 38 501.296
265.5 38 514.405
266 38 527.515
266.5 38 540.626
267 38 553.715
267.5 38 566.78
268 38 579.828
268.5 38 592.829
269 38 605.754
269.5 38 618.615
270 38 631.453
270.5 38 644.312
271 38 657.224
271.5 38 670.207
272 38 683.257
272.5 38 696.385
273 38 709.581
273.5 38 722.815
274 38 736.067
274.5 38 749.315
275 38 762.559
275.5 38 775.729
276 38 788.764
276.5 38 801.775
277 38 814.89
277.5 38 828.124
278 38 841.493
278.5 38 854.888
279 38 868.155
279.5 38 881.288
280 38 894.316
280.5 38 907.266
281 38 920.161
281.5 38 933.023
282 38 945.877
282.5 38 958.794
283 38 971.877
283.5 38 985.184
284 38 998.674
284.5 38 1012.22
285 38 1025.72
285.5 38 1039.12
286 38 1052.38
286.5 38 1065.49
287 38 1078.46
287.5 38 1091.31
288 38 1104.07
288.5 38 1116.76
289 38 1129.42
289.5 38 1142.07
290 38 1154.75
290.5 38 1167.47
291 38 1180.24
291.5 38 1193.07
292 38 1205.95
292.5 38 1218.87
293 38 1231.83
293.5 38 1244.81
294 38 1257.83
294.5 38 1270.88
235.5 38.5 335.088
236 38.5 321.904
236.5 38.5 308.569
237 38.5 295.031
237.5 38.5 281.24
238 38.5 267.186
238.5 38.5 253.027
239 38.5 239.04
239.5 38.5 225.411
240 38.5 212.08
240.5 38.5 198.822
241 38.5 185.47
241.5 38.5 172.06
242 38.5 158.747
242.5 38.5 145.64
243 38.5 132.796
243.5 38.5 120.293
244 38.5 108.266
244.5 38.5 96.9053
245 38.5 86.4772
245.5 38.5 77.3349
246 38.5 69.9596
246.5 38.5 64.8925
247 38.5 62.594
247.5 38.5 63.1925
248 38.5 66.7019
248.5 38.5 72.6868
249 38.5 80.4595
249.5 38.5 89.5933
250 38.5 99.9119
250.5 38.5 111.155
251 38.5 123.024
251.5 38.5 135.304
252 38.5 147.932
252.5 38.5 160.877
253 38.5 174.068
253.5 38.5 187.425
254 38.5 200.883
254.5 38.5 214.354
255 38.5 227.852
255.5 38.5 241.477
256 38.5 255.213
256.5 38.5 268.956
257 38.5 282.628
257.5 38.5 296.241
258 38.5 309.834
258.5 38.5 323.426
259 38.5 337.025
259.5 38.5 350.628
260 38.5 364.215
260.5 38.5 377.767
261 38.5 391.284
261.5 38.5 404.791
262 38.5 418.309
262.5 38.5 431.803
263 38.5 445.224
263.5 38.5 458.556
264 38.5 471.811
264.5 38.5 485
265 38.5 498.137
265.5 38.5 511.246
266 38.5 524.339
266.5 38.5 537.408
267 38.5 550.435
267.5 38.5 563.422
268 38.5 576.372
268.5 38.5 589.283
269 38.5 602.155
269.5 38.5 615.001
270 38.5 627.853
270.5 38.5 640.752
271 38.5 653.728
271.5 38.5 666.786
272 38.5 679.917
272.5 38.5 693.11
273 38.5 706.352
273.5 38.5 719.627
274 38.5 732.91
274.5 38.5 746.162
275 38.5 759.363
275.5 38.5 772.481
276 38.5 785.474
276.5 38.5 798.38
277 38.5 811.279
277.5 38.5 824.249
278 38.5 837.352
278.5 38.5 850.558
279 38.5 863.783
279.5 38.5 876.956
280 38.5 890.041
280.5 38.5 903.032
281 38.5 915.943
281.5 38.5 928.79
282 38.5 941.598
282.5 38.5 954.449
283 38.5 967.451
283.5 38.5 980.653
284 38.5 994.001
284.5 38.5 1007.37
285 38.5 1020.67
285.5 38.5 1033.83
286 38.5 1046.84
286.5 38.5 1059.69
287 38.5 1072.42
287.5 38.5 1085.06
288 38.5 1097.66
288.5 38.5 1110.25
289 38.5 1122.87
289.5 38.5 1135.53
290 38.5 1148.26
290.5 38.5 1161.03
291 38.5 1173.85
291.5 38.5 1186.7
292 38.5 1199.57
292.5 38.5 1212.46
293 38.5 1225.38
293.5 38.5 1238.35
294 38.5 1251.35
294.5 38.5 1264.39
235.5 39 330.963
236 39 317.633
236.5 39 304.149
237 39 290.467
237.5 39 276.536
238 39 262.357
238.5 39 248.129
239 39 234.138
239.5 39 220.484
240 39 207.017
240.5 39 193.496
241 39 179.781
241.5 39 165.961
242 39 152.204
242.5 39 138.573
243 39 125.107
243.5 39 111.878
244 39 98.9852
244.5 39 86.5463
245 39 74.7559
245.5 39 63.9369
246 39 54.6547
246.5 39 47.7708
247 39 44.3037
247.5 39 44.9773
248 39 49.8092
248.5 39 57.7259
249 39 67.4816
249.5 39 78.4737
250 39 90.3801
250.5 39 102.886
251 39 115.725
251.5 39 128.799
252 39 142.134
252.5 39 155.681
253 39 169.324
253.5 39 182.987
254 39 196.657
254.5 39 210.352
255 39 224.172
255.5 39 238.163
256 39 252.241
256.5 39 266.251
257 39 280.08
257.5 39 293.773
258 39 307.396
258.5 39 320.991
259 39 334.588
259.5 39 348.176
260 39 361.731
260.5 39 375.237
261 39 388.698
261.5 39 402.164
262 39 415.667
262.5 39 429.142
263 39 442.519
263.5 39 455.796
264 39 468.998
264.5 39 482.147
265 39 495.249
265.5 39 508.317
266 39 521.358
266.5 39 534.368
267 39 547.344
267.5 39 560.286
268 39 573.188
268.5 39 586.065
269 39 598.941
269.5 39 611.821
270 39 624.724
270.5 39 637.683
271 39 650.725
271.5 39 663.842
272 39 677.023
272.5 39 690.245
273 39 703.486
273.5 39 716.74
274 39 729.981
274.5 39 743.158
275 39 756.259
275.5 39 769.293
276 39 782.223
276.5 39 795.023
277 39 807.719
277.5 39 820.432
278 39 833.275
278.5 39 846.294
279 39 859.477
279.5 39 872.695
280 39 885.845
280.5 39 898.899
281 39 911.845
281.5 39 924.688
282 39 937.448
282.5 39 950.224
283 39 963.116
283.5 39 976.151
284 39 989.275
284.5 39 1002.4
285 39 1015.45
285.5 39 1028.37
286 39 1041.15
286.5 39 1053.82
287 39 1066.41
287.5 39 1078.97
288 39 1091.53
288.5 39 1104.13
289 39 1116.77
289.5 39 1129.46
290 39 1142.2
290.5 39 1154.96
291 39 1167.76
291.5 39 1180.59
292 39 1193.46
292.5 39 1206.35
293 39 1219.29
293.5 39 1232.25
294 39 1245.23
294.5 39 1258.24
235.5 39.5 327.853
236 39.5 314.326
236.5 39.5 300.664
237 39.5 286.833
237.5 39.5 272.818
238 39.5 258.647
238.5 39.5 244.465
239 39.5 230.502
239.5 39.5 216.793
240 39.5 203.172
240.5 39.5 189.452
241 39.5 175.554
241.5 39.5 161.551
242 39.5 147.541
242.5 39.5 133.567
243 39.5 119.673
243.5 39.5 105.917
244 39.5 92.3467
244.5 39.5 78.9935
245 39.5 65.9413
245.5 39.5 53.3998
246 39.5 41.7886
246.5 39.5 32.0199
247 39.5 26.2172
247.5 39.5 27.1486
248 39.5 34.5315
248.5 39.5 45.218
249 39.5 57.4061
249.5 39.5 70.3326
250 39.5 83.6952
250.5 39.5 97.3025
251 39.5 111.007
251.5 39.5 124.784
252 39.5 138.672
252.5 39.5 152.62
253 39.5 166.497
253.5 39.5 180.278
254 39.5 194.02
254.5 39.5 207.792
255 39.5 221.711
255.5 39.5 235.823
256 39.5 250.022
256.5 39.5 264.14
257 39.5 278.076
257.5 39.5 291.851
258 39.5 305.515
258.5 39.5 319.118
259 39.5 332.69
259.5 39.5 346.228
260 39.5 359.719
260.5 39.5 373.164
261 39.5 386.584
261.5 39.5 400.009
262 39.5 413.433
262.5 39.5 426.81
263 39.5 440.1
263.5 39.5 453.298
264 39.5 466.431
264.5 39.5 479.54
265 39.5 492.632
265.5 39.5 505.694
266 39.5 518.719
266.5 39.5 531.709
267 39.5 544.674
267.5 39.5 557.614
268 39.5 570.524
268.5 39.5 583.415
269 39.5 596.308
269.5 39.5 609.219
270 39.5 622.166
270.5 39.5 635.163
271 39.5 648.213
271.5 39.5 661.31
272 39.5 674.451
272.5 39.5 687.622
273 39.5 700.809
273.5 39.5 713.99
274 39.5 727.122
274.5 39.5 740.172
275 39.5 753.156
275.5 39.5 766.095
276 39.5 778.957
276.5 39.5 791.683
277 39.5 804.282
277.5 39.5 816.864
278 39.5 829.549
278.5 39.5 842.4
279 39.5 855.425
279.5 39.5 868.555
280 39.5 881.708
280.5 39.5 894.813
281 39.5 907.817
281.5 39.5 920.7
282 39.5 933.477
282.5 39.5 946.227
283 39.5 959.029
283.5 39.5 971.898
284 39.5 984.781
284.5 39.5 997.634
285 39.5 1010.43
285.5 39.5 1023.15
286 39.5 1035.78
286.5 39.5 1048.35
287 39.5 1060.88
287.5 39.5 1073.39
288 39.5 1085.9
288.5 39.5 1098.44
289 39.5 1111.02
289.5 39.5 1123.67
290 39.5 1136.39
290.5 39.5 1149.17
291 39.5 1162
291.5 39.5 1174.86
292 39.5 1187.74
292.5 39.5 1200.63
293 39.5 1213.53
293.5 39.5 1226.43
294 39.5 1239.32
294.5 39.5 1252.19
235.5 40 326.044
236 40 312.366
236.5 40 298.532
237 40 284.524
237.5 40 270.405
238 40 256.24
238.5 40 242.114
239 40 228.188
239.5 40 214.423
240 40 200.677
240.5 40 186.848
241 40 172.879
241.5 40 158.844
242 40 144.801
242.5 40 130.753
243 40 116.724
243.5 40 102.754
244 40 88.8648
244.5 40 75.0385
245 40 61.2613
245.5 40 47.5743
246 40 34.0449
246.5 40 20.8217
248 40 23.9143
248.5 40 37.7795
249 40 51.9377
249.5 40 66.1941
250 40 80.4887
250.5 40 94.7686
251 40 108.998
251.5 40 123.203
252 40 137.402
252.5 40 151.518
253 40 165.422
253.5 40 179.17
254 40 192.867
254.5 40 206.583
255 40 220.442
255.5 40 234.498
256 40 248.666
256.5 40 262.782
257 40 276.746
257.5 40 290.553
258 40 304.227
258.5 40 317.811
259 40 331.334
259.5 40 344.797
260 40 358.201
260.5 40 371.569
261 40 384.935
261.5 40 398.298
262 40 411.624
262.5 40 424.898
263 40 438.114
263.5 40 451.257
264 40 464.343
264.5 40 477.428
265 40 490.531
265.5 40 503.613
266 40 516.645
266.5 40 529.635
267 40 542.599
267.5 40 555.54
268 40 568.46
268.5 40 581.363
269 40 594.266
269.5 40 607.188
270 40 620.147
270.5 40 633.137
271 40 646.137
271.5 40 659.15
272 40 672.186
272.5 40 685.245
273 40 698.32
273.5 40 711.378
274 40 724.367
274.5 40 737.279
275 40 750.142
275.5 40 762.986
276 40 775.782
276.5 40 788.456
277 40 800.999
277.5 40 813.517
278 40 826.113
278.5 40 838.829
279 40 851.689
279.5 40 864.685
280 40 877.772
280.5 40 890.859
281 40 903.866
281.5 40 916.76
282 40 929.54
282.5 40 942.278
283 40 955.046
283.5 40 967.853
284 40 980.618
284.5 40 993.311
285 40 1005.94
285.5 40 1018.49
286 40 1030.96
286.5 40 1043.37
287 40 1055.75
287.5 40 1068.12
288 40 1080.54
288.5 40 1093.01
289 40 1105.58
289.5 40 1118.24
290 40 1130.99
290.5 40 1143.79
291 40 1156.62
291.5 40 1169.45
292 40 1182.27
292.5 40 1195.06
293 40 1207.83
293.5 40 1220.58
294 40 1233.29
294.5 40 1245.99
235.5 40.5 325.134
236 40.5 311.374
236.5 40.5 297.49
237 40.5 283.509
237.5 40.5 269.52
238 40.5 255.552
238.5 40.5 241.592
239 40.5 227.689
239.5 40.5 213.842
240 40.5 199.983
240.5 40.5 186.085
241 40.5 172.159
241.5 40.5 158.237
242 40.5 144.326
242.5 40.5 130.426
243 40.5 116.552
243.5 40.5 102.715
244 40.5 88.9178
244.5 40.5 75.1797
245 40.5 61.5418
245.5 40.5 48.0604
246 40.5 34.8535
246.5 40.5 22.2846
248 40.5 25.1975
248.5 40.5 38.5597
249 40.5 52.5555
249.5 40.5 66.8095
250 40.5 81.1439
250.5 40.5 95.4706
251 40.5 109.763
251.5 40.5 124.03
252 40.5 138.248
252.5 40.5 152.33
253 40.5 166.188
253.5 40.5 179.862
254 40.5 193.437
254.5 40.5 206.997
255 40.5 220.671
255.5 40.5 234.539
256 40.5 248.542
256.5 40.5 262.536
257 40.5 276.423
257.5 40.5 290.178
258 40.5 303.812
258.5 40.5 317.346
259 40.5 330.792
259.5 40.5 344.15
260 40.5 357.434
260.5 40.5 370.69
261 40.5 383.953
261.5 40.5 397.218
262 40.5 410.45
262.5 40.5 423.633
263 40.5 436.77
263.5 40.5 449.852
264 40.5 462.89
264.5 40.5 475.935
265 40.5 489.015
265.5 40.5 502.086
266 40.5 515.108
266.5 40.5 528.086
267 40.5 541.035
267.5 40.5 553.963
268 40.5 566.877
268.5 40.5 579.778
269 40.5 592.674
269.5 40.5 605.578
270 40.5 618.502
270.5 40.5 631.437
271 40.5 644.365
271.5 40.5 657.283
272 40.5 670.201
272.5 40.5 683.122
273 40.5 696.044
273.5 40.5 708.948
274 40.5 721.808
274.5 40.5 734.615
275 40.5 747.394
275.5 40.5 760.159
276 40.5 772.872
276.5 40.5 785.484
277 40.5 798.001
277.5 40.5 810.491
278 40.5 823.016
278.5 40.5 835.607
279 40.5 848.296
279.5 40.5 861.114
280 40.5 874.053
280.5 40.5 887.043
281 40.5 900.003
281.5 40.5 912.891
282 40.5 925.696
282.5 40.5 938.452
283 40.5 951.204
283.5 40.5 963.962
284 40.5 976.654
284.5 40.5 989.223
285 40.5 1001.68
285.5 40.5 1014.04
286 40.5 1026.34
286.5 40.5 1038.62
287 40.5 1050.91
287.5 40.5 1063.23
288 40.5 1075.6
288.5 40.5 1088.03
289 40.5 1100.56
289.5 40.5 1113.18
290 40.5 1125.87
290.5 40.5 1138.6
291 40.5 1151.33
291.5 40.5 1164.04
292 40.5 1176.71
292.5 40.5 1189.36
293 40.5 1201.98
293.5 40.5 1214.58
294 40.5 1227.18
294.5 40.5 1239.79
235.5 41 325.258
236 41 311.452
236.5 41 297.611
237 41 283.787
237.5 41 270.04
238 41 256.333
238.5 41 242.564
239 41 228.72
239.5 41 214.873
240 41 201.018
240.5 41 187.183
241 41 173.431
241.5 41 159.753
242 41 146.131
242.5 41 132.582
243 41 119.135
243.5 41 105.789
244 41 92.5419
244.5 41 79.4994
245 41 66.8448
245.5 41 54.8021
246 41 43.8138
246.5 41 34.836
247 41 29.7489
247.5 41 30.5677
248 41 37.1173
248.5 41 47.2626
249 41 59.3258
249.5 41 72.3636
250 41 85.8771
250.5 41 99.6279
251 41 113.492
251.5 41 127.424
252 41 141.371
252.5 41 155.225
253 41 168.886
253.5 41 182.372
254 41 195.737
254.5 41 209.07
255 41 222.503
255.5 41 236.125
256 41 249.905
256.5 41 263.703
257 41 277.413
257.5 41 291.007
258 41 304.494
258.5 41 317.891
259 41 331.196
259.5 41 344.403
260 41 357.521
260.5 41 370.611
261 41 383.715
261.5 41 396.821
262 41 409.901
262.5 41 422.936
263 41 435.941
263.5 41 448.92
264 41 461.879
264.5 41 474.866
265 41 487.912
265.5 41 500.958
266 41 513.959
266.5 41 526.929
267 41 539.864
267.5 41 552.771
268 41 565.662
268.5 41 578.535
269 41 591.398
269.5 41 604.259
270 41 617.121
270.5 41 629.985
271 41 642.836
271.5 41 655.671
272 41 668.492
272.5 41 681.292
273 41 694.071
273.5 41 706.835
274 41 719.584
274.5 41 732.311
275 41 745.028
275.5 41 757.727
276 41 770.371
276.5 41 782.931
277 41 795.416
277.5 41 807.872
278 41 820.336
278.5 41 832.825
279 41 845.366
279.5 41 858.004
280 41 870.768
280.5 41 883.6
281 41 896.433
281.5 41 909.239
282 41 921.996
282.5 41 934.697
283 41 947.356
283.5 41 960.012
284 41 972.631
284.5 41 985.143
285 41 997.53
285.5 41 1009.81
286 41 1022.04
286.5 41 1034.25
287 41 1046.46
287.5 41 1058.69
288 41 1070.95
288.5 41 1083.26
289 41 1095.65
289.5 41 1108.14
290 41 1120.71
290.5 41 1133.32
291 41 1145.92
291.5 41 1158.51
292 41 1171.08
292.5 41 1183.65
293 41 1196.23
293.5 41 1208.82
294 41 1221.42
294.5 41 1234.05
235.5 41.5 326.711
236 41.5 312.869
236.5 41.5 299.106
237 41.5 285.476
237.5 41.5 271.968
238 41.5 258.454
238.5 41.5 244.831
239 41.5 231.118
239.5 41.5 217.41
240 41.5 203.748
240.5 41.5 190.154
241 41.5 176.651
241.5 41.5 163.268
242 41.5 150.039
242.5 41.5 136.999
243 41.5 124.183
243.5 41.5 111.601
244 41.5 99.2696
244.5 41.5 87.3431
245 41.5 76.0923
245.5 41.5 65.8669
246 41.5 57.2023
246.5 41.5 50.8552
247 41.5 47.7347
247.5 41.5 48.4242
248 41.5 52.9197
248.5 41.5 60.5212
249 41.5 70.3913
249.5 41.5 81.7591
250 41.5 94.0267
250.5 41.5 106.827
251 41.5 119.937
251.5 41.5 133.243
252 41.5 146.671
252.5 41.5 160.1
253 41.5 173.403
253.5 41.5 186.567
254 41.5 199.631
254.5 41.5 212.664
255 41.5 225.778
255.5 41.5 239.061
256 41.5 252.494
256.5 41.5 265.966
257 41.5 279.382
257.5 41.5 292.712
258 41.5 305.967
258.5 41.5 319.168
259 41.5 332.304
259.5 41.5 345.365
260 41.5 358.362
260.5 41.5 371.334
261 41.5 384.307
261.5 41.5 397.265
262 41.5 410.171
262.5 41.5 423.011
263 41.5 435.811
263.5 41.5 448.615
264 41.5 461.466
264.5 41.5 474.383
265 41.5 487.348
265.5 41.5 500.309
266 41.5 513.244
266.5 41.5 526.181
267 41.5 539.112
267.5 41.5 552.005
268 41.5 564.849
268.5 41.5 577.65
269 41.5 590.427
269.5 41.5 603.196
270 41.5 615.971
270.5 41.5 628.755
271 41.5 641.541
271.5 41.5 654.316
272 41.5 667.063
272.5 41.5 679.772
273 41.5 692.449
273.5 41.5 705.116
274 41.5 717.781
274.5 41.5 730.444
275 41.5 743.111
275.5 41.5 755.763
276 41.5 768.354
276.5 41.5 780.861
277 41.5 793.299
277.5 41.5 805.705
278 41.5 818.103
278.5 41.5 830.501
279 41.5 842.914
279.5 41.5 855.369
280 41.5 867.891
280.5 41.5 880.475
281 41.5 893.102
281.5 41.5 905.755
282 41.5 918.411
282.5 41.5 931.041
283 41.5 943.644
283.5 41.5 956.232
284 41.5 968.77
284.5 41.5 981.199
285 41.5 993.491
285.5 41.5 1005.67
286 41.5 1017.79
286.5 41.5 1029.9
287 41.5 1042.01
287.5 41.5 1054.14
288 41.5 1066.29
288.5 41.5 1078.49
289 41.5 1090.75
289.5 41.5 1103.1
290 41.5 1115.56
290.5 41.5 1128.09
291 41.5 1140.66
291.5 41.5 1153.24
292 41.5 1165.84
292.5 41.5 1178.44
293 41.5 1191.06
293.5 41.5 1203.7
294 41.5 1216.36
294.5 41.5 1228.97
235.5 42 329.111
236 42 315.249
236.5 42 301.617
237 42 288.26
237.5 42 275.047
238 42 261.779
238.5 42 248.379
239 42 234.879
239.5 42 221.399
240 42 208.017
240.5 42 194.728
241 42 181.523
241.5 42 168.487
242 42 155.741
242.5 42 143.336
243 42 131.322
243.5 42 119.697
244 42 108.455
244.5 42 97.7827
245 42 87.998
245.5 42 79.4527
246 42 72.582
246.5 42 67.8709
247 42 65.7565
247.5 42 66.4476
248 42 69.9111
248.5 42 75.9086
249 42 84.0112
249.5 42 93.7609
250 42 104.696
250.5 42 116.4
251 42 128.579
251.5 42 141.092
252 42 153.868
252.5 42 166.741
253 42 179.539
253.5 42 192.255
254 42 204.931
254.5 42 217.614
255 42 230.368
255.5 42 243.25
256 42 256.263
256.5 42 269.319
257 42 282.349
257.5 42 295.334
258 42 308.3
258.5 42 321.269
259 42 334.227
259.5 42 347.153
260 42 360.048
260.5 42 372.923
261 42 385.784
261.5 42 398.601
262 42 411.327
262.5 42 423.955
263 42 436.512
263.5 42 449.074
264 42 461.739
264.5 42 474.516
265 42 487.36
265.5 42 500.213
266 42 513.048
266.5 42 525.921
267 42 538.832
267.5 42 551.709
268 42 564.497
268.5 42 577.203
269 42 589.857
269.5 42 602.499
270 42 615.153
270.5 42 627.819
271 42 640.494
271.5 42 653.16
272 42 665.797
272.5 42 678.4
273 42 690.977
273.5 42 703.552
274 42 716.138
274.5 42 728.743
275 42 741.379
275.5 42 754.016
276 42 766.583
276.5 42 779.047
277 42 791.422
277.5 42 803.748
278 42 816.056
278.5 42 828.347
279 42 840.634
279.5 42 852.932
280 42 865.256
280.5 42 877.628
281 42 890.053
281.5 42 902.519
282 42 915.013
282.5 42 927.509
283 42 939.996
283.5 42 952.453
284 42 964.846
284.5 42 977.132
285 42 989.285
285.5 42 1001.36
286 42 1013.42
286.5 42 1025.5
287 42 1037.58
287.5 42 1049.66
288 42 1061.78
288.5 42 1073.96
289 42 1086.18
289.5 42 1098.51
290 42 1110.98
290.5 42 1123.53
291 42 1136.12
291.5 42 1148.75
292 42 1161.38
292.5 42 1173.94
293 42 1186.37
293.5 42 1198.7
294 42 1210.96
294.5 42 1223.2
235.5 42.5 332.507
236 42.5 318.74
236.5 42.5 305.328
237 42.5 292.249
237.5 42.5 279.303
238 42.5 266.274
238.5 42.5 253.096
239 42.5 239.837
239.5 42.5 226.624
240 42.5 213.548
240.5 42.5 200.618
241 42.5 187.851
241.5 42.5 175.344
242 42.5 163.219
242.5 42.5 151.553
243 42.5 140.391
243.5 42.5 129.719
244 42.5 119.553
244.5 42.5 110.09
245 42.5 101.632
245.5 42.5 94.4736
246 42.5 88.9292
246.5 42.5 85.2999
247 42.5 83.7992
247.5 42.5 84.5063
248 42.5 87.3679
248.5 42.5 92.3002
249 42.5 99.113
249.5 42.5 107.524
250 42.5 117.201
250.5 42.5 127.769
251 42.5 138.934
251.5 42.5 150.568
252 42.5 162.592
252.5 42.5 174.823
253 42.5 187.074
253.5 42.5 199.305
254 42.5 211.551
254.5 42.5 223.854
255 42.5 236.231
255.5 42.5 248.679
256 42.5 261.194
256.5 42.5 273.747
257 42.5 286.303
257.5 42.5 298.88
258 42.5 311.52
258.5 42.5 324.232
259 42.5 336.991
259.5 42.5 349.756
260 42.5 362.5
260.5 42.5 375.22
261 42.5 387.91
261.5 42.5 400.537
262 42.5 413.064
262.5 42.5 425.485
263 42.5 437.829
263.5 42.5 450.164
264 42.5 462.579
264.5 42.5 475.114
265 42.5 487.746
265.5 42.5 500.431
266 42.5 513.169
266.5 42.5 525.976
267 42.5 538.82
267.5 42.5 551.632
268 42.5 564.343
268.5 42.5 576.941
269 42.5 589.472
269.5 42.5 601.979
270 42.5 614.482
270.5 42.5 626.985
271 42.5 639.481
271.5 42.5 651.97
272 42.5 664.455
272.5 42.5 676.935
273 42.5 689.414
273.5 42.5 701.911
274 42.5 714.432
274.5 42.5 726.99
275 42.5 739.6
275.5 42.5 752.24
276 42.5 764.827
276.5 42.5 777.297
277 42.5 789.649
277.5 42.5 801.919
278 42.5 814.134
278.5 42.5 826.317
279 42.5 838.495
279.5 42.5 850.68
280 42.5 862.877
280.5 42.5 875.1
281 42.5 887.348
281.5 42.5 899.625
282 42.5 911.923
282.5 42.5 924.231
283 42.5 936.537
283.5 42.5 948.818
284 42.5 961.054
284.5 42.5 973.223
285 42.5 985.318
285.5 42.5 997.364
286 42.5 1009.41
286.5 42.5 1021.46
287 42.5 1033.52
287.5 42.5 1045.6
288 42.5 1057.74
288.5 42.5 1069.98
289 42.5 1082.32
289.5 42.5 1094.74
290 42.5 1107.18
290.5 42.5 1119.56
291 42.5 1131.88
291.5 42.5 1144.17
292 42.5 1156.44
292.5 42.5 1168.68
293 42.5 1180.89
293.5 42.5 1193.09
294 42.5 1205.27
294.5 42.5 1217.43
235.5 43 336.853
236 43 323.239
236.5 43 310.051
237 43 297.235
237.5 43 284.546
238 43 271.743
238.5 43 258.796
239 43 245.805
239.5 43 232.923
240 43 220.264
240.5 43 207.839
241 43 195.667
241.5 43 183.823
242 43 172.402
242.5 43 161.494
243 43 151.17
243.5 43 141.418
244 43 132.229
244.5 43 123.802
245 43 116.457
245.5 43 110.422
246 43 105.877
246.5 43 103.005
247 43 101.918
247.5 43 102.609
248 43 105.069
248.5 43 109.248
249 43 115.094
249.5 43 122.434
250 43 131.008
250.5 43 140.469
251 43 150.578
251.5 43 161.301
252 43 172.573
252.5 43 184.13
253 43 195.774
253.5 43 207.504
254 43 219.352
254.5 43 231.326
255 43 243.38
255.5 43 255.426
256 43 267.435
256.5 43 279.439
257 43 291.456
257.5 43 303.562
258 43 315.822
258.5 43 328.217
259 43 340.709
259.5 43 353.231
260 43 365.725
260.5 43 378.187
261 43 390.613
261.5 43 402.974
262 43 415.252
262.5 43 427.443
263 43 439.574
263.5 43 451.7
264 43 463.889
264.5 43 476.167
265 43 488.539
265.5 43 501.01
266 43 513.612
266.5 43 526.331
267 43 539.083
267.5 43 551.797
268 43 564.391
268.5 43 576.851
269 43 589.239
269.5 43 601.598
270 43 613.94
270.5 43 626.27
271 43 638.585
271.5 43 650.898
272 43 663.239
272.5 43 675.606
273 43 687.997
273.5 43 700.422
274 43 712.88
274.5 43 725.384
275 43 737.957
275.5 43 750.585
276 43 763.189
276.5 43 775.687
277 43 788.055
277.5 43 800.306
278 43 812.459
278.5 43 824.566
279 43 836.675
279.5 43 848.799
280 43 860.931
280.5 43 873.06
281 43 885.175
281.5 43 897.293
282 43 909.421
282.5 43 921.559
283 43 933.706
283.5 43 945.846
284 43 957.972
284.5 43 970.069
285 43 982.121
285.5 43 994.124
286 43 1006.1
286.5 43 1018.08
287 43 1030.06
287.5 43 1042.03
288 43 1054.01
288.5 43 1066.06
289 43 1078.2
289.5 43 1090.39
290 43 1102.57
290.5 43 1114.73
291 43 1126.9
291.5 43 1139.09
292 43 1151.28
292.5 43 1163.47
293 43 1175.64
293.5 43 1187.78
294 43 1199.92
294.5 43 1212.04
235.5 43.5 341.793
236 43.5 328.44
236.5 43.5 315.528
237 43.5 302.976
237.5 43.5 290.543
238 43.5 278.003
238.5 43.5 265.355
239 43.5 252.761
239.5 43.5 240.359
240 43.5 228.211
240.5 43.5 216.343
241 43.5 204.804
241.5 43.5 193.658
242 43.5 183.004
242.5 43.5 172.93
243 43.5 163.442
243.5 43.5 154.49
244 43.5 146.131
244.5 43.5 138.608
245 43.5 132.196
245.5 43.5 127.035
246 43.5 123.229
246.5 43.5 120.895
247 43.5 120.079
247.5 43.5 120.725
248 43.5 122.896
248.5 43.5 126.516
249 43.5 131.593
249.5 43.5 138.03
250 43.5 145.62
250.5 43.5 154.092
251 43.5 163.241
251.5 43.5 173.045
252 43.5 183.471
252.5 43.5 194.311
253 43.5 205.366
253.5 43.5 216.616
254 43.5 228.097
254.5 43.5 239.764
255 43.5 251.498
255.5 43.5 263.177
256 43.5 274.751
256.5 43.5 286.286
257 43.5 297.863
257.5 43.5 309.554
258 43.5 321.409
258.5 43.5 333.419
259 43.5 345.543
259.5 43.5 357.713
260 43.5 369.867
260.5 43.5 381.993
261 43.5 394.078
261.5 43.5 406.115
262 43.5 418.105
262.5 43.5 430.051
263 43.5 441.972
263.5 43.5 453.896
264 43.5 465.857
264.5 43.5 477.867
265 43.5 489.942
265.5 43.5 502.137
266 43.5 514.526
266.5 43.5 527.113
267 43.5 539.798
267.5 43.5 552.438
268 43.5 564.911
268.5 43.5 577.21
269 43.5 589.417
269.5 43.5 601.595
270 43.5 613.768
270.5 43.5 625.946
271 43.5 638.124
271.5 43.5 650.308
272 43.5 662.521
272.5 43.5 674.772
273 43.5 687.066
273.5 43.5 699.414
274 43.5 711.822
274.5 43.5 724.287
275 43.5 736.817
275.5 43.5 749.406
276 43.5 761.99
276.5 43.5 774.493
277 43.5 786.869
277.5 43.5 799.107
278 43.5 811.223
278.5 43.5 823.274
279 43.5 835.323
279.5 43.5 847.394
280 43.5 859.478
280.5 43.5 871.541
281 43.5 883.568
281.5 43.5 895.578
282 43.5 907.58
282.5 43.5 919.569
283 43.5 931.547
283.5 43.5 943.518
284 43.5 955.475
284.5 43.5 967.394
285 43.5 979.24
285.5 43.5 990.99
286 43.5 1002.67
286.5 43.5 1014.32
287 43.5 1026.01
287.5 43.5 1037.77
288 43.5 1049.64
288.5 43.5 1061.61
289 43.5 1073.69
289.5 43.5 1085.83
290 43.5 1097.94
290.5 43.5 1110.03
291 43.5 1122.15
291.5 43.5 1134.31
292 43.5 1146.5
292.5 43.5 1158.68
293 43.5 1170.84
293.5 43.5 1182.98
294 43.5 1195.12
294.5 43.5 1207.25
235.5 44 347.21
236 44 334.187
236.5 44 321.59
237 44 309.353
237.5 44 297.237
238 44 285.007
238.5 44 272.744
239 44 260.649
239.5 44 248.79
240 44 237.181
240.5 44 225.895
241 44 215.022
241.5 44 204.629
242 44 194.806
242.5 44 185.559
243 44 176.769
243.5 44 168.476
244 44 160.899
244.5 44 154.233
245 44 148.617
245.5 44 144.105
246 44 140.822
246.5 44 138.851
247 44 138.197
247.5 44 138.802
248 44 140.774
248.5 44 143.954
249 44 148.378
249.5 44 154.024
250 44 160.739
250.5 44 168.323
251 44 176.639
251.5 44 185.63
252 44 195.211
252.5 44 205.224
253 44 215.58
253.5 44 226.343
254 44 237.519
254.5 44 248.906
255 44 260.295
255.5 44 271.582
256 44 282.732
256.5 44 293.871
257 44 305.137
257.5 44 316.55
258 44 328.099
258.5 44 339.757
259 44 351.492
259.5 44 363.248
260 44 374.979
260.5 44 386.694
261 44 398.387
261.5 44 410.065
262 44 421.748
262.5 44 433.438
263 44 445.143
263.5 44 456.862
264 44 468.599
264.5 44 480.352
265 44 492.131
265.5 44 504.042
266 44 516.213
266.5 44 528.651
267 44 541.244
267.5 44 553.797
268 44 566.129
268.5 44 578.245
269 44 590.248
269.5 44 602.222
270 44 614.214
270.5 44 626.243
271 44 638.309
271.5 44 650.399
272 44 662.507
272.5 44 674.637
273 44 686.81
273.5 44 699.057
274 44 711.398
274.5 44 723.815
275 44 736.284
275.5 44 748.793
276 44 761.299
276.5 44 773.737
277 44 786.056
277.5 44 798.226
278 44 810.258
278.5 44 822.211
279 44 834.15
279.5 44 846.101
280 44 858.056
280.5 44 869.975
281 44 881.831
281.5 44 893.648
282 44 905.428
282.5 44 917.167
283 44 928.867
283.5 44 940.553
284 44 952.243
284.5 44 963.929
285 44 975.587
285.5 44 987.193
286 44 998.759
286.5 44 1010.35
287 44 1022.03
287.5 44 1033.8
288 44 1045.65
288.5 44 1057.57
289 44 1069.56
289.5 44 1081.62
290 44 1093.68
290.5 44 1105.74
291 44 1117.88
291.5 44 1130.11
292 44 1142.36
292.5 44 1154.57
293 44 1166.74
293.5 44 1178.89
294 44 1191.02
294.5 44 1203.13
235.5 44.5 353.193
236 44.5 340.58
236.5 44.5 328.338
237 44.5 316.349
237.5 44.5 304.454
238 44.5 292.576
238.5 44.5 280.794
239 44.5 269.242
239.5 44.5 257.956
240 44.5 246.947
240.5 44.5 236.317
241 44.5 226.159
241.5 44.5 216.526
242 44.5 207.423
242.5 44.5 198.778
243 44.5 190.561
243.5 44.5 182.982
244 44.5 176.219
244.5 44.5 170.363
245 44.5 165.412
245.5 44.5 161.42
246 44.5 158.524
246.5 44.5 156.803
247 44.5 156.25
247.5 44.5 156.812
248 44.5 158.623
248.5 44.5 161.457
249 44.5 165.328
249.5 44.5 170.273
250 44.5 176.226
250.5 44.5 183.031
251 44.5 190.582
251.5 44.5 198.834
252 44.5 207.662
252.5 44.5 216.932
253 44.5 226.627
253.5 44.5 236.811
254 44.5 247.486
254.5 44.5 258.469
255 44.5 269.508
255.5 44.5 280.463
256 44.5 291.306
256.5 44.5 302.138
257 44.5 313.097
257.5 44.5 324.232
258 44.5 335.512
258.5 44.5 346.876
259 44.5 358.27
259.5 44.5 369.65
260 44.5 380.999
260.5 44.5 392.332
261 44.5 403.655
261.5 44.5 414.976
262 44.5 426.33
262.5 44.5 437.725
263 44.5 449.158
263.5 44.5 460.613
264 44.5 472.076
264.5 44.5 483.555
265 44.5 495.087
265.5 44.5 506.756
266 44.5 518.661
266.5 44.5 530.845
267 44.5 543.206
267.5 44.5 555.565
268 44.5 567.753
268.5 44.5 579.715
269 44.5 591.528
269.5 44.5 603.303
270 44.5 615.107
270.5 44.5 626.97
271 44.5 638.907
271.5 44.5 650.891
272 44.5 662.887
272.5 44.5 674.891
273 44.5 686.933
273.5 44.5 699.05
274 44.5 711.253
274.5 44.5 723.533
275 44.5 735.857
275.5 44.5 748.195
276 44.5 760.513
276.5 44.5 772.768
277 44.5 784.916
277.5 44.5 796.935
278 44.5 808.84
278.5 44.5 820.665
279 44.5 832.441
279.5 44.5 844.203
280 44.5 855.955
280.5 44.5 867.666
281 44.5 879.323
281.5 44.5 890.961
282 44.5 902.605
282.5 44.5 914.236
283 44.5 925.841
283.5 44.5 937.438
284 44.5 949.056
284.5 44.5 960.678
285 44.5 972.264
285.5 44.5 983.808
286 44.5 995.351
286.5 44.5 1006.95
287 44.5 1018.65
287.5 44.5 1030.43
288 44.5 1042.26
288.5 44.5 1054.12
289 44.5 1066.04
289.5 44.5 1078.03
290 44.5 1090.08
290.5 44.5 1102.17
291 44.5 1114.38
291.5 44.5 1126.69
292 44.5 1138.97
292.5 44.5 1151.17
293 44.5 1163.32
293.5 44.5 1175.43
294 44.5 1187.51
294.5 44.5 1199.56
235.5 45 359.789
236 45 347.5
236.5 45 335.523
237 45 323.763
237.5 45 312.162
238 45 300.728
238.5 45 289.506
239 45 278.59
239.5 45 267.955
240 45 257.588
240.5 45 247.595
241 45 238.078
241.5 45 229.025
242 45 220.379
242.5 45 212.187
243 45 204.597
243.5 45 197.799
244 45 191.845
244.5 45 186.711
245 45 182.331
245.5 45 178.802
246 45 176.244
246.5 45 174.734
247 45 174.261
247.5 45 174.746
248 45 176.369
248.5 45 178.921
249 45 182.35
249.5 45 186.695
250 45 191.962
250.5 45 198.065
251 45 204.912
251.5 45 212.474
252 45 220.619
252.5 45 229.251
253 45 238.418
253.5 45 248.125
254 45 258.268
254.5 45 268.665
255 45 279.159
255.5 45 289.715
256 45 300.323
256.5 45 311.004
257 45 321.797
257.5 45 332.692
258 45 343.668
258.5 45 354.688
259 45 365.724
259.5 45 376.757
260 45 387.779
260.5 45 398.802
261 45 409.82
261.5 45 420.837
262 45 431.895
262.5 45 443.004
263 45 454.154
263.5 45 465.316
264 45 476.467
264.5 45 487.644
265 45 498.91
265.5 45 510.308
266 45 521.884
266.5 45 533.692
267 45 545.686
267.5 45 557.742
268 45 569.727
268.5 45 581.526
269 45 593.158
269.5 45 604.742
270 45 616.352
270.5 45 628.024
271 45 639.792
271.5 45 651.625
272 45 663.471
272.5 45 675.327
273 45 687.225
273.5 45 699.193
274 45 711.227
274.5 45 723.326
275 45 735.454
275.5 45 747.568
276 45 759.648
276.5 45 771.666
277 45 783.608
277.5 45 795.472
278 45 807.273
278.5 45 819.007
279 45 830.677
279.5 45 842.318
280 45 853.947
280.5 45 865.534
281 45 877.068
281.5 45 888.604
282 45 900.183
282.5 45 911.772
283 45 923.333
283.5 45 934.888
284 45 946.473
284.5 45 958.057
285 45 969.588
285.5 45 981.095
286 45 992.636
286.5 45 1004.25
287 45 1015.99
287.5 45 1027.79
288 45 1039.62
288.5 45 1051.45
289 45 1063.28
289.5 45 1075.19
290 45 1087.2
290.5 45 1099.29
291 45 1111.54
291.5 45 1123.86
292 45 1136.1
292.5 45 1148.25
293 45 1160.34
293.5 45 1172.38
294 45 1184.39
294.5 45 1196.37
235.5 45.5 366.815
236 45.5 354.827
236.5 45.5 343.164
237 45.5 331.786
237.5 45.5 320.672
238 45.5 309.856
238.5 45.5 299.365
239 45.5 289.161
239.5 45.5 279.163
240 45.5 269.381
240.5 45.5 259.902
241 45.5 250.776
241.5 45.5 242.002
242 45.5 233.688
242.5 45.5 225.953
243 45.5 218.984
243.5 45.5 212.897
244 45.5 207.656
244.5 45.5 203.126
245 45.5 199.255
245.5 45.5 196.159
246 45.5 193.933
246.5 45.5 192.629
247 45.5 192.221
247.5 45.5 192.611
248 45.5 194.02
248.5 45.5 196.333
249 45.5 199.438
249.5 45.5 203.296
250 45.5 207.957
250.5 45.5 213.398
251 45.5 219.589
251.5 45.5 226.497
252 45.5 234.031
252.5 45.5 242.101
253 45.5 250.761
253.5 45.5 260.013
254 45.5 269.701
254.5 45.5 279.627
255 45.5 289.644
255.5 45.5 299.73
256 45.5 309.963
256.5 45.5 320.399
257 45.5 331.028
257.5 45.5 341.777
258 45.5 352.551
258.5 45.5 363.279
259 45.5 373.965
259.5 45.5 384.638
260 45.5 395.326
260.5 45.5 406.042
261 45.5 416.771
261.5 45.5 427.503
262 45.5 438.27
262.5 45.5 449.094
263 45.5 459.966
263.5 45.5 470.857
264 45.5 481.75
264.5 45.5 492.675
265 45.5 503.677
265.5 45.5 514.779
266 45.5 526.007
266.5 45.5 537.422
267 45.5 549.024
267.5 45.5 560.734
268 45.5 572.431
268.5 45.5 584.022
269 45.5 595.513
269.5 45.5 606.953
270 45.5 618.383
270.5 45.5 629.852
271 45.5 641.404
271.5 45.5 653.023
272 45.5 664.666
272.5 45.5 676.326
273 45.5 688.027
273.5 45.5 699.818
274 45.5 711.72
274.5 45.5 723.697
275 45.5 735.682
275.5 45.5 747.614
276 45.5 759.464
276.5 45.5 771.24
277 45.5 782.963
277.5 45.5 794.642
278 45.5 806.28
278.5 45.5 817.882
279 45.5 829.458
279.5 45.5 841.008
280 45.5 852.529
280.5 45.5 864.018
281 45.5 875.492
281.5 45.5 886.98
282 45.5 898.501
282.5 45.5 910.035
283 45.5 921.556
283.5 45.5 933.072
284 45.5 944.593
284.5 45.5 956.115
285 45.5 967.621
285.5 45.5 979.122
286 45.5 990.649
286.5 45.5 1002.24
287 45.5 1013.93
287.5 45.5 1025.7
288 45.5 1037.48
288.5 45.5 1049.26
289 45.5 1061.05
289.5 45.5 1072.94
290 45.5 1084.95
290.5 45.5 1097.06
291 45.5 1109.23
291.5 45.5 1121.42
292 45.5 1133.58
292.5 45.5 1145.67
293 45.5 1157.71
293.5 45.5 1169.69
294 45.5 1181.64
294.5 45.5 1193.55
235.5 46 374.483
236 46 362.871
236.5 46 351.646
237 46 340.823
237.5 46 330.385
238 46 320.337
238.5 46 310.633
239 46 301.1
239.5 46 291.664
240 46 282.324
240.5 46 273.115
241 46 264.126
241.5 46 255.549
242 46 247.546
242.5 46 240.203
243 46 233.757
243.5 46 228.267
244 46 223.592
244.5 46 219.577
245 46 216.162
245.5 46 213.479
246 46 211.568
246.5 46 210.466
247 46 210.12
247.5 46 210.431
248 46 211.632
248.5 46 213.763
249 46 216.682
249.5 46 220.164
250 46 224.305
250.5 46 229.137
251 46 234.701
251.5 46 241.002
252 46 247.953
252.5 46 255.501
253 46 263.653
253.5 46 272.39
254 46 281.587
254.5 46 291.089
255 46 300.774
255.5 46 310.571
256 46 320.5
256.5 46 330.621
257 46 340.942
257.5 46 351.426
258 46 361.982
258.5 46 372.489
259 46 382.908
259.5 46 393.277
260 46 403.637
260.5 46 414.025
261 46 424.445
261.5 46 434.878
262 46 445.34
262.5 46 455.852
263 46 466.421
263.5 46 477.029
264 46 487.665
264.5 46 498.359
265 46 509.134
265.5 46 519.979
266 46 530.897
266.5 46 541.956
267 46 553.206
267.5 46 564.58
268 46 575.974
268.5 46 587.352
269 46 598.729
269.5 46 610.083
270 46 621.39
270.5 46 632.699
271 46 644.068
271.5 46 655.479
272 46 666.894
272.5 46 678.314
273 46 689.769
273.5 46 701.35
274 46 713.118
274.5 46 724.984
275 46 736.838
275.5 46 748.603
276 46 760.235
276.5 46 771.767
277 46 783.248
277.5 46 794.703
278 46 806.127
278.5 46 817.55
279 46 829.005
279.5 46 840.457
280 46 851.882
280.5 46 863.307
281 46 874.759
281.5 46 886.229
282 46 897.71
282.5 46 909.189
283 46 920.655
283.5 46 932.109
284 46 943.545
284.5 46 954.984
285 46 966.441
285.5 46 977.904
286 46 989.371
286.5 46 1000.88
287 46 1012.47
287.5 46 1024.15
288 46 1035.87
288.5 46 1047.63
289 46 1059.43
289.5 46 1071.34
290 46 1083.41
290.5 46 1095.53
291 46 1107.61
291.5 46 1119.63
292 46 1131.64
292.5 46 1143.63
293 46 1155.59
293.5 46 1167.51
294 46 1179.39
294.5 46 1191.24
235.5 46.5 383.202
236 46.5 372.087
236.5 46.5 361.403
237 46.5 351.176
237.5 46.5 341.402
238 46.5 332.037
238.5 46.5 322.94
239 46.5 313.917
239.5 46.5 304.841
240 46.5 295.668
240.5 46.5 286.528
241 46.5 277.684
241.5 46.5 269.382
242 46.5 261.722
242.5 46.5 254.844
243 46.5 248.919
243.5 46.5 243.925
244 46.5 239.724
244.5 46.5 236.137
245 46.5 233.131
245.5 46.5 230.816
246 46.5 229.185
246.5 46.5 228.263
247 46.5 227.983
247.5 46.5 228.246
248 46.5 229.267
248.5 46.5 231.192
249 46.5 233.936
249.5 46.5 237.186
250 46.5 240.924
250.5 46.5 245.267
251 46.5 250.261
251.5 46.5 255.983
252 46.5 262.381
252.5 46.5 269.409
253 46.5 277.059
253.5 46.5 285.279
254 46.5 293.961
254.5 46.5 303.001
255 46.5 312.313
255.5 46.5 321.849
256 46.5 331.602
256.5 46.5 341.553
257 46.5 351.651
257.5 46.5 361.851
258 46.5 372.094
258.5 46.5 382.298
259 46.5 392.432
259.5 46.5 402.531
260 46.5 412.621
260.5 46.5 422.709
261 46.5 432.799
261.5 46.5 442.898
262 46.5 453.023
262.5 46.5 463.188
263 46.5 473.414
263.5 46.5 483.713
264 46.5 494.085
264.5 46.5 504.536
265 46.5 515.061
265.5 46.5 525.658
266 46.5 536.334
266.5 46.5 547.118
267 46.5 558.048
267.5 46.5 569.112
268 46.5 580.266
268.5 46.5 591.474
269 46.5 602.733
269.5 46.5 614.017
270 46.5 625.285
270.5 46.5 636.534
271 46.5 647.787
271.5 46.5 659.041
272 46.5 670.277
272.5 46.5 681.506
273 46.5 692.784
273.5 46.5 704.201
274 46.5 715.793
274.5 46.5 727.476
275 46.5 739.131
275.5 46.5 750.682
276 46.5 762.096
276.5 46.5 773.399
277 46.5 784.643
277.5 46.5 795.871
278 46.5 807.099
278.5 46.5 818.349
279 46.5 829.636
279.5 46.5 840.934
280 46.5 852.234
280.5 46.5 863.567
281 46.5 874.949
281.5 46.5 886.356
282 46.5 897.768
282.5 46.5 909.171
283 46.5 920.556
283.5 46.5 931.931
284 46.5 943.304
284.5 46.5 954.682
285 46.5 966.079
285.5 46.5 977.479
286 46.5 988.857
286.5 46.5 1000.24
287 46.5 1011.68
287.5 46.5 1023.21
288 46.5 1034.83
288.5 46.5 1046.53
289 46.5 1058.31
289.5 46.5 1070.22
290 46.5 1082.26
290.5 46.5 1094.31
291 46.5 1106.28
291.5 46.5 1118.15
292 46.5 1129.98
292.5 46.5 1141.82
293 46.5 1153.64
293.5 46.5 1165.43
294 46.5 1177.18
294.5 46.5 1188.9
235.5 47 393.192
236 47 382.61
236.5 47 372.434
237 47 362.698
237.5 47 353.399
238 47 344.439
238.5 47 335.637
239 47 326.769
239.5 47 317.726
240 47 308.566
240.5 47 299.564
241 47 291.04
241.5 47 283.141
242 47 276.022
242.5 47 269.777
243 47 264.403
243.5 47 259.884
244 47 256.098
244.5 47 252.862
245 47 250.208
245.5 47 248.198
246 47 246.806
246.5 47 246.029
247 47 245.811
247.5 47 246.033
248 47 246.898
248.5 47 248.509
249 47 250.931
249.5 47 254.053
250 47 257.568
250.5 47 261.58
251 47 266.15
251.5 47 271.344
252 47 277.194
252.5 47 283.72
253 47 290.891
253.5 47 298.634
254 47 306.855
254.5 47 315.443
255 47 324.314
255.5 47 333.49
256 47 343.014
256.5 47 352.828
257 47 362.829
257.5 47 372.894
258 47 382.919
258.5 47 392.824
259 47 402.612
259.5 47 412.376
260 47 422.177
260.5 47 431.985
261 47 441.762
261.5 47 451.526
262 47 461.292
262.5 47 471.079
263 47 480.92
263.5 47 490.864
264 47 500.934
264.5 47 511.116
265 47 521.38
265.5 47 531.725
266 47 542.172
266.5 47 552.717
267 47 563.381
267.5 47 574.183
268 47 585.138
268.5 47 596.215
269 47 607.385
269.5 47 618.622
270 47 629.883
270.5 47 641.133
271 47 652.348
271.5 47 663.528
272 47 674.663
272.5 47 685.773
273 47 696.921
273.5 47 708.19
274 47 719.595
274.5 47 731.059
275 47 742.485
275.5 47 753.808
276 47 765.004
276.5 47 776.088
277 47 787.109
277.5 47 798.115
278 47 809.129
278.5 47 820.171
279 47 831.246
279.5 47 842.339
280 47 853.449
280.5 47 864.61
281 47 875.837
281.5 47 887.108
282 47 898.398
282.5 47 909.688
283 47 920.967
283.5 47 932.246
284 47 943.533
284.5 47 954.824
285 47 966.135
285.5 47 977.44
286 47 988.697
286.5 47 999.928
287 47 1011.19
287.5 47 1022.53
288 47 1033.93
288.5 47 1045.43
289 47 1057.06
289.5 47 1068.86
290 47 1080.81
290.5 47 1092.78
291 47 1104.67
291.5 47 1116.48
292 47 1128.24
292.5 47 1140
293 47 1151.74
293.5 47 1163.46
294 47 1175.13
294.5 47 1186.78
235.5 47.5 404.187
236 47.5 394.052
236.5 47.5 384.283
237 47.5 374.909
237.5 47.5 365.873
238 47.5 356.978
238.5 47.5 348.004
239 47.5 338.898
239.5 47.5 329.758
240 47.5 320.803
240.5 47.5 312.258
241 47.5 304.278
241.5 47.5 297.014
242 47.5 290.591
242.5 47.5 284.972
243 47.5 280.139
243.5 47.5 276.085
244 47.5 272.657
244.5 47.5 269.731
245 47.5 267.367
245.5 47.5 265.605
246 47.5 264.401
246.5 47.5 263.727
247 47.5 263.54
247.5 47.5 263.686
248 47.5 264.367
248.5 47.5 265.654
249 47.5 267.719
249.5 47.5 270.663
250 47.5 274.106
250.5 47.5 277.918
251 47.5 282.215
251.5 47.5 287.006
252 47.5 292.362
252.5 47.5 298.384
253 47.5 305.099
253.5 47.5 312.409
254 47.5 320.208
254.5 47.5 328.396
255 47.5 336.876
255.5 47.5 345.654
256 47.5 354.821
256.5 47.5 364.37
257 47.5 374.183
257.5 47.5 384.119
258 47.5 394.032
258.5 47.5 403.793
259 47.5 413.353
259.5 47.5 422.795
260 47.5 432.233
260.5 47.5 441.709
261 47.5 451.198
261.5 47.5 460.682
262 47.5 470.156
262.5 47.5 479.615
263 47.5 489.097
263.5 47.5 498.672
264 47.5 508.388
264.5 47.5 518.251
265 47.5 528.23
265.5 47.5 538.302
266 47.5 548.468
266.5 47.5 558.735
267 47.5 569.124
267.5 47.5 579.658
268 47.5 590.363
268.5 47.5 601.243
269 47.5 612.276
269.5 47.5 623.436
270 47.5 634.675
270.5 47.5 645.946
271 47.5 657.206
271.5 47.5 668.423
272 47.5 679.575
272.5 47.5 690.675
273 47.5 701.772
273.5 47.5 712.925
274 47.5 724.148
274.5 47.5 735.392
275 47.5 746.591
275.5 47.5 757.696
276 47.5 768.689
276.5 47.5 779.58
277 47.5 790.406
277.5 47.5 801.207
278 47.5 812.01
278.5 47.5 822.834
279 47.5 833.686
279.5 47.5 844.56
280 47.5 855.459
280.5 47.5 866.412
281 47.5 877.434
281.5 47.5 888.515
282 47.5 899.635
282.5 47.5 910.774
283 47.5 921.918
283.5 47.5 933.073
284 47.5 944.243
284.5 47.5 955.412
285 47.5 966.586
285.5 47.5 977.751
286 47.5 988.879
286.5 47.5 999.976
287 47.5 1011.09
287.5 47.5 1022.25
288 47.5 1033.48
288.5 47.5 1044.81
289 47.5 1056.29
289.5 47.5 1067.95
290 47.5 1079.76
290.5 47.5 1091.62
291 47.5 1103.44
291.5 47.5 1115.2
292 47.5 1126.92
292.5 47.5 1138.62
293 47.5 1150.29
293.5 47.5 1161.92
294 47.5 1173.52
294.5 47.5 1185.1
235.5 48 415.634
236 48 405.847
236.5 48 396.417
237 48 387.284
237.5 48 378.196
238 48 368.894
238.5 48 359.481
239 48 350.23
239.5 48 341.321
240 48 332.92
240.5 48 325.095
241 48 317.855
241.5 48 311.322
242 48 305.539
242.5 48 300.468
243 48 296.124
243.5 48 292.477
244 48 289.362
244.5 48 286.706
245 48 284.584
245.5 48 283.03
246 48 281.982
246.5 48 281.357
247 48 281.138
247.5 48 281.131
248 48 281.582
248.5 48 282.652
249 48 284.463
249.5 48 287.178
250 48 290.56
250.5 48 294.275
251 48 298.401
251.5 48 302.922
252 48 307.878
252.5 48 313.426
253 48 319.655
253.5 48 326.526
254 48 333.918
254.5 48 341.718
255 48 349.857
255.5 48 358.319
256 48 367.142
256.5 48 376.32
257 48 385.787
257.5 48 395.431
258 48 405.117
258.5 48 414.726
259 48 424.174
259.5 48 433.46
260 48 442.643
260.5 48 451.802
261 48 460.993
261.5 48 470.225
262 48 479.473
262.5 48 488.704
263 48 497.921
263.5 48 507.186
264 48 516.567
264.5 48 526.097
265 48 535.77
265.5 48 545.553
266 48 555.421
266.5 48 565.383
267 48 575.469
267.5 48 585.7
268 48 596.105
268.5 48 606.705
269 48 617.493
269.5 48 628.449
270 48 639.537
270.5 48 650.711
271 48 661.928
271.5 48 673.149
272 48 684.345
272.5 48 695.511
273 48 706.663
273.5 48 717.819
274 48 728.975
274.5 48 740.096
275 48 751.141
275.5 48 762.081
276 48 772.91
276.5 48 783.64
277 48 794.3
277.5 48 804.923
278 48 815.537
278.5 48 826.161
279 48 836.806
279.5 48 847.476
280 48 858.178
280.5 48 868.931
281 48 879.751
281.5 48 890.632
282 48 901.564
282.5 48 912.53
283 48 923.517
283.5 48 934.524
284 48 945.549
284.5 48 956.577
285 48 967.605
285.5 48 978.623
286 48 989.617
286.5 48 1000.59
287 48 1011.57
287.5 48 1022.6
288 48 1033.69
288.5 48 1044.89
289 48 1056.22
289.5 48 1067.73
290 48 1079.37
290.5 48 1091.08
291 48 1102.79
291.5 48 1114.47
292 48 1126.12
292.5 48 1137.74
293 48 1149.33
293.5 48 1160.88
294 48 1172.4
294.5 48 1183.88
235.5 48.5 427.189
236 48.5 417.683
236.5 48.5 408.387
237 48.5 399.017
237.5 48.5 389.438
238 48.5 379.847
238.5 48.5 370.505
239 48.5 361.594
239.5 48.5 353.251
240 48.5 345.56
240.5 48.5 338.474
241 48.5 331.967
241.5 48.5 326.086
242 48.5 320.858
242.5 48.5 316.266
243 48.5 312.337
243.5 48.5 309.025
244 48.5 306.174
244.5 48.5 303.741
245 48.5 301.822
245.5 48.5 300.463
246 48.5 299.565
246.5 48.5 298.957
247 48.5 298.648
247.5 48.5 298.432
248 48.5 298.666
248.5 48.5 299.601
249 48.5 301.268
249.5 48.5 303.784
250 48.5 307.041
250.5 48.5 310.712
251 48.5 314.717
251.5 48.5 319.058
252 48.5 323.714
252.5 48.5 328.835
253 48.5 334.582
253.5 48.5 340.968
254 48.5 347.92
254.5 48.5 355.328
255 48.5 363.119
255.5 48.5 371.281
256 48.5 379.818
256.5 48.5 388.679
257 48.5 397.769
257.5 48.5 407.007
258 48.5 416.312
258.5 48.5 425.609
259 48.5 434.842
259.5 48.5 443.992
260 48.5 453.068
260.5 48.5 462.088
261 48.5 471.078
261.5 48.5 480.074
262 48.5 489.094
262.5 48.5 498.131
263 48.5 507.171
263.5 48.5 516.226
264 48.5 525.345
264.5 48.5 534.583
265 48.5 543.958
265.5 48.5 553.453
266 48.5 563.041
266.5 48.5 572.721
267 48.5 582.518
267.5 48.5 592.459
268 48.5 602.573
268.5 48.5 612.881
269 48.5 623.387
269.5 48.5 634.079
270 48.5 644.927
270.5 48.5 655.895
271 48.5 666.94
271.5 48.5 678.023
272 48.5 689.117
272.5 48.5 700.21
273 48.5 711.303
273.5 48.5 722.401
274 48.5 733.492
274.5 48.5 744.549
275 48.5 755.538
275.5 48.5 766.431
276 48.5 777.213
276.5 48.5 787.887
277 48.5 798.47
277.5 48.5 808.991
278 48.5 819.475
278.5 48.5 829.947
279 48.5 840.426
279.5 48.5 850.922
280 48.5 861.45
280.5 48.5 872.026
281 48.5 882.661
281.5 48.5 893.356
282 48.5 904.104
282.5 48.5 914.895
283 48.5 925.719
283.5 48.5 936.568
284 48.5 947.438
284.5 48.5 958.316
285 48.5 969.196
285.5 48.5 980.07
286 48.5 990.93
286.5 48.5 1001.78
287 48.5 1012.65
287.5 48.5 1023.56
288 48.5 1034.53
288.5 48.5 1045.6
289 48.5 1056.8
289.5 48.5 1068.14
290 48.5 1079.61
290.5 48.5 1091.16
291 48.5 1102.73
291.5 48.5 1114.3
292 48.5 1125.84
292.5 48.5 1137.37
293 48.5 1148.86
293.5 48.5 1160.32
294 48.5 1171.74
294.5 48.5 1183.14
235.5 49 438.667
236 49 429.012
236.5 49 419.246
237 49 409.54
237.5 49 400.014
238 49 390.748
238.5 49 381.872
239 49 373.536
239.5 49 365.843
240 49 358.805
240.5 49 352.379
241 49 346.514
241.5 49 341.207
242 49 336.475
242.5 49 332.307
243 49 328.73
243.5 49 325.687
244 49 323.052
244.5 49 320.809
245 49 319.073
245.5 49 317.898
246 49 317.127
246.5 49 316.536
247 49 316.109
247.5 49 315.693
248 49 315.766
248.5 49 316.604
249 49 318.184
249.5 49 320.541
250 49 323.642
250.5 49 327.246
251 49 331.158
251.5 49 335.361
252 49 339.814
252.5 49 344.589
253 49 349.884
253.5 49 355.783
254 49 362.255
254.5 49 369.235
255 49 376.66
255.5 49 384.495
256 49 392.714
256.5 49 401.257
257 49 410.022
257.5 49 418.894
258 49 427.793
258.5 49 436.694
259 49 445.587
259.5 49 454.474
260 49 463.371
260.5 49 472.283
261 49 481.2
261.5 49 490.099
262 49 498.969
262.5 49 507.828
263 49 516.702
263.5 49 525.601
264 49 534.547
264.5 49 543.574
265 49 552.701
265.5 49 561.929
266 49 571.254
266.5 49 580.678
267 49 590.218
267.5 49 599.898
268 49 609.744
268.5 49 619.779
269 49 630.009
269.5 49 640.429
270 49 651.016
270.5 49 661.739
271 49 672.559
271.5 49 683.442
272 49 694.357
272.5 49 705.286
273 49 716.221
273.5 49 727.154
274 49 738.071
274.5 49 748.955
275 49 759.782
275.5 49 770.536
276 49 781.21
276.5 49 791.808
277 49 802.341
277.5 49 812.827
278 49 823.279
278.5 49 833.712
279 49 844.134
279.5 49 854.556
280 49 864.989
280.5 49 875.449
281 49 885.948
281.5 49 896.494
282 49 907.087
282.5 49 917.721
283 49 928.39
283.5 49 939.087
284 49 949.805
284.5 49 960.536
285 49 971.272
285.5 49 982.006
286 49 992.738
286.5 49 1003.47
287 49 1014.23
287.5 49 1025.02
288 49 1035.88
288.5 49 1046.83
289 49 1057.9
289.5 49 1069.09
290 49 1080.39
290.5 49 1091.76
291 49 1103.18
291.5 49 1114.62
292 49 1126.05
292.5 49 1137.46
293 49 1148.84
293.5 49 1160.2
294 49 1171.52
294.5 49 1182.81
235.5 49.5 449.046
236 49.5 439.103
236.5 49.5 429.425
237 49.5 420.021
237.5 49.5 410.908
238 49.5 402.144
238.5 49.5 393.832
239 49.5 386.081
239.5 49.5 378.972
240 49.5 372.53
240.5 49.5 366.694
241 49.5 361.384
241.5 49.5 356.589
242 49.5 352.303
242.5 49.5 348.517
243 49.5 345.245
243.5 49.5 342.434
244 49.5 339.985
244.5 49.5 337.916
245 49.5 336.356
245.5 49.5 335.339
246 49.5 334.664
246.5 49.5 334.08
247 49.5 333.545
247.5 49.5 332.978
248 49.5 332.943
248.5 49.5 333.703
249 49.5 335.207
249.5 49.5 337.434
250 49.5 340.371
250.5 49.5 343.866
251 49.5 347.704
251.5 49.5 351.787
252 49.5 356.091
252.5 49.5 360.622
253 49.5 365.534
253.5 49.5 370.979
254 49.5 376.981
254.5 49.5 383.507
255 49.5 390.521
255.5 49.5 397.986
256 49.5 405.848
256.5 49.5 414.034
257 49.5 422.447
257.5 49.5 430.987
258 49.5 439.559
258.5 49.5 448.112
259 49.5 456.648
259.5 49.5 465.199
260 49.5 473.804
260.5 49.5 482.484
261 49.5 491.242
261.5 49.5 500.057
262 49.5 508.886
262.5 49.5 517.693
263 49.5 526.468
263.5 49.5 535.234
264 49.5 544.033
264.5 49.5 552.901
265 49.5 561.851
265.5 49.5 570.879
266 49.5 579.986
266.5 49.5 589.183
267 49.5 598.492
267.5 49.5 607.939
268 49.5 617.547
268.5 49.5 627.333
269 49.5 637.308
269.5 49.5 647.466
270 49.5 657.794
270.5 49.5 668.266
271 49.5 678.848
271.5 49.5 689.507
272 49.5 700.213
272.5 49.5 710.943
273 49.5 721.681
273.5 49.5 732.412
274 49.5 743.123
274.5 49.5 753.799
275 49.5 764.425
275.5 49.5 774.989
276 49.5 785.487
276.5 49.5 795.924
277 49.5 806.308
277.5 49.5 816.654
278 49.5 826.976
278.5 49.5 837.29
279 49.5 847.608
279.5 49.5 857.943
280 49.5 868.305
280.5 49.5 878.703
281 49.5 889.145
281.5 49.5 899.63
282 49.5 910.155
282.5 49.5 920.713
283 49.5 931.296
283.5 49.5 941.898
284 49.5 952.513
284.5 49.5 963.134
285 49.5 973.757
285.5 49.5 984.38
286 49.5 995.003
286.5 49.5 1005.63
287 49.5 1016.29
287.5 49.5 1026.98
288 49.5 1037.74
288.5 49.5 1048.57
289 49.5 1059.51
289.5 49.5 1070.56
290 49.5 1081.7
290.5 49.5 1092.92
291 49.5 1104.19
291.5 49.5 1115.49
292 49.5 1126.79
292.5 49.5 1138.08
293 49.5 1149.36
293.5 49.5 1160.61
294 49.5 1171.84
294.5 49.5 1183.03
