           1   625.909119    
           1   629.898193    
           1   645.387634    
           1   686.195435    
           1   740.815002    
           1   779.628418    
           1   829.099426    
           1   518.031433    
           1   518.761536    
           1   545.438721    
           1   600.915833    
           1   636.457153    
           1   690.523376    
           1   780.395203    
           1   395.985962    
           1   412.312073    
           1   454.903748    
           1   490.499817    
           1   554.385742    
           1   644.512634    
           1   742.516357    
           1   293.596344    
           1   304.198578    
           1   345.779877    
           1   413.276794    
           1   505.214813    
           1   609.343140    
           1   703.133728    
           1   179.066086    
           1   200.371384    
           1   266.053497    
           1   370.531281    
           1   474.304352    
           1   562.840393    
           1   674.411804    
           1   627.719849    
           1   607.315063    
           1   597.836914    
           1   609.209839    
           1   630.818909    
           1   664.591064    
           1   712.082642    
           1   533.750610    
           1   498.133942    
           1   486.262787    
           1   506.946075    
           1   523.948303    
           1   572.876282    
           1   660.553223    
           1   420.109833    
           1   390.917053    
           1   378.856995    
           1   385.606689    
           1   434.750916    
           1   518.031921    
           1   565.533630    
           1   338.616333    
           1   280.174408    
           1   264.404449    
           1   290.561371    
           1   356.742645    
           1   419.187347    
           1   492.682892    
           1   281.195251    
           1   187.989151    
           1   154.480850    
           1   198.919220    
           1   268.400940    
           1   349.836487    
           1   460.265656    
           1   669.031982    
           1   621.280334    
           1   587.080261    
           1   563.728882    
           1   552.489807    
           1   562.246338    
           1   584.566650    
           1   618.183655    
           1   530.108887    
           1   480.382690    
           1   462.443878    
           1   440.847870    
           1   454.666290    
           1   490.875702    
           1   546.554871    
           1   476.444336    
           1   392.114105    
           1   341.497711    
           1   333.391449    
           1   347.442505    
           1   378.232147    
           1   476.003143    
           1   398.699158    
           1   321.889557    
           1   247.665161    
           1   218.855713    
           1   237.290833    
           1   298.433716    
           1   447.374176    
           1   335.241638    
           1   248.218674    
           1   163.584732    
           1   108.666306    
           1   149.389755    
           1   250.562820    
           1   828.669067    
           1   779.263000    
           1   740.573853    
           1   685.795227    
           1   645.305969    
           1   630.037048    
           1   626.816650    
           1   780.292847    
           1   690.326843    
           1   636.160706    
           1   600.859070    
           1   545.136475    
           1   518.916138    
           1   518.147522    
           1   742.521851    
           1   644.352234    
           1   554.263611    
           1   490.356598    
           1   454.807220    
           1   412.172272    
           1   395.793732    
           1   703.011597    
           1   609.210083    
           1   505.149078    
           1   413.010620    
           1   345.501190    
           1   304.040192    
           1   293.405212    
           1   674.776855    
           1   562.645264    
           1   474.100372    
           1   370.287354    
           1   265.479279    
           1   200.067413    
           1   178.476135    
           1   457.891876    
           1   496.080200    
           1   534.008057    
           1   582.266418    
           1   658.469299    
           1   751.614929    
           1   830.747437    
           1   362.725067    
           1   391.468445    
           1   443.063690    
           1   531.494019    
           1   629.701538    
           1   707.122437    
           1   802.513000    
           1   247.485443    
           1   306.420471    
           1   395.406250    
           1   493.252350    
           1   585.264160    
           1   679.590332    
           1   778.643982    
           1   164.413971    
           1   256.189209    
           1   361.075745    
           1   458.284027    
           1   559.354248    
           1   670.695679    
           1   770.778198    
           1   131.713867    
           1   245.808868    
           1   343.769196    
           1   456.525604    
           1   568.114868    
           1   664.220276    
           1   777.024048    
           1   153.396133    
           1   229.291443    
           1   325.486511    
           1   407.329102    
           1   494.017181    
           1   595.127075    
           1   681.254761    
           1   117.821854    
           1   216.125916    
           1   305.806732    
           1   405.290894    
           1   502.981873    
           1   592.207214    
           1   691.471924    
           1   161.955704    
           1   250.790451    
           1   341.714844    
           1   428.590210    
           1   525.111816    
           1   622.671875    
           1   716.308838    
           1   241.994003    
           1   307.561554    
           1   406.181946    
           1   482.001251    
           1   565.944458    
           1   672.319641    
           1   755.628906    
           1   351.652649    
           1   386.883972    
           1   454.926117    
           1   554.535583    
           1   632.924805    
           1   709.128235    
           1   813.363159    
           1   211.959183    
           1   276.004425    
           1   362.598785    
           1   429.494110    
           1   506.754578    
           1   601.583069    
           1   669.739502    
           1   313.051422    
           1   351.596619    
           1   416.817108    
           1   502.428101    
           1   569.029663    
           1   640.677734    
           1   729.951050    
           1   428.282013    
           1   450.631165    
           1   489.046967    
           1   561.447144    
           1   653.113342    
           1   707.280579    
           1   783.140503    
           1   522.410583    
           1   559.340637    
           1   594.989075    
           1   631.658325    
           1   704.717163    
           1   807.320251    
           1   850.007080    
           1   634.806335    
           1   663.454468    
           1   703.656189    
           1   737.357605    
           1   780.151184    
           1   850.886169    
           1   952.861755    
           1   154.170624    
           1   184.305939    
           1   246.230560    
           1   302.938812    
           1   377.706879    
           1   471.646759    
           1   540.531921    
           1   263.510010    
           1   282.152100    
           1   331.744568    
           1   392.810547    
           1   443.304840    
           1   513.324646    
           1   601.812012    
           1   385.504761    
           1   386.828796    
           1   415.108582    
           1   481.474945    
           1   537.827332    
           1   581.335388    
           1   656.539978    
           1   486.955933    
           1   497.688477    
           1   523.348572    
           1   556.186523    
           1   627.132812    
           1   684.930969    
           1   723.917053    
           1   601.097778    
           1   605.664795    
           1   633.237244    
           1   663.222595    
           1   704.078430    
           1   774.013855    
           1   829.298157    
           1   213.296585    
           1   163.465256    
           1   135.571503    
           1   153.138855    
           1   217.323212    
           1   305.163513    
           1   371.471558    
           1   304.183990    
           1   271.108490    
           1   246.342941    
           1   256.252350    
           1   292.928009    
           1   358.155853    
           1   443.848938    
           1   414.147980    
           1   369.058380    
           1   353.821686    
           1   375.826385    
           1   391.588867    
           1   429.959167    
           1   503.411591    
           1   505.258148    
           1   478.241974    
           1   468.407349    
           1   471.558044    
           1   501.665680    
           1   534.742859    
           1   572.140442    
           1   616.541870    
           1   588.174072    
           1   578.163696    
           1   584.524109    
           1   607.926025    
           1   644.368774    
           1   678.045044    
           1   378.534821    
           1   315.137634    
           1   231.703445    
           1   171.302612    
           1   156.906235    
           1   179.598053    
           1   223.264023    
           1   458.620697    
           1   374.151855    
           1   310.530457    
           1   275.757690    
           1   267.681183    
           1   289.160980    
           1   316.960815    
           1   520.482788    
           1   447.258148    
           1   409.722412    
           1   396.271942    
           1   375.222626    
           1   390.366669    
           1   429.891876    
           1   589.800049    
           1   552.354614    
           1   519.922852    
           1   492.569641    
           1   489.964081    
           1   499.588074    
           1   521.192749    
           1   695.577087    
           1   661.689148    
           1   626.354553    
           1   605.689026    
           1   599.838928    
           1   609.829468    
           1   633.695312    
           1   542.580811    
           1   474.253174    
           1   383.108795    
           1   311.758484    
           1   261.788818    
           1   207.529999    
           1   180.032303    
           1   608.021423    
           1   520.764832    
           1   452.526917    
           1   405.639252    
           1   354.767731    
           1   307.857208    
           1   289.127075    
           1   665.108704    
           1   590.289490    
           1   548.310852    
           1   504.952271    
           1   439.787720    
           1   412.780609    
           1   411.575226    
           1   733.183350    
           1   694.412964    
           1   651.116028    
           1   580.652283    
           1   548.439026    
           1   523.680176    
           1   513.593079    
           1   838.516052    
           1   798.165894    
           1   728.148132    
           1   687.954773    
           1   658.581116    
           1   632.164062    
           1   628.142944    
           1   622.454163    
           1   545.714233    
           1   448.318146    
           1   368.240326    
           1   295.683655    
           1   203.735443    
           1   136.347656    
           1   669.417664    
           1   579.663025    
           1   506.836090    
           1   428.912018    
           1   342.454926    
           1   276.233154    
           1   237.868988    
           1   721.741394    
           1   645.191589    
           1   578.713379    
           1   486.845612    
           1   413.838593    
           1   374.953339    
           1   355.318787    
           1   788.467102    
           1   732.548218    
           1   629.944458    
           1   556.674988    
           1   519.566040    
           1   483.661987    
           1   450.400299    
           1   877.954590    
           1   776.014709    
           1   704.972656    
           1   662.221375    
           1   628.298706    
           1   590.584229    
           1   563.455322    
           1   681.272705    
           1   594.895996    
           1   493.941406    
           1   407.469666    
           1   325.303131    
           1   229.121140    
           1   153.464539    
           1   691.462952    
           1   592.240723    
           1   502.964508    
           1   405.354614    
           1   305.804626    
           1   216.062012    
           1   117.732506    
           1   716.441040    
           1   623.089966    
           1   525.195007    
           1   428.747040    
           1   341.934387    
           1   250.753983    
           1   162.074310    
           1   755.901855    
           1   672.502808    
           1   565.873535    
           1   482.011322    
           1   406.497742    
           1   307.303253    
           1   241.781906    
           1   813.243958    
           1   709.036560    
           1   632.617065    
           1   554.988281    
           1   455.460571    
           1   387.062134    
           1   351.896393    
           1   711.288757    
           1   631.610535    
           1   537.808228    
           1   461.558502    
           1   412.341797    
           1   371.986328    
           1   339.071533    
           1   687.802429    
           1   592.191589    
           1   510.920166    
           1   412.384003    
           1   322.815826    
           1   268.254028    
           1   238.589737    
           1   680.086060    
           1   579.650330    
           1   479.274841    
           1   379.671631    
           1   280.546722    
           1   187.845963    
           1   122.350143    
           1   685.854126    
           1   584.836121    
           1   472.971893    
           1   372.444336    
           1   271.592926    
           1   160.007019    
           1   59.4944992    
           1   704.500610    
           1   591.860535    
           1   499.056610    
           1   396.561737    
           1   286.979797    
           1   202.460464    
           1   132.986374    
