           1   1644.96143    
           1   1620.11926    
           1   1596.07922    
           1   1573.50903    
           1   1552.14868    
           1   1530.70642    
           1   1511.34558    
           1   1491.90515    
           1   1472.15186    
           1   1454.53174    
           1   1437.59070    
           1   1423.02319    
           1   1404.43335    
           1   1385.16003    
           1   1366.76538    
           1   1349.70459    
           1   1333.66699    
           1   1318.45776    
           1   1305.48987    
           1   1295.53284    
           1   1283.06201    
           1   1268.63867    
           1   1256.98438    
           1   1246.42053    
           1   1236.38513    
           1   1229.74878    
           1   1225.89575    
           1   1223.99475    
           1   1226.50012    
           1   1232.69226    
           1   1238.63977    
           1   1239.57983    
           1   1618.88306    
           1   1594.51904    
           1   1569.83057    
           1   1546.32117    
           1   1524.44775    
           1   1503.23376    
           1   1482.68250    
           1   1464.48010    
           1   1444.24390    
           1   1425.91699    
           1   1408.91699    
           1   1394.06384    
           1   1378.46582    
           1   1359.12524    
           1   1339.85901    
           1   1322.34753    
           1   1306.00122    
           1   1290.58582    
           1   1277.58899    
           1   1266.69922    
           1   1255.89526    
           1   1241.61829    
           1   1230.41492    
           1   1221.04907    
           1   1211.21362    
           1   1203.99744    
           1   1200.47400    
           1   1198.95435    
           1   1202.20312    
           1   1208.98547    
           1   1215.37805    
           1   1216.51599    
           1   1592.37952    
           1   1568.47559    
           1   1544.24524    
           1   1519.82483    
           1   1496.96680    
           1   1475.83972    
           1   1454.72852    
           1   1435.61328    
           1   1416.91235    
           1   1397.47168    
           1   1380.56824    
           1   1365.24780    
           1   1352.48303    
           1   1333.19214    
           1   1313.38318    
           1   1295.11951    
           1   1278.46313    
           1   1263.35681    
           1   1250.12561    
           1   1238.83801    
           1   1228.25476    
           1   1214.29895    
           1   1203.80676    
           1   1195.42249    
           1   1186.49292    
           1   1178.52771    
           1   1175.03223    
           1   1173.91919    
           1   1178.00574    
           1   1185.31934    
           1   1192.08997    
           1   1193.46399    
           1   1565.05444    
           1   1542.03748    
           1   1518.23010    
           1   1494.13196    
           1   1470.15979    
           1   1448.09985    
           1   1427.42639    
           1   1406.97791    
           1   1389.24268    
           1   1369.61096    
           1   1351.99146    
           1   1336.55798    
           1   1323.50146    
           1   1307.14832    
           1   1287.27356    
           1   1268.21838    
           1   1251.42639    
           1   1236.33350    
           1   1222.68994    
           1   1211.33838    
           1   1200.20972    
           1   1186.86682    
           1   1176.86414    
           1   1169.50562    
           1   1161.42847    
           1   1153.41406    
           1   1149.59082    
           1   1148.89575    
           1   1153.92651    
           1   1161.70166    
           1   1168.59924    
           1   1170.42883    
           1   1537.64319    
           1   1515.02820    
           1   1491.92578    
           1   1468.22302    
           1   1444.23413    
           1   1420.91919    
           1   1399.80640    
           1   1379.23657    
           1   1360.41882    
           1   1342.39307    
           1   1323.57556    
           1   1308.35950    
           1   1294.12756    
           1   1281.00684    
           1   1261.11951    
           1   1241.72302    
           1   1224.52515    
           1   1209.24243    
           1   1195.38464    
           1   1183.92346    
           1   1172.15369    
           1   1159.43567    
           1   1149.63623    
           1   1143.17017    
           1   1135.88562    
           1   1128.24634    
           1   1124.14001    
           1   1123.89331    
           1   1129.96741    
           1   1138.14087    
           1   1145.03015    
           1   1147.41565    
           1   1510.05054    
           1   1487.72742    
           1   1465.31226    
           1   1442.10718    
           1   1418.51550    
           1   1394.63855    
           1   1372.21960    
           1   1351.95374    
           1   1332.11438    
           1   1314.55042    
           1   1295.89478    
           1   1280.00806    
           1   1264.85522    
           1   1252.93933    
           1   1234.91553    
           1   1215.30164    
           1   1197.24377    
           1   1181.60278    
           1   1168.00134    
           1   1155.90088    
           1   1144.07324    
           1   1132.00415    
           1   1122.45190    
           1   1116.48047    
           1   1109.69507    
           1   1102.67542    
           1   1098.72156    
           1   1098.93176    
           1   1106.10413    
           1   1114.64563    
           1   1121.49744    
           1   1124.43005    
           1   1483.09863    
           1   1460.00208    
           1   1437.89648    
           1   1415.62634    
           1   1392.50989    
           1   1369.07581    
           1   1345.45337    
           1   1324.20630    
           1   1304.89014    
           1   1286.20508    
           1   1268.91162    
           1   1251.74329    
           1   1236.02954    
           1   1223.27100    
           1   1208.68347    
           1   1188.95178    
           1   1170.00415    
           1   1153.67371    
           1   1139.74438    
           1   1127.33850    
           1   1115.75562    
           1   1104.67737    
           1   1095.48645    
           1   1089.68787    
           1   1083.27490    
           1   1076.83313    
           1   1073.41162    
           1   1074.35095    
           1   1082.31335    
           1   1091.22339    
           1   1097.99915    
           1   1101.47754    
           1   1456.68750    
           1   1432.84241    
           1   1410.35950    
           1   1388.34241    
           1   1366.02710    
           1   1343.03125    
           1   1319.79370    
           1   1296.85461    
           1   1277.41235    
           1   1258.35095    
           1   1241.18396    
           1   1224.17322    
           1   1207.72717    
           1   1193.93823    
           1   1182.83728    
           1   1162.61426    
           1   1143.21606    
           1   1126.07825    
           1   1111.50964    
           1   1098.94482    
           1   1087.80334    
           1   1077.68689    
           1   1068.86572    
           1   1063.11182    
           1   1056.80505    
           1   1051.05896    
           1   1048.47961    
           1   1050.46704    
           1   1058.58167    
           1   1067.88098    
           1   1074.51733    
           1   1078.56396    
           1   1430.69922    
           1   1406.27979    
           1   1382.89941    
           1   1361.07703    
           1   1339.24451    
           1   1316.71777    
           1   1293.83032    
           1   1270.72144    
           1   1249.48206    
           1   1230.84692    
           1   1213.22705    
           1   1197.32861    
           1   1179.82642    
           1   1164.96765    
           1   1153.54797    
           1   1136.49939    
           1   1116.86536    
           1   1098.73096    
           1   1083.59265    
           1   1071.00708    
           1   1060.30261    
           1   1051.07556    
           1   1042.55994    
           1   1036.61768    
           1   1030.37659    
           1   1025.59351    
           1   1023.83179    
           1   1026.63159    
           1   1034.88391    
           1   1044.62231    
           1   1051.05896    
           1   1055.69495    
           1   1404.88928    
           1   1380.22205    
           1   1356.13965    
           1   1333.34180    
           1   1311.86584    
           1   1290.27258    
           1   1267.80139    
           1   1245.09229    
           1   1222.60681    
           1   1203.28394    
           1   1185.63611    
           1   1170.01562    
           1   1152.36572    
           1   1136.38855    
           1   1123.83325    
           1   1111.05640    
           1   1090.70691    
           1   1071.89819    
           1   1056.09583    
           1   1043.49231    
           1   1033.28320    
           1   1025.02332    
           1   1016.54523    
           1   1010.20294    
           1   1004.28583    
           1   1000.38477    
           1   999.264954    
           1   1002.84003    
           1   1011.24304    
           1   1021.44000    
           1   1027.63770    
           1   1032.87683    
           1   1379.06775    
           1   1354.36572    
           1   1329.96924    
           1   1306.31445    
           1   1284.29590    
           1   1262.91699    
           1   1241.31042    
           1   1219.10400    
           1   1197.10193    
           1   1175.78528    
           1   1158.40198    
           1   1141.74890    
           1   1125.40222    
           1   1108.20154    
           1   1094.40967    
           1   1085.63464    
           1   1064.91284    
           1   1045.79565    
           1   1029.05371    
           1   1016.30438    
           1   1006.50317    
           1   998.856812    
           1   990.820984    
           1   984.169006    
           1   978.737732    
           1   975.405090    
           1   974.897888    
           1   979.043701    
           1   987.676880    
           1   998.276367    
           1   1004.26398    
           1   1010.11627    
           1   1352.82812    
           1   1328.81519    
           1   1304.07483    
           1   1279.97046    
           1   1256.87231    
           1   1235.69275    
           1   1214.53040    
           1   1192.68152    
           1   1170.81665    
           1   1149.69421    
           1   1130.73926    
           1   1113.63794    
           1   1098.00256    
           1   1080.35547    
           1   1065.25525    
           1   1055.76672    
           1   1039.75818    
           1   1020.00397    
           1   1002.43372    
           1   989.249390    
           1   979.798523    
           1   972.643921    
           1   965.238953    
           1   958.699463    
           1   953.776917    
           1   951.013611    
           1   950.855957    
           1   955.304321    
           1   964.203308    
           1   974.932556    
           1   980.947693    
           1   987.421997    
           1   1324.35901    
           1   1302.43982    
           1   1278.56860    
           1   1254.03516    
           1   1230.27173    
           1   1207.92932    
           1   1187.12183    
           1   1166.26514    
           1   1144.82922    
           1   1123.76306    
           1   1104.02917    
           1   1085.74072    
           1   1069.89832    
           1   1052.88550    
           1   1036.43506    
           1   1025.55566    
           1   1014.09906    
           1   994.086792    
           1   976.219727    
           1   962.497803    
           1   953.380737    
           1   946.731873    
           1   939.968872    
           1   933.816528    
           1   929.157043    
           1   926.817505    
           1   926.947693    
           1   931.608704    
           1   940.833069    
           1   951.339783    
           1   957.698853    
           1   964.805908    
           1   1296.66943    
           1   1274.72034    
           1   1252.12549    
           1   1228.37427    
           1   1204.26038    
           1   1180.94592    
           1   1159.67700    
           1   1139.16736    
           1   1118.54150    
           1   1098.78003    
           1   1078.40149    
           1   1058.67859    
           1   1041.89795    
           1   1025.21777    
           1   1008.03802    
           1   995.676636    
           1   987.175842    
           1   968.372925    
           1   950.246155    
           1   936.224304    
           1   927.183105    
           1   921.137817    
           1   914.992920    
           1   909.139832    
           1   904.785400    
           1   902.476257    
           1   903.144897    
           1   907.942688    
           1   917.573242    
           1   927.733215    
           1   934.526794    
           1   942.283997    
           1   1269.60352    
           1   1246.64258    
           1   1225.66968    
           1   1202.20386    
           1   1178.46582    
           1   1154.76477    
           1   1132.12598    
           1   1112.10022    
           1   1092.47351    
           1   1072.95923    
           1   1053.05908    
           1   1033.32385    
           1   1014.22119    
           1   997.181335    
           1   980.345093    
           1   966.908875    
           1   958.194763    
           1   942.065063    
           1   924.426331    
           1   910.777100    
           1   901.340759    
           1   895.642517    
           1   890.177979    
           1   884.586670    
           1   880.430786    
           1   878.177185    
           1   879.342773    
           1   884.308167    
           1   894.412231    
           1   904.157837    
           1   911.440002    
           1   919.875610    
           1   1242.53833    
           1   1219.43201    
           1   1197.08594    
           1   1176.67664    
           1   1152.87476    
           1   1128.88147    
           1   1105.67102    
           1   1084.69934    
           1   1065.55286    
           1   1046.83167    
           1   1027.93262    
           1   1007.76282    
           1   987.660339    
           1   969.475891    
           1   953.762756    
           1   939.233643    
           1   928.757690    
           1   915.139343    
           1   899.205139    
           1   885.692261    
           1   875.840576    
           1   870.239685    
           1   865.431030    
           1   859.971985    
           1   855.871399    
           1   853.941101    
           1   855.497681    
           1   860.717285    
           1   871.267944    
           1   880.601074    
           1   888.445312    
           1   897.601929    
           1   1215.87341    
           1   1192.37280    
           1   1169.51611    
           1   1148.17712    
           1   1126.64355    
           1   1103.70544    
           1   1079.99548    
           1   1058.03235    
           1   1039.22803    
           1   1021.09729    
           1   1001.47717    
           1   982.269897    
           1   961.272461    
           1   942.679993    
           1   927.138245    
           1   911.716431    
           1   899.910095    
           1   887.650879    
           1   873.756104    
           1   860.373962    
           1   850.472656    
           1   844.919983    
           1   840.560364    
           1   835.175903    
           1   831.276489    
           1   829.711304    
           1   831.622742    
           1   837.198303    
           1   847.962891    
           1   857.066101    
           1   865.547241    
           1   875.484253    
           1   1190.29248    
           1   1165.49280    
           1   1142.47229    
           1   1120.00537    
           1   1100.38269    
           1   1078.09924    
           1   1055.57007    
           1   1032.90405    
           1   1012.43561    
           1   994.384399    
           1   975.822205    
           1   956.219421    
           1   935.309875    
           1   916.389587    
           1   899.822083    
           1   884.569031    
           1   871.582581    
           1   859.794556    
           1   848.013550    
           1   834.943298    
           1   825.172607    
           1   819.480591    
           1   815.346619    
           1   810.172058    
           1   806.675354    
           1   805.408813    
           1   807.746033    
           1   813.786499    
           1   824.454407    
           1   833.581726    
           1   842.751648    
           1   853.541260    
           1   1164.31714    
           1   1139.67041    
           1   1115.46851    
           1   1093.22900    
           1   1072.68262    
           1   1054.71790    
           1   1031.64697    
           1   1008.87946    
           1   986.559082    
           1   967.595886    
           1   949.438232    
           1   930.107422    
           1   910.853027    
           1   890.279236    
           1   872.536377    
           1   857.779785    
           1   844.440308    
           1   832.260803    
           1   822.014038    
           1   809.125427    
           1   799.532471    
           1   793.730469    
           1   789.804138    
           1   785.064392    
           1   782.054565    
           1   781.054688    
           1   783.884277    
           1   790.511169    
           1   800.865601    
           1   810.191223    
           1   820.076904    
           1   831.777161    
           1   1137.04016    
           1   1114.84253    
           1   1090.06299    
           1   1067.05896    
           1   1045.56018    
           1   1026.16943    
           1   1006.99951    
           1   986.271729    
           1   962.165588    
           1   940.410278    
           1   922.321350    
           1   904.591248    
           1   885.507202    
           1   865.112183    
           1   846.078857    
           1   830.885681    
           1   817.657532    
           1   805.291687    
           1   795.368225    
           1   783.103394    
           1   773.603394    
           1   767.783508    
           1   764.099915    
           1   759.928406    
           1   757.409607    
           1   756.698730    
           1   760.045593    
           1   766.937988    
           1   777.255066    
           1   786.928711    
           1   797.561890    
           1   810.109314    
           1   1111.02808    
           1   1086.98059    
           1   1066.61084    
           1   1041.69946    
           1   1019.30029    
           1   998.163574    
           1   980.551758    
           1   959.157471    
           1   938.914246    
           1   914.770142    
           1   895.608704    
           1   877.767883    
           1   859.497620    
           1   840.664551    
           1   820.420227    
           1   804.001343    
           1   790.156189    
           1   778.683960    
           1   768.311768    
           1   757.243896    
           1   747.675049    
           1   741.813843    
           1   738.353943    
           1   734.900818    
           1   732.680115    
           1   732.322693    
           1   736.217285    
           1   743.130127    
           1   753.673706    
           1   763.812866    
           1   775.255371    
           1   788.239380    
           1   1085.82458    
           1   1060.58765    
           1   1038.29333    
           1   1016.87909    
           1   993.366821    
           1   971.587463    
           1   952.289734    
           1   933.586365    
           1   912.970581    
           1   891.048096    
           1   868.938599    
           1   851.138794    
           1   833.561462    
           1   814.778442    
           1   795.764648    
           1   777.667114    
           1   763.067200    
           1   752.056152    
           1   741.225525    
           1   731.828735    
           1   721.917297    
           1   715.922302    
           1   712.661255    
           1   709.943237    
           1   707.837830    
           1   707.931213    
           1   712.358398    
           1   719.337280    
           1   730.108154    
           1   740.845154    
           1   753.199524    
           1   766.311340    
           1   1061.43152    
           1   1035.43958    
           1   1011.14667    
           1   990.904724    
           1   968.182922    
           1   945.537659    
           1   925.512207    
           1   908.304749    
           1   887.053223    
           1   869.493469    
           1   844.589844    
           1   825.464294    
           1   807.226196    
           1   788.757812    
           1   770.290894    
           1   751.979065    
           1   736.568237    
           1   725.334045    
           1   714.556091    
           1   706.608154    
           1   696.391357    
           1   690.137939    
           1   687.104370    
           1   684.909058    
           1   682.904968    
           1   683.547180    
           1   688.472229    
           1   695.575134    
           1   706.565063    
           1   718.018982    
           1   731.411194    
           1   744.623352    
           1   1038.77576    
           1   1011.12488    
           1   986.259949    
           1   963.732971    
           1   943.294128    
           1   919.591370    
           1   898.523315    
           1   881.159546    
           1   862.432678    
           1   842.465149    
           1   822.977783    
           1   798.980408    
           1   781.302856    
           1   762.339111    
           1   744.153076    
           1   726.920715    
           1   710.596497    
           1   698.347168    
           1   687.895996    
           1   680.806335    
           1   671.033875    
           1   664.360413    
           1   661.695984    
           1   659.721252    
           1   657.888062    
           1   659.175049    
           1   664.549683    
           1   671.882324    
           1   683.118958    
           1   695.375488    
           1   709.778748    
           1   723.138367    
           1   1017.07703    
           1   989.261475    
           1   963.121277    
           1   939.197998    
           1   917.000122    
           1   895.023132    
           1   871.958374    
           1   853.260620    
           1   837.041931    
           1   816.236816    
           1   797.346130    
           1   774.403992    
           1   756.654236    
           1   736.801270    
           1   718.624207    
           1   701.544922    
           1   685.035461    
           1   671.718750    
           1   661.230103    
           1   653.958435    
           1   645.674194    
           1   638.588989    
           1   636.220154    
           1   634.376526    
           1   632.795654    
           1   634.843445    
           1   640.597412    
           1   648.283020    
           1   659.856384    
           1   673.018860    
           1   687.891235    
           1   701.867981    
           1   995.337830    
           1   968.413208    
           1   941.950134    
           1   916.179077    
           1   892.365417    
           1   870.736023    
           1   847.233826    
           1   826.176270    
           1   809.538818    
           1   790.537903    
           1   770.770630    
           1   749.090637    
           1   729.791077    
           1   712.623291    
           1   693.463135    
           1   676.133911    
           1   659.882080    
           1   645.023743    
           1   634.464539    
           1   626.824341    
           1   619.951660    
           1   612.821899    
           1   610.468079    
           1   608.872375    
           1   607.647400    
           1   610.557678    
           1   616.643127    
           1   624.723206    
           1   636.808533    
           1   651.038330    
           1   665.944885    
           1   680.838745    
           1   975.545044    
           1   947.260315    
           1   921.207397    
           1   894.924072    
           1   869.200012    
           1   846.061157    
           1   823.958923    
           1   800.889709    
           1   781.455688    
           1   764.216248    
           1   744.848206    
           1   724.224915    
           1   703.470947    
           1   690.984436    
           1   669.384460    
           1   651.203796    
           1   634.647888    
           1   618.782104    
           1   607.165100    
           1   599.492371    
           1   593.766296    
           1   586.851685    
           1   584.463135    
           1   583.221375    
           1   582.475342    
           1   586.272034    
           1   592.728516    
           1   601.162109    
           1   613.939575    
           1   629.393494    
           1   644.252502    
           1   660.094421    
           1   956.225952    
           1   927.712341    
           1   900.189514    
           1   874.126892    
           1   848.054443    
           1   822.578613    
           1   799.820496    
           1   776.889465    
           1   755.563232    
           1   737.036621    
           1   718.311279    
           1   698.242371    
           1   678.361755    
           1   664.726929    
           1   646.738098    
           1   626.287720    
           1   608.909363    
           1   592.828308    
           1   579.940796    
           1   572.477539    
           1   567.286194    
           1   560.513245    
           1   558.298096    
           1   557.484192    
           1   557.344788    
           1   561.980286    
           1   568.886047    
           1   577.885742    
           1   591.344299    
           1   607.650452    
           1   622.828613    
           1   639.661072    
           1   938.862244    
           1   908.359680    
           1   880.448730    
           1   853.661804    
           1   827.960571    
           1   801.485229    
           1   776.213074    
           1   753.526062    
           1   730.986206    
           1   710.603638    
           1   691.163391    
           1   671.810120    
           1   653.242676    
           1   637.708191    
           1   624.973389    
           1   602.565186    
           1   583.419434    
           1   567.590576    
           1   553.561584    
           1   544.967957    
           1   539.948608    
           1   533.602600    
           1   532.120361    
           1   531.745239    
           1   532.314331    
           1   537.661865    
           1   545.134521    
           1   555.179871    
           1   569.265747    
           1   585.647949    
           1   601.696228    
           1   619.389648    
           1   921.410889    
           1   890.962036    
           1   862.081116    
           1   834.152283    
           1   807.497253    
           1   781.580017    
           1   755.414917    
           1   730.807678    
           1   708.291931    
           1   685.750366    
           1   665.977173    
           1   645.614807    
           1   627.192932    
           1   611.195251    
           1   598.112671    
           1   580.422363    
           1   559.249939    
           1   542.391174    
           1   527.790283    
           1   517.654480    
           1   513.226929    
           1   507.062195    
           1   506.211487    
           1   506.053345    
           1   507.370026    
           1   513.346069    
           1   521.592590    
           1   532.817200    
           1   547.795532    
           1   563.827332    
           1   580.917419    
           1   598.939270    
           1   905.531738    
           1   874.426453    
           1   845.151245    
           1   816.595825    
           1   788.222290    
           1   760.981567    
           1   735.182373    
           1   709.583923    
           1   685.981506    
           1   663.046448    
           1   640.674255    
           1   621.371094    
           1   601.550110    
           1   585.076843    
           1   570.325073    
           1   556.181824    
           1   536.895142    
           1   517.553345    
           1   502.923309    
           1   491.255280    
           1   486.500275    
           1   481.328766    
           1   480.546478    
           1   480.552246    
           1   482.523132    
           1   489.180573    
           1   498.252808    
           1   510.507202    
           1   526.056702    
           1   542.332764    
           1   560.526855    
           1   578.699280    
           1   891.119995    
           1   859.426514    
           1   829.177429    
           1   799.875732    
           1   771.026123    
           1   742.216553    
           1   714.638489    
           1   688.656677    
           1   663.648132    
           1   640.982361    
           1   617.393616    
           1   597.289795    
           1   577.338379    
           1   559.275818    
           1   544.080750    
           1   530.756409    
           1   515.004211    
           1   494.362152    
           1   478.266663    
           1   466.157776    
           1   459.773590    
           1   455.660278    
           1   454.707397    
           1   455.204498    
           1   457.853302    
           1   465.171204    
           1   474.959076    
           1   487.718109    
           1   503.894318    
           1   521.202332    
           1   540.235413    
           1   558.968384    
           1   876.926208    
           1   845.259583    
           1   814.395813    
           1   784.470947    
           1   754.710571    
           1   725.276245    
           1   696.329102    
           1   668.304321    
           1   642.335632    
           1   618.130249    
           1   594.293152    
           1   572.311523    
           1   553.368835    
           1   533.835449    
           1   518.197327    
           1   503.944519    
           1   489.982849    
           1   471.858582    
           1   453.686707    
           1   441.677673    
           1   433.687408    
           1   429.816742    
           1   428.631775    
           1   429.688507    
           1   433.411926    
           1   441.379211    
           1   451.857178    
           1   465.449341    
           1   482.011902    
           1   500.543640    
           1   519.754211    
           1   539.785583    
           1   862.599915    
           1   829.613281    
           1   800.328918    
           1   769.994019    
           1   739.788635    
           1   709.721680    
           1   679.973572    
           1   650.889832    
           1   622.704834    
           1   596.547180    
           1   571.704346    
           1   548.476379    
           1   529.127747    
           1   509.291412    
           1   491.935059    
           1   477.511536    
           1   465.505188    
           1   449.531830    
           1   429.692047    
           1   416.045441    
           1   407.840332    
           1   403.728180    
           1   402.787018    
           1   404.442230    
           1   409.168152    
           1   417.862762    
           1   429.009613    
           1   443.242798    
           1   460.563843    
           1   480.273712    
           1   499.679108    
           1   521.236389    
           1   849.545532    
           1   815.689819    
           1   783.654663    
           1   754.546570    
           1   726.054443    
           1   694.958496    
           1   664.831482    
           1   634.943054    
           1   605.689270    
           1   577.284302    
           1   550.526672    
           1   526.049561    
           1   504.636993    
           1   484.984283    
           1   465.146515    
           1   449.750885    
           1   440.399506    
           1   425.359100    
           1   407.467865    
           1   390.455048    
           1   381.638245    
           1   377.541199    
           1   377.030945    
           1   379.110138    
           1   384.894684    
           1   394.344025    
           1   406.474854    
           1   421.301361    
           1   439.625183    
           1   459.843597    
           1   480.280487    
           1   503.381958    
           1   834.713379    
           1   801.206177    
           1   768.132263    
           1   737.838684    
           1   708.720886    
           1   680.332703    
           1   650.658142    
           1   619.964233    
           1   590.003479    
           1   560.731567    
           1   532.082825    
           1   505.451447    
           1   481.230865    
           1   459.321716    
           1   438.889221    
           1   421.877472    
           1   411.928986    
           1   398.422241    
           1   383.670227    
           1   365.764313    
           1   355.444031    
           1   351.392639    
           1   351.113770    
           1   353.596191    
           1   360.441345    
           1   370.709869    
           1   384.018097    
           1   400.120544    
           1   419.432373    
           1   439.504791    
           1   461.659790    
           1   486.147247    
           1   821.211121    
           1   786.903748    
           1   752.973145    
           1   720.911316    
           1   691.919006    
           1   662.938293    
           1   634.400635    
           1   607.019897    
           1   575.738281    
           1   545.166382    
           1   515.398987    
           1   486.827942    
           1   459.999237    
           1   435.854706    
           1   414.087891    
           1   395.642212    
           1   383.383331    
           1   370.851318    
           1   356.268555    
           1   341.602356    
           1   329.579071    
           1   325.249054    
           1   325.063629    
           1   328.075470    
           1   335.974396    
           1   347.252563    
           1   361.546509    
           1   379.318604    
           1   399.850128    
           1   420.127228    
           1   443.882507    
           1   469.729065    
           1   809.017029    
           1   774.083862    
           1   739.570496    
           1   705.592285    
           1   674.972778    
           1   646.082458    
           1   617.164612    
           1   588.853455    
           1   561.658936    
           1   532.100464    
           1   500.977539    
           1   470.240631    
           1   441.070648    
           1   414.807922    
           1   391.258057    
           1   371.331207    
           1   356.042542    
           1   343.242706    
           1   328.701752    
           1   315.176666    
           1   304.150726    
           1   299.261993    
           1   299.062836    
           1   303.070435    
           1   311.801239    
           1   324.551270    
           1   339.904480    
           1   359.149628    
           1   380.140167    
           1   402.131958    
           1   426.907074    
           1   453.971985    
           1   799.987671    
           1   763.809692    
           1   727.968262    
           1   692.731995    
           1   659.722900    
           1   630.191833    
           1   601.145569    
           1   572.211121    
           1   543.520325    
           1   516.367737    
           1   488.719818    
           1   456.894806    
           1   425.361664    
           1   395.784607    
           1   369.916656    
           1   348.230804    
           1   330.059631    
           1   315.205200    
           1   301.067688    
           1   287.872925    
           1   278.645050    
           1   273.362549    
           1   273.302216    
           1   278.692963    
           1   288.152893    
           1   302.040100    
           1   318.999329    
           1   339.491608    
           1   361.311646    
           1   385.471924    
           1   411.122864    
           1   438.899872    
           1   791.662354    
           1   755.827759    
           1   720.040466    
           1   684.138794    
           1   648.688354    
           1   615.475647    
           1   585.721802    
           1   556.444275    
           1   527.169067    
           1   498.468506    
           1   471.351410    
           1   444.570831    
           1   411.844543    
           1   379.005524    
           1   350.520264    
           1   326.278290    
           1   305.529572    
           1   287.982819    
           1   273.158600    
           1   260.960876    
           1   252.534088    
           1   247.263916    
           1   247.713989    
           1   254.588394    
           1   265.116882    
           1   280.111938    
           1   299.084473    
           1   320.473541    
           1   343.941162    
           1   369.799866    
           1   396.806122    
           1   424.597015    
           1   783.678162    
           1   747.416687    
           1   711.304016    
           1   675.371033    
           1   639.396118    
           1   604.339050    
           1   571.674561    
           1   541.488953    
           1   512.078857    
           1   482.222778    
           1   453.312164    
           1   425.195038    
           1   397.245148    
           1   363.736694    
           1   332.431671    
           1   305.584015    
           1   283.010559    
           1   263.730225    
           1   246.316467    
           1   233.339569    
           1   225.572250    
           1   221.075394    
           1   221.978134    
           1   230.335602    
           1   242.516647    
           1   259.281860    
           1   280.165833    
           1   302.693237    
           1   327.964081    
           1   355.479065    
           1   383.585358    
           1   411.394714    
           1   775.144897    
           1   739.474976    
           1   703.724976    
           1   667.714600    
           1   631.463257    
           1   595.492310    
           1   560.980896    
           1   528.139526    
           1   497.405426    
           1   467.782684    
           1   437.417999    
           1   407.493805    
           1   377.595276    
           1   347.201447    
           1   316.150696    
           1   286.546478    
           1   261.224243    
           1   240.682938    
           1   221.786148    
           1   206.477966    
           1   197.820236    
           1   194.793304    
           1   196.473404    
           1   205.896515    
           1   220.434433    
           1   239.872498    
           1   262.103760    
           1   286.393921    
           1   313.715271    
           1   342.243591    
           1   370.640930    
           1   398.572205    
           1   766.087830    
           1   730.186829    
           1   694.429382    
           1   658.791626    
           1   623.191650    
           1   587.640259    
           1   552.601807    
           1   517.686218    
           1   484.487854    
           1   453.351898    
           1   423.019928    
           1   392.658722    
           1   361.047302    
           1   329.279205    
           1   298.107635    
           1   268.288086    
           1   240.834473    
           1   217.950378    
           1   198.168533    
           1   181.390244    
           1   170.527084    
           1   168.103668    
           1   171.078812    
           1   181.831131    
           1   199.361450    
           1   221.589600    
           1   245.554382    
           1   272.544617    
           1   300.967499    
           1   329.316498    
           1   357.620422    
           1   386.733246    
           1   758.601624    
           1   722.237854    
           1   685.999207    
           1   649.904175    
           1   613.968567    
           1   578.221924    
           1   542.645813    
           1   507.178131    
           1   472.773315    
           1   440.181946    
           1   408.396881    
           1   377.495911    
           1   346.708740    
           1   314.224457    
           1   281.886230    
           1   250.364990    
           1   221.339767    
           1   196.174072    
           1   174.939438    
           1   156.916092    
           1   145.123062    
           1   141.853180    
           1   146.118393    
           1   159.131729    
           1   179.429642    
           1   203.685410    
           1   230.695648    
           1   259.678131    
           1   288.225525    
           1   316.720367    
           1   346.041016    
           1   376.608429    
           1   753.250610    
           1   716.497986    
           1   679.791016    
           1   643.146484    
           1   606.593140    
           1   570.177429    
           1   533.958557    
           1   498.178925    
           1   463.596130    
           1   429.639465    
           1   396.469025    
           1   363.977264    
           1   332.050629    
           1   300.068848    
           1   268.274994    
           1   235.941818    
           1   205.004639    
           1   177.027130    
           1   152.797562    
           1   133.205078    
           1   119.914520    
           1   116.038795    
           1   121.889252    
           1   137.181595    
           1   159.564636    
           1   186.245987    
           1   216.150192    
           1   246.236359    
           1   275.460205    
           1   305.144592    
           1   336.152283    
           1   368.163330    
           1   749.674744    
           1   712.744019    
           1   675.826355    
           1   638.924744    
           1   602.043518    
           1   565.188721    
           1   528.376953    
           1   492.189636    
           1   457.041931    
           1   422.477509    
           1   388.141418    
           1   353.775726    
           1   319.927856    
           1   286.647705    
           1   254.359222    
           1   222.526001    
           1   191.585205    
           1   161.287872    
           1   133.411453    
           1   110.421341    
           1   94.8963470    
           1   90.3743210    
           1   98.3828201    
           1   116.697433    
           1   141.648376    
           1   170.635132    
           1   201.832092    
           1   233.038849    
           1   263.904053    
           1   295.237305    
           1   327.537079    
           1   361.455170    
           1   746.464722    
           1   709.684143    
           1   672.921387    
           1   636.096130    
           1   599.155518    
           1   562.205261    
           1   525.293396    
           1   489.074707    
           1   453.742920    
           1   418.445953    
           1   383.095459    
           1   347.484802    
           1   311.999084    
           1   276.991608    
           1   243.442764    
           1   210.752411    
           1   178.736938    
           1   147.511581    
           1   117.259315    
           1   90.2118378    
           1   70.4879074    
           1   64.8722076    
           1   76.0861130    
           1   98.6947250    
           1   126.812263    
           1   157.578430    
           1   189.906967    
           1   222.804260    
           1   255.265549    
           1   287.909515    
           1   321.581329    
           1   357.666626    
           1   743.371521    
           1   706.376038    
           1   669.391296    
           1   632.420410    
           1   595.467834    
           1   558.540894    
           1   521.758728    
           1   486.130859    
           1   450.867706    
           1   415.450500    
           1   379.491241    
           1   343.187256    
           1   307.078796    
           1   271.573364    
           1   236.886108    
           1   203.094635    
           1   170.030487    
           1   137.170517    
           1   104.548454    
           1   73.3145752    
           1   47.6885834    
           1   39.3157578    
           1   56.3742714    
           1   84.6301041    
           1   115.960274    
           1   148.547470    
           1   181.890274    
           1   215.675278    
           1   249.362228    
           1   282.874786    
           1   318.128571    
           1   354.914886    
           1   742.405273    
           1   705.341003    
           1   668.276794    
           1   631.212708    
           1   594.148804    
           1   557.085022    
           1   520.023743    
           1   483.170258    
           1   447.090485    
           1   411.276459    
           1   375.221375    
           1   339.067749    
           1   303.339264    
           1   268.487183    
           1   233.761185    
           1   199.213913    
           1   165.437668    
           1   131.563553    
           1   97.3032684    
           1   63.0613251    
           1   30.2451992    
           1   14.3767557    
           1   43.2077408    
           1   76.4780502    
           1   109.915321    
           1   143.651062    
           1   177.631073    
           1   211.495590    
           1   245.192276    
           1   279.624084    
           1   316.239075    
           1   353.269257    
           1   743.831970    
           1   706.866638    
           1   669.911133    
           1   632.964478    
           1   596.025269    
           1   559.095337    
           1   522.182190    
           1   485.297058    
           1   448.476074    
           1   411.855042    
           1   375.967590    
           1   340.245270    
           1   304.733795    
           1   270.381622    
           1   236.432602    
           1   201.402573    
           1   166.215225    
           1   131.318054    
           1   96.7524490    
           1   62.6683960    
           1   30.1502056    
           1   14.6374130    
           1   42.9401741    
           1   76.3127289    
           1   110.198181    
           1   143.721909    
           1   177.405426    
           1   211.220779    
           1   245.104233    
           1   280.299500    
           1   316.989502    
           1   353.835541    
           1   746.876587    
           1   710.043457    
           1   673.241943    
           1   636.479675    
           1   599.766846    
           1   563.116699    
           1   526.544434    
           1   490.064941    
           1   453.702911    
           1   417.528168    
           1   381.695343    
           1   346.252136    
           1   311.322266    
           1   277.552704    
           1   244.290527    
           1   208.744446    
           1   171.961197    
           1   136.967239    
           1   103.672104    
           1   72.5102997    
           1   47.2857971    
           1   39.3458519    
           1   56.0698013    
           1   83.9799423    
           1   115.343979    
           1   148.036255    
           1   181.762863    
           1   216.004013    
           1   249.724945    
           1   284.813354    
           1   320.925446    
           1   357.255463    
           1   751.495300    
           1   714.920166    
           1   678.405701    
           1   641.962463    
           1   605.609314    
           1   569.376892    
           1   533.298096    
           1   497.378052    
           1   461.586578    
           1   425.937408    
           1   390.458191    
           1   355.090912    
           1   319.798065    
           1   285.078339    
           1   251.094650    
           1   216.010864    
           1   180.357162    
           1   147.215637    
           1   116.272362    
           1   89.1231689    
           1   70.0764008    
           1   64.9114609    
           1   76.4162445    
           1   98.1965027    
           1   125.409378    
           1   155.598709    
           1   187.343491    
           1   220.588440    
           1   255.152542    
           1   291.506622    
           1   327.086304    
           1   362.507690    
           1   757.729370    
           1   721.476990    
           1   685.331116    
           1   649.300842    
           1   613.378906    
           1   577.554016    
           1   541.844482    
           1   506.266266    
           1   470.352325    
           1   433.647156    
           1   397.159821    
           1   360.897827    
           1   325.332855    
           1   291.099670    
           1   258.046936    
           1   224.945343    
           1   191.904236    
           1   160.956619    
           1   132.907791    
           1   109.635445    
           1   94.6343002    
           1   91.0078812    
           1   100.689369    
           1   117.554695    
           1   140.209030    
           1   166.945786    
           1   196.268341    
           1   227.959152    
           1   261.317932    
           1   296.481476    
           1   332.399536    
           1   368.642822    
           1   765.500916    
           1   729.574585    
           1   693.728943    
           1   657.977417    
           1   621.949158    
           1   585.315186    
           1   548.912659    
           1   512.604370    
           1   476.468353    
           1   440.510651    
           1   404.694336    
           1   368.990753    
           1   333.595154    
           1   299.625488    
           1   267.450470    
           1   236.438507    
           1   205.778229    
           1   177.512299    
           1   152.372498    
           1   132.468048    
           1   120.253685    
           1   118.083191    
           1   126.248581    
           1   140.600418    
           1   158.483154    
           1   182.084610    
           1   208.791687    
           1   238.695862    
           1   271.218567    
           1   304.792908    
           1   339.149445    
           1   374.253510    
